-- The C compiler identification is GNU 12.3.0
-- The CXX compiler identification is GNU 11.4.0
-- Detecting C compiler ABI info
-- Detecting C compiler ABI info - done
-- Check for working C compiler: /usr/bin/cc - skipped
-- Detecting C compile features
-- Detecting C compile features - done
-- Detecting CXX compiler ABI info
-- Detecting CXX compiler ABI info - done
-- Check for working CXX compiler: /usr/bin/c++ - skipped
-- Detecting CXX compile features
-- Detecting CXX compile features - done
-- Found ament_cmake: 1.3.12 (/opt/ros/humble/share/ament_cmake/cmake)
-- Found Python3: /usr/bin/python3 (found version "3.10.12") found components: Interpreter 
-- Found rclcpp: 16.0.15 (/opt/ros/humble/share/rclcpp/cmake)
-- Found rosidl_generator_c: 3.1.7 (/opt/ros/humble/share/rosidl_generator_c/cmake)
-- Found rosidl_adapter: 3.1.7 (/opt/ros/humble/share/rosidl_adapter/cmake)
-- Found rosidl_generator_cpp: 3.1.7 (/opt/ros/humble/share/rosidl_generator_cpp/cmake)
-- Using all available rosidl_typesupport_c: rosidl_typesupport_fastrtps_c;rosidl_typesupport_introspection_c
-- Using all available rosidl_typesupport_cpp: rosidl_typesupport_fastrtps_cpp;rosidl_typesupport_introspection_cpp
-- Found rmw_implementation_cmake: 6.1.2 (/opt/ros/humble/share/rmw_implementation_cmake/cmake)
-- Found rmw_fastrtps_cpp: 6.2.9 (/opt/ros/humble/share/rmw_fastrtps_cpp/cmake)
-- Found OpenSSL: /usr/lib/x86_64-linux-gnu/libcrypto.so (found version "3.0.2")  
-- Found FastRTPS: /opt/ros/humble/include  
-- Using RMW implementation 'rmw_fastrtps_cpp' as default
-- Looking for pthread.h
-- Looking for pthread.h - found
-- Performing Test CMAKE_HAVE_LIBC_PTHREAD
-- Performing Test CMAKE_HAVE_LIBC_PTHREAD - Success
-- Found Threads: TRUE  
-- Found sensor_msgs: 4.9.0 (/opt/ros/humble/share/sensor_msgs/cmake)
-- Found robot_msg: 0.0.1 (/home/zph/task/install/robot_msg/share/robot_msg/cmake)
-- Configuring done
-- Generating done
-- Build files have been written to: /home/zph/task/build/qos_debugger
[ 50%] [32mBuilding CXX object CMakeFiles/qos_debugger_node.dir/src/qos_debugger_node.cpp.o[0m
[100%] [32m[1mLinking CXX executable qos_debugger_node[0m
[100%] Built target qos_debugger_node
-- Install configuration: ""
-- Installing: /home/zph/task/install/qos_debugger/lib/qos_debugger/qos_debugger_node
-- Set runtime path of "/home/zph/task/install/qos_debugger/lib/qos_debugger/qos_debugger_node" to ""
-- Installing: /home/zph/task/install/qos_debugger/share/qos_debugger/launch
-- Installing: /home/zph/task/install/qos_debugger/share/qos_debugger/launch/qos_debugger.launch.pyZone.Identifier
-- Installing: /home/zph/task/install/qos_debugger/share/qos_debugger/launch/qos_debugger.launch.py
-- Installing: /home/zph/task/install/qos_debugger/share/ament_index/resource_index/package_run_dependencies/qos_debugger
-- Installing: /home/zph/task/install/qos_debugger/share/ament_index/resource_index/parent_prefix_path/qos_debugger
-- Installing: /home/zph/task/install/qos_debugger/share/qos_debugger/environment/ament_prefix_path.sh
-- Installing: /home/zph/task/install/qos_debugger/share/qos_debugger/environment/ament_prefix_path.dsv
-- Installing: /home/zph/task/install/qos_debugger/share/qos_debugger/environment/path.sh
-- Installing: /home/zph/task/install/qos_debugger/share/qos_debugger/environment/path.dsv
-- Installing: /home/zph/task/install/qos_debugger/share/qos_debugger/local_setup.bash
-- Installing: /home/zph/task/install/qos_debugger/share/qos_debugger/local_setup.sh
-- Installing: /home/zph/task/install/qos_debugger/share/qos_debugger/local_setup.zsh
-- Installing: /home/zph/task/install/qos_debugger/share/qos_debugger/local_setup.dsv
-- Installing: /home/zph/task/install/qos_debugger/share/qos_debugger/package.dsv
-- Installing: /home/zph/task/install/qos_debugger/share/ament_index/resource_index/packages/qos_debugger
-- Installing: /home/zph/task/install/qos_debugger/share/qos_debugger/cmake/qos_debuggerConfig.cmake
-- Installing: /home/zph/task/install/qos_debugger/share/qos_debugger/cmake/qos_debuggerConfig-version.cmake
-- Installing: /home/zph/task/install/qos_debugger/share/qos_debugger/package.xml
