[0.009s] Invoking command in '/home/zph/task/build/qos_debugger': AMENT_PREFIX_PATH=/home/zph/task/install/robot_msg:${AMENT_PREFIX_PATH} CMAKE_PREFIX_PATH=/home/zph/task/install/robot_msg:/opt/ros/humble LD_LIBRARY_PATH=/home/zph/task/install/robot_msg/lib:/usr/local/cuda/lib64:/usr/local/cuda/lib64:/usr/lib/x86_64-linux-gnu/gazebo-11/plugins:/opt/ros/humble/opt/rviz_ogre_vendor/lib:/opt/ros/humble/lib/x86_64-linux-gnu:/opt/ros/humble/lib:/opt/MVS/lib/64:/opt/MVS/lib/32:/opt/MVS/lib/64:/opt/MVS/lib/32 PYTHONPATH=/home/zph/task/install/robot_msg/local/lib/python3.10/dist-packages:${PYTHONPATH} /usr/bin/cmake /home/zph/task/vision/dist/src/qos_debugger -DCMAKE_INSTALL_PREFIX=/home/zph/task/install/qos_debugger
[0.055s] -- The C compiler identification is GNU 12.3.0
[0.091s] -- The CXX compiler identification is GNU 11.4.0
[0.096s] -- Detecting C compiler ABI info
[0.149s] -- Detecting C compiler ABI info - done
[0.154s] -- Check for working C compiler: /usr/bin/cc - skipped
[0.154s] -- Detecting C compile features
[0.154s] -- Detecting C compile features - done
[0.156s] -- Detecting CXX compiler ABI info
[0.219s] -- Detecting CXX compiler ABI info - done
[0.226s] -- Check for working CXX compiler: /usr/bin/c++ - skipped
[0.226s] -- Detecting CXX compile features
[0.226s] -- Detecting CXX compile features - done
[0.228s] -- Found ament_cmake: 1.3.12 (/opt/ros/humble/share/ament_cmake/cmake)
[0.337s] -- Found Python3: /usr/bin/python3 (found version "3.10.12") found components: Interpreter 
[0.405s] -- Found rclcpp: 16.0.15 (/opt/ros/humble/share/rclcpp/cmake)
[0.436s] -- Found rosidl_generator_c: 3.1.7 (/opt/ros/humble/share/rosidl_generator_c/cmake)
[0.440s] -- Found rosidl_adapter: 3.1.7 (/opt/ros/humble/share/rosidl_adapter/cmake)
[0.447s] -- Found rosidl_generator_cpp: 3.1.7 (/opt/ros/humble/share/rosidl_generator_cpp/cmake)
[0.456s] -- Using all available rosidl_typesupport_c: rosidl_typesupport_fastrtps_c;rosidl_typesupport_introspection_c
[0.468s] -- Using all available rosidl_typesupport_cpp: rosidl_typesupport_fastrtps_cpp;rosidl_typesupport_introspection_cpp
[0.498s] -- Found rmw_implementation_cmake: 6.1.2 (/opt/ros/humble/share/rmw_implementation_cmake/cmake)
[0.500s] -- Found rmw_fastrtps_cpp: 6.2.9 (/opt/ros/humble/share/rmw_fastrtps_cpp/cmake)
[0.567s] -- Found OpenSSL: /usr/lib/x86_64-linux-gnu/libcrypto.so (found version "3.0.2")  
[0.601s] -- Found FastRTPS: /opt/ros/humble/include  
[0.641s] -- Using RMW implementation 'rmw_fastrtps_cpp' as default
[0.653s] -- Looking for pthread.h
[0.717s] -- Looking for pthread.h - found
[0.717s] -- Performing Test CMAKE_HAVE_LIBC_PTHREAD
[0.782s] -- Performing Test CMAKE_HAVE_LIBC_PTHREAD - Success
[0.783s] -- Found Threads: TRUE  
[0.835s] -- Found sensor_msgs: 4.9.0 (/opt/ros/humble/share/sensor_msgs/cmake)
[0.860s] -- Found robot_msg: 0.0.1 (/home/zph/task/install/robot_msg/share/robot_msg/cmake)
[0.925s] -- Configuring done
[0.936s] -- Generating done
[0.941s] -- Build files have been written to: /home/zph/task/build/qos_debugger
[0.951s] Invoked command in '/home/zph/task/build/qos_debugger' returned '0': AMENT_PREFIX_PATH=/home/zph/task/install/robot_msg:${AMENT_PREFIX_PATH} CMAKE_PREFIX_PATH=/home/zph/task/install/robot_msg:/opt/ros/humble LD_LIBRARY_PATH=/home/zph/task/install/robot_msg/lib:/usr/local/cuda/lib64:/usr/local/cuda/lib64:/usr/lib/x86_64-linux-gnu/gazebo-11/plugins:/opt/ros/humble/opt/rviz_ogre_vendor/lib:/opt/ros/humble/lib/x86_64-linux-gnu:/opt/ros/humble/lib:/opt/MVS/lib/64:/opt/MVS/lib/32:/opt/MVS/lib/64:/opt/MVS/lib/32 PYTHONPATH=/home/zph/task/install/robot_msg/local/lib/python3.10/dist-packages:${PYTHONPATH} /usr/bin/cmake /home/zph/task/vision/dist/src/qos_debugger -DCMAKE_INSTALL_PREFIX=/home/zph/task/install/qos_debugger
[0.953s] Invoking command in '/home/zph/task/build/qos_debugger': AMENT_PREFIX_PATH=/home/zph/task/install/robot_msg:${AMENT_PREFIX_PATH} CMAKE_PREFIX_PATH=/home/zph/task/install/robot_msg:/opt/ros/humble LD_LIBRARY_PATH=/home/zph/task/install/robot_msg/lib:/usr/local/cuda/lib64:/usr/local/cuda/lib64:/usr/lib/x86_64-linux-gnu/gazebo-11/plugins:/opt/ros/humble/opt/rviz_ogre_vendor/lib:/opt/ros/humble/lib/x86_64-linux-gnu:/opt/ros/humble/lib:/opt/MVS/lib/64:/opt/MVS/lib/32:/opt/MVS/lib/64:/opt/MVS/lib/32 PYTHONPATH=/home/zph/task/install/robot_msg/local/lib/python3.10/dist-packages:${PYTHONPATH} /usr/bin/cmake --build /home/zph/task/build/qos_debugger -- -j20 -l20
[1.005s] [ 50%] [32mBuilding CXX object CMakeFiles/qos_debugger_node.dir/src/qos_debugger_node.cpp.o[0m
[7.560s] [100%] [32m[1mLinking CXX executable qos_debugger_node[0m
[7.835s] [100%] Built target qos_debugger_node
[7.843s] Invoked command in '/home/zph/task/build/qos_debugger' returned '0': AMENT_PREFIX_PATH=/home/zph/task/install/robot_msg:${AMENT_PREFIX_PATH} CMAKE_PREFIX_PATH=/home/zph/task/install/robot_msg:/opt/ros/humble LD_LIBRARY_PATH=/home/zph/task/install/robot_msg/lib:/usr/local/cuda/lib64:/usr/local/cuda/lib64:/usr/lib/x86_64-linux-gnu/gazebo-11/plugins:/opt/ros/humble/opt/rviz_ogre_vendor/lib:/opt/ros/humble/lib/x86_64-linux-gnu:/opt/ros/humble/lib:/opt/MVS/lib/64:/opt/MVS/lib/32:/opt/MVS/lib/64:/opt/MVS/lib/32 PYTHONPATH=/home/zph/task/install/robot_msg/local/lib/python3.10/dist-packages:${PYTHONPATH} /usr/bin/cmake --build /home/zph/task/build/qos_debugger -- -j20 -l20
[7.845s] Invoking command in '/home/zph/task/build/qos_debugger': AMENT_PREFIX_PATH=/home/zph/task/install/robot_msg:${AMENT_PREFIX_PATH} CMAKE_PREFIX_PATH=/home/zph/task/install/robot_msg:/opt/ros/humble LD_LIBRARY_PATH=/home/zph/task/install/robot_msg/lib:/usr/local/cuda/lib64:/usr/local/cuda/lib64:/usr/lib/x86_64-linux-gnu/gazebo-11/plugins:/opt/ros/humble/opt/rviz_ogre_vendor/lib:/opt/ros/humble/lib/x86_64-linux-gnu:/opt/ros/humble/lib:/opt/MVS/lib/64:/opt/MVS/lib/32:/opt/MVS/lib/64:/opt/MVS/lib/32 PYTHONPATH=/home/zph/task/install/robot_msg/local/lib/python3.10/dist-packages:${PYTHONPATH} /usr/bin/cmake --install /home/zph/task/build/qos_debugger
[7.850s] -- Install configuration: ""
[7.850s] -- Installing: /home/zph/task/install/qos_debugger/lib/qos_debugger/qos_debugger_node
[7.852s] -- Set runtime path of "/home/zph/task/install/qos_debugger/lib/qos_debugger/qos_debugger_node" to ""
[7.852s] -- Installing: /home/zph/task/install/qos_debugger/share/qos_debugger/launch
[7.852s] -- Installing: /home/zph/task/install/qos_debugger/share/qos_debugger/launch/qos_debugger.launch.pyZone.Identifier
[7.852s] -- Installing: /home/zph/task/install/qos_debugger/share/qos_debugger/launch/qos_debugger.launch.py
[7.852s] -- Installing: /home/zph/task/install/qos_debugger/share/ament_index/resource_index/package_run_dependencies/qos_debugger
[7.852s] -- Installing: /home/zph/task/install/qos_debugger/share/ament_index/resource_index/parent_prefix_path/qos_debugger
[7.852s] -- Installing: /home/zph/task/install/qos_debugger/share/qos_debugger/environment/ament_prefix_path.sh
[7.852s] -- Installing: /home/zph/task/install/qos_debugger/share/qos_debugger/environment/ament_prefix_path.dsv
[7.853s] -- Installing: /home/zph/task/install/qos_debugger/share/qos_debugger/environment/path.sh
[7.853s] -- Installing: /home/zph/task/install/qos_debugger/share/qos_debugger/environment/path.dsv
[7.853s] -- Installing: /home/zph/task/install/qos_debugger/share/qos_debugger/local_setup.bash
[7.853s] -- Installing: /home/zph/task/install/qos_debugger/share/qos_debugger/local_setup.sh
[7.853s] -- Installing: /home/zph/task/install/qos_debugger/share/qos_debugger/local_setup.zsh
[7.853s] -- Installing: /home/zph/task/install/qos_debugger/share/qos_debugger/local_setup.dsv
[7.853s] -- Installing: /home/zph/task/install/qos_debugger/share/qos_debugger/package.dsv
[7.853s] -- Installing: /home/zph/task/install/qos_debugger/share/ament_index/resource_index/packages/qos_debugger
[7.853s] -- Installing: /home/zph/task/install/qos_debugger/share/qos_debugger/cmake/qos_debuggerConfig.cmake
[7.853s] -- Installing: /home/zph/task/install/qos_debugger/share/qos_debugger/cmake/qos_debuggerConfig-version.cmake
[7.854s] -- Installing: /home/zph/task/install/qos_debugger/share/qos_debugger/package.xml
[7.855s] Invoked command in '/home/zph/task/build/qos_debugger' returned '0': AMENT_PREFIX_PATH=/home/zph/task/install/robot_msg:${AMENT_PREFIX_PATH} CMAKE_PREFIX_PATH=/home/zph/task/install/robot_msg:/opt/ros/humble LD_LIBRARY_PATH=/home/zph/task/install/robot_msg/lib:/usr/local/cuda/lib64:/usr/local/cuda/lib64:/usr/lib/x86_64-linux-gnu/gazebo-11/plugins:/opt/ros/humble/opt/rviz_ogre_vendor/lib:/opt/ros/humble/lib/x86_64-linux-gnu:/opt/ros/humble/lib:/opt/MVS/lib/64:/opt/MVS/lib/32:/opt/MVS/lib/64:/opt/MVS/lib/32 PYTHONPATH=/home/zph/task/install/robot_msg/local/lib/python3.10/dist-packages:${PYTHONPATH} /usr/bin/cmake --install /home/zph/task/build/qos_debugger
