[35m[1mConsolidate compiler generated dependencies of target solver_node[0m
[100%] Built target solver_node
-- Install configuration: ""
-- Up-to-date: /home/zph/task/install/ballistic_solver/lib/ballistic_solver/solver_node
-- Up-to-date: /home/zph/task/install/ballistic_solver/include
-- Up-to-date: /home/zph/task/install/ballistic_solver/include/ballistic_solver
-- Up-to-date: /home/zph/task/install/ballistic_solver/include/ballistic_solver/ballistic_solver.hpp
-- Up-to-date: /home/zph/task/install/ballistic_solver/include/ballistic_solver/ballistic_solver.hppZone.Identifier
-- Up-to-date: /home/zph/task/install/ballistic_solver/share/ament_index/resource_index/package_run_dependencies/ballistic_solver
-- Up-to-date: /home/zph/task/install/ballistic_solver/share/ament_index/resource_index/parent_prefix_path/ballistic_solver
-- Up-to-date: /home/zph/task/install/ballistic_solver/share/ballistic_solver/environment/ament_prefix_path.sh
-- Up-to-date: /home/zph/task/install/ballistic_solver/share/ballistic_solver/environment/ament_prefix_path.dsv
-- Up-to-date: /home/zph/task/install/ballistic_solver/share/ballistic_solver/environment/path.sh
-- Up-to-date: /home/zph/task/install/ballistic_solver/share/ballistic_solver/environment/path.dsv
-- Up-to-date: /home/zph/task/install/ballistic_solver/share/ballistic_solver/local_setup.bash
-- Up-to-date: /home/zph/task/install/ballistic_solver/share/ballistic_solver/local_setup.sh
-- Up-to-date: /home/zph/task/install/ballistic_solver/share/ballistic_solver/local_setup.zsh
-- Up-to-date: /home/zph/task/install/ballistic_solver/share/ballistic_solver/local_setup.dsv
-- Installing: /home/zph/task/install/ballistic_solver/share/ballistic_solver/package.dsv
-- Up-to-date: /home/zph/task/install/ballistic_solver/share/ament_index/resource_index/packages/ballistic_solver
-- Up-to-date: /home/zph/task/install/ballistic_solver/share/ballistic_solver/cmake/ballistic_solverConfig.cmake
-- Up-to-date: /home/zph/task/install/ballistic_solver/share/ballistic_solver/cmake/ballistic_solverConfig-version.cmake
-- Up-to-date: /home/zph/task/install/ballistic_solver/share/ballistic_solver/package.xml
