[0.043s] Invoking command in '/home/zph/task/build/qos_debugger': CMAKE_PREFIX_PATH=/home/zph/task/install/robot_msg:/home/zph/task/install/small_gicp_relocalization:/home/zph/task/install/qos_debugger:/home/zph/task/install/ballistic_solver:/home/zph/task/install/fast_lio:/home/zph/task/install/livox_ros_driver2:/opt/ros/humble LD_LIBRARY_PATH=/home/zph/task/install/robot_msg/lib:/home/zph/task/install/fast_lio/lib:/home/zph/task/install/livox_ros_driver2/lib:/usr/local/cuda/lib64:/usr/local/cuda/lib64:/usr/lib/x86_64-linux-gnu/gazebo-11/plugins:/opt/ros/humble/opt/rviz_ogre_vendor/lib:/opt/ros/humble/lib/x86_64-linux-gnu:/opt/ros/humble/lib:/opt/MVS/lib/64:/opt/MVS/lib/32:/opt/MVS/lib/64:/opt/MVS/lib/32 /usr/bin/cmake --build /home/zph/task/build/qos_debugger -- -j20 -l20
[0.092s] [100%] Built target qos_debugger_node
[0.126s] Invoked command in '/home/zph/task/build/qos_debugger' returned '0': CMAKE_PREFIX_PATH=/home/zph/task/install/robot_msg:/home/zph/task/install/small_gicp_relocalization:/home/zph/task/install/qos_debugger:/home/zph/task/install/ballistic_solver:/home/zph/task/install/fast_lio:/home/zph/task/install/livox_ros_driver2:/opt/ros/humble LD_LIBRARY_PATH=/home/zph/task/install/robot_msg/lib:/home/zph/task/install/fast_lio/lib:/home/zph/task/install/livox_ros_driver2/lib:/usr/local/cuda/lib64:/usr/local/cuda/lib64:/usr/lib/x86_64-linux-gnu/gazebo-11/plugins:/opt/ros/humble/opt/rviz_ogre_vendor/lib:/opt/ros/humble/lib/x86_64-linux-gnu:/opt/ros/humble/lib:/opt/MVS/lib/64:/opt/MVS/lib/32:/opt/MVS/lib/64:/opt/MVS/lib/32 /usr/bin/cmake --build /home/zph/task/build/qos_debugger -- -j20 -l20
[0.128s] Invoking command in '/home/zph/task/build/qos_debugger': CMAKE_PREFIX_PATH=/home/zph/task/install/robot_msg:/home/zph/task/install/small_gicp_relocalization:/home/zph/task/install/qos_debugger:/home/zph/task/install/ballistic_solver:/home/zph/task/install/fast_lio:/home/zph/task/install/livox_ros_driver2:/opt/ros/humble LD_LIBRARY_PATH=/home/zph/task/install/robot_msg/lib:/home/zph/task/install/fast_lio/lib:/home/zph/task/install/livox_ros_driver2/lib:/usr/local/cuda/lib64:/usr/local/cuda/lib64:/usr/lib/x86_64-linux-gnu/gazebo-11/plugins:/opt/ros/humble/opt/rviz_ogre_vendor/lib:/opt/ros/humble/lib/x86_64-linux-gnu:/opt/ros/humble/lib:/opt/MVS/lib/64:/opt/MVS/lib/32:/opt/MVS/lib/64:/opt/MVS/lib/32 /usr/bin/cmake --install /home/zph/task/build/qos_debugger
[0.137s] -- Install configuration: ""
[0.137s] -- Up-to-date: /home/zph/task/install/qos_debugger/lib/qos_debugger/qos_debugger_node
[0.137s] -- Up-to-date: /home/zph/task/install/qos_debugger/share/qos_debugger/launch
[0.137s] -- Up-to-date: /home/zph/task/install/qos_debugger/share/qos_debugger/launch/qos_debugger.launch.pyZone.Identifier
[0.137s] -- Up-to-date: /home/zph/task/install/qos_debugger/share/qos_debugger/launch/qos_debugger.launch.py
[0.138s] -- Up-to-date: /home/zph/task/install/qos_debugger/share/ament_index/resource_index/package_run_dependencies/qos_debugger
[0.138s] -- Up-to-date: /home/zph/task/install/qos_debugger/share/ament_index/resource_index/parent_prefix_path/qos_debugger
[0.138s] -- Up-to-date: /home/zph/task/install/qos_debugger/share/qos_debugger/environment/ament_prefix_path.sh
[0.138s] -- Up-to-date: /home/zph/task/install/qos_debugger/share/qos_debugger/environment/ament_prefix_path.dsv
[0.138s] -- Up-to-date: /home/zph/task/install/qos_debugger/share/qos_debugger/environment/path.sh
[0.138s] -- Up-to-date: /home/zph/task/install/qos_debugger/share/qos_debugger/environment/path.dsv
[0.138s] -- Up-to-date: /home/zph/task/install/qos_debugger/share/qos_debugger/local_setup.bash
[0.138s] -- Up-to-date: /home/zph/task/install/qos_debugger/share/qos_debugger/local_setup.sh
[0.138s] -- Up-to-date: /home/zph/task/install/qos_debugger/share/qos_debugger/local_setup.zsh
[0.138s] -- Up-to-date: /home/zph/task/install/qos_debugger/share/qos_debugger/local_setup.dsv
[0.138s] -- Installing: /home/zph/task/install/qos_debugger/share/qos_debugger/package.dsv
[0.138s] -- Up-to-date: /home/zph/task/install/qos_debugger/share/ament_index/resource_index/packages/qos_debugger
[0.139s] -- Up-to-date: /home/zph/task/install/qos_debugger/share/qos_debugger/cmake/qos_debuggerConfig.cmake
[0.139s] -- Up-to-date: /home/zph/task/install/qos_debugger/share/qos_debugger/cmake/qos_debuggerConfig-version.cmake
[0.139s] -- Up-to-date: /home/zph/task/install/qos_debugger/share/qos_debugger/package.xml
[0.140s] Invoked command in '/home/zph/task/build/qos_debugger' returned '0': CMAKE_PREFIX_PATH=/home/zph/task/install/robot_msg:/home/zph/task/install/small_gicp_relocalization:/home/zph/task/install/qos_debugger:/home/zph/task/install/ballistic_solver:/home/zph/task/install/fast_lio:/home/zph/task/install/livox_ros_driver2:/opt/ros/humble LD_LIBRARY_PATH=/home/zph/task/install/robot_msg/lib:/home/zph/task/install/fast_lio/lib:/home/zph/task/install/livox_ros_driver2/lib:/usr/local/cuda/lib64:/usr/local/cuda/lib64:/usr/lib/x86_64-linux-gnu/gazebo-11/plugins:/opt/ros/humble/opt/rviz_ogre_vendor/lib:/opt/ros/humble/lib/x86_64-linux-gnu:/opt/ros/humble/lib:/opt/MVS/lib/64:/opt/MVS/lib/32:/opt/MVS/lib/64:/opt/MVS/lib/32 /usr/bin/cmake --install /home/zph/task/build/qos_debugger
