[0.032s] Invoking command in '/home/zph/task/build/qos_debugger': AMENT_PREFIX_PATH=/home/zph/task/install/robot_msg:${AMENT_PREFIX_PATH} CMAKE_PREFIX_PATH=/home/zph/task/install/robot_msg:/opt/ros/humble LD_LIBRARY_PATH=/home/zph/task/install/robot_msg/lib:/usr/local/cuda/lib64:/usr/local/cuda/lib64:/usr/lib/x86_64-linux-gnu/gazebo-11/plugins:/opt/ros/humble/opt/rviz_ogre_vendor/lib:/opt/ros/humble/lib/x86_64-linux-gnu:/opt/ros/humble/lib:/opt/MVS/lib/64:/opt/MVS/lib/32:/opt/MVS/lib/64:/opt/MVS/lib/32 PYTHONPATH=/home/zph/task/install/robot_msg/local/lib/python3.10/dist-packages:${PYTHONPATH} /usr/bin/cmake --build /home/zph/task/build/qos_debugger -- -j20 -l20
[0.076s] [100%] Built target qos_debugger_node
[0.086s] Invoked command in '/home/zph/task/build/qos_debugger' returned '0': AMENT_PREFIX_PATH=/home/zph/task/install/robot_msg:${AMENT_PREFIX_PATH} CMAKE_PREFIX_PATH=/home/zph/task/install/robot_msg:/opt/ros/humble LD_LIBRARY_PATH=/home/zph/task/install/robot_msg/lib:/usr/local/cuda/lib64:/usr/local/cuda/lib64:/usr/lib/x86_64-linux-gnu/gazebo-11/plugins:/opt/ros/humble/opt/rviz_ogre_vendor/lib:/opt/ros/humble/lib/x86_64-linux-gnu:/opt/ros/humble/lib:/opt/MVS/lib/64:/opt/MVS/lib/32:/opt/MVS/lib/64:/opt/MVS/lib/32 PYTHONPATH=/home/zph/task/install/robot_msg/local/lib/python3.10/dist-packages:${PYTHONPATH} /usr/bin/cmake --build /home/zph/task/build/qos_debugger -- -j20 -l20
[0.088s] Invoking command in '/home/zph/task/build/qos_debugger': AMENT_PREFIX_PATH=/home/zph/task/install/robot_msg:${AMENT_PREFIX_PATH} CMAKE_PREFIX_PATH=/home/zph/task/install/robot_msg:/opt/ros/humble LD_LIBRARY_PATH=/home/zph/task/install/robot_msg/lib:/usr/local/cuda/lib64:/usr/local/cuda/lib64:/usr/lib/x86_64-linux-gnu/gazebo-11/plugins:/opt/ros/humble/opt/rviz_ogre_vendor/lib:/opt/ros/humble/lib/x86_64-linux-gnu:/opt/ros/humble/lib:/opt/MVS/lib/64:/opt/MVS/lib/32:/opt/MVS/lib/64:/opt/MVS/lib/32 PYTHONPATH=/home/zph/task/install/robot_msg/local/lib/python3.10/dist-packages:${PYTHONPATH} /usr/bin/cmake --install /home/zph/task/build/qos_debugger
[0.095s] -- Install configuration: ""
[0.096s] -- Up-to-date: /home/zph/task/install/qos_debugger/lib/qos_debugger/qos_debugger_node
[0.096s] -- Up-to-date: /home/zph/task/install/qos_debugger/share/qos_debugger/launch
[0.096s] -- Up-to-date: /home/zph/task/install/qos_debugger/share/qos_debugger/launch/qos_debugger.launch.pyZone.Identifier
[0.096s] -- Up-to-date: /home/zph/task/install/qos_debugger/share/qos_debugger/launch/qos_debugger.launch.py
[0.096s] -- Up-to-date: /home/zph/task/install/qos_debugger/share/ament_index/resource_index/package_run_dependencies/qos_debugger
[0.096s] -- Up-to-date: /home/zph/task/install/qos_debugger/share/ament_index/resource_index/parent_prefix_path/qos_debugger
[0.096s] -- Up-to-date: /home/zph/task/install/qos_debugger/share/qos_debugger/environment/ament_prefix_path.sh
[0.096s] -- Up-to-date: /home/zph/task/install/qos_debugger/share/qos_debugger/environment/ament_prefix_path.dsv
[0.096s] -- Up-to-date: /home/zph/task/install/qos_debugger/share/qos_debugger/environment/path.sh
[0.096s] -- Up-to-date: /home/zph/task/install/qos_debugger/share/qos_debugger/environment/path.dsv
[0.096s] -- Up-to-date: /home/zph/task/install/qos_debugger/share/qos_debugger/local_setup.bash
[0.096s] -- Up-to-date: /home/zph/task/install/qos_debugger/share/qos_debugger/local_setup.sh
[0.096s] -- Up-to-date: /home/zph/task/install/qos_debugger/share/qos_debugger/local_setup.zsh
[0.097s] -- Up-to-date: /home/zph/task/install/qos_debugger/share/qos_debugger/local_setup.dsv
[0.097s] -- Installing: /home/zph/task/install/qos_debugger/share/qos_debugger/package.dsv
[0.097s] -- Up-to-date: /home/zph/task/install/qos_debugger/share/ament_index/resource_index/packages/qos_debugger
[0.097s] -- Up-to-date: /home/zph/task/install/qos_debugger/share/qos_debugger/cmake/qos_debuggerConfig.cmake
[0.097s] -- Up-to-date: /home/zph/task/install/qos_debugger/share/qos_debugger/cmake/qos_debuggerConfig-version.cmake
[0.097s] -- Up-to-date: /home/zph/task/install/qos_debugger/share/qos_debugger/package.xml
[0.099s] Invoked command in '/home/zph/task/build/qos_debugger' returned '0': AMENT_PREFIX_PATH=/home/zph/task/install/robot_msg:${AMENT_PREFIX_PATH} CMAKE_PREFIX_PATH=/home/zph/task/install/robot_msg:/opt/ros/humble LD_LIBRARY_PATH=/home/zph/task/install/robot_msg/lib:/usr/local/cuda/lib64:/usr/local/cuda/lib64:/usr/lib/x86_64-linux-gnu/gazebo-11/plugins:/opt/ros/humble/opt/rviz_ogre_vendor/lib:/opt/ros/humble/lib/x86_64-linux-gnu:/opt/ros/humble/lib:/opt/MVS/lib/64:/opt/MVS/lib/32:/opt/MVS/lib/64:/opt/MVS/lib/32 PYTHONPATH=/home/zph/task/install/robot_msg/local/lib/python3.10/dist-packages:${PYTHONPATH} /usr/bin/cmake --install /home/zph/task/build/qos_debugger
