[0.011s] Invoking command in '/home/zph/task/build/robot_msg': CMAKE_PREFIX_PATH=/opt/ros/humble /usr/bin/cmake /home/zph/task/vision/dist/src/robot_msg -DCMAKE_INSTALL_PREFIX=/home/zph/task/install/robot_msg
[0.113s] -- The C compiler identification is GNU 12.3.0
[0.185s] -- The CXX compiler identification is GNU 11.4.0
[0.192s] -- Detecting C compiler ABI info
[0.261s] -- Detecting C compiler ABI info - done
[0.266s] -- Check for working C compiler: /usr/bin/cc - skipped
[0.266s] -- Detecting C compile features
[0.266s] -- Detecting C compile features - done
[0.268s] -- Detecting CXX compiler ABI info
[0.329s] -- Detecting CXX compiler ABI info - done
[0.334s] -- Check for working CXX compiler: /usr/bin/c++ - skipped
[0.334s] -- Detecting CXX compile features
[0.334s] -- Detecting CXX compile features - done
[0.339s] -- Found ament_cmake: 1.3.12 (/opt/ros/humble/share/ament_cmake/cmake)
[0.452s] -- Found Python3: /usr/bin/python3 (found version "3.10.12") found components: Interpreter 
[0.529s] -- Found std_msgs: 4.9.0 (/opt/ros/humble/share/std_msgs/cmake)
[0.566s] -- Found rosidl_generator_c: 3.1.7 (/opt/ros/humble/share/rosidl_generator_c/cmake)
[0.572s] -- Found rosidl_adapter: 3.1.7 (/opt/ros/humble/share/rosidl_adapter/cmake)
[0.579s] -- Found rosidl_generator_cpp: 3.1.7 (/opt/ros/humble/share/rosidl_generator_cpp/cmake)
[0.590s] -- Using all available rosidl_typesupport_c: rosidl_typesupport_fastrtps_c;rosidl_typesupport_introspection_c
[0.611s] -- Using all available rosidl_typesupport_cpp: rosidl_typesupport_fastrtps_cpp;rosidl_typesupport_introspection_cpp
[0.638s] -- Found rosidl_default_generators: 1.2.0 (/opt/ros/humble/share/rosidl_default_generators/cmake)
[0.873s] -- Found ament_cmake_ros: 0.10.0 (/opt/ros/humble/share/ament_cmake_ros/cmake)
[1.138s] -- Using all available rosidl_typesupport_c: rosidl_typesupport_fastrtps_c;rosidl_typesupport_introspection_c
[1.231s] -- Using all available rosidl_typesupport_cpp: rosidl_typesupport_fastrtps_cpp;rosidl_typesupport_introspection_cpp
[1.250s] -- Found PythonInterp: /usr/bin/python3 (found suitable version "3.10.12", minimum required is "3.6") 
[1.253s] -- Found python_cmake_module: 0.10.0 (/opt/ros/humble/share/python_cmake_module/cmake)
[1.272s] -- Found PythonLibs: /usr/lib/x86_64-linux-gnu/libpython3.10.so (found suitable version "3.10.12", minimum required is "3.5") 
[1.272s] -- Using PYTHON_EXECUTABLE: /usr/bin/python3
[1.272s] -- Using PYTHON_INCLUDE_DIRS: /usr/include/python3.10
[1.272s] -- Using PYTHON_LIBRARIES: /usr/lib/x86_64-linux-gnu/libpython3.10.so
[1.289s] -- Found PythonExtra: .so  
[1.324s] -- Configuring done
[1.344s] -- Generating done
[1.350s] -- Build files have been written to: /home/zph/task/build/robot_msg
[1.355s] Invoked command in '/home/zph/task/build/robot_msg' returned '0': CMAKE_PREFIX_PATH=/opt/ros/humble /usr/bin/cmake /home/zph/task/vision/dist/src/robot_msg -DCMAKE_INSTALL_PREFIX=/home/zph/task/install/robot_msg
[1.356s] Invoking command in '/home/zph/task/build/robot_msg': CMAKE_PREFIX_PATH=/opt/ros/humble /usr/bin/cmake --build /home/zph/task/build/robot_msg -- -j20 -l20
[1.388s] [  2%] [34m[1mGenerating C code for ROS interfaces[0m
[1.393s] [  5%] [34m[1mGenerating C++ code for ROS interfaces[0m
[1.404s] [  5%] Built target ament_cmake_python_copy_robot_msg
[1.572s] running egg_info
[1.572s] creating robot_msg.egg-info
[1.572s] writing robot_msg.egg-info/PKG-INFO
[1.572s] writing dependency_links to robot_msg.egg-info/dependency_links.txt
[1.573s] writing top-level names to robot_msg.egg-info/top_level.txt
[1.573s] writing manifest file 'robot_msg.egg-info/SOURCES.txt'
[1.575s] reading manifest file 'robot_msg.egg-info/SOURCES.txt'
[1.575s] writing manifest file 'robot_msg.egg-info/SOURCES.txt'
[1.600s] [  7%] [32mBuilding C object CMakeFiles/robot_msg__rosidl_generator_c.dir/rosidl_generator_c/robot_msg/msg/detail/log_msg__functions.c.o[0m
[1.601s] [ 10%] [32mBuilding C object CMakeFiles/robot_msg__rosidl_generator_c.dir/rosidl_generator_c/robot_msg/msg/detail/gimbal_control_msg__functions.c.o[0m
[1.606s] [ 10%] Built target ament_cmake_python_build_robot_msg_egg
[1.611s] [ 10%] Built target robot_msg__cpp
[1.622s] [ 12%] [34m[1mGenerating C++ type support dispatch for ROS interfaces[0m
[1.623s] [ 15%] [34m[1mGenerating C++ type support for eProsima Fast-RTPS[0m
[1.624s] [ 17%] [34m[1mGenerating C++ introspection for ROS interfaces[0m
[1.661s] [ 20%] [32m[1mLinking C shared library librobot_msg__rosidl_generator_c.so[0m
[1.693s] [ 20%] Built target robot_msg__rosidl_generator_c
[1.701s] [ 23%] [34m[1mGenerating C type support for eProsima Fast-RTPS[0m
[1.704s] [ 28%] [34m[1mGenerating C introspection for ROS interfaces[0m
[1.704s] [ 28%] [34m[1mGenerating C type support dispatch for ROS interfaces[0m
[1.834s] [ 30%] [32mBuilding CXX object CMakeFiles/robot_msg__rosidl_typesupport_introspection_cpp.dir/rosidl_typesupport_introspection_cpp/robot_msg/msg/detail/log_msg__type_support.cpp.o[0m
[1.836s] [ 33%] [32mBuilding CXX object CMakeFiles/robot_msg__rosidl_typesupport_introspection_cpp.dir/rosidl_typesupport_introspection_cpp/robot_msg/msg/detail/gimbal_control_msg__type_support.cpp.o[0m
[1.848s] [ 35%] [32mBuilding CXX object CMakeFiles/robot_msg__rosidl_typesupport_cpp.dir/rosidl_typesupport_cpp/robot_msg/msg/log_msg__type_support.cpp.o[0m
[1.850s] [ 38%] [32mBuilding CXX object CMakeFiles/robot_msg__rosidl_typesupport_cpp.dir/rosidl_typesupport_cpp/robot_msg/msg/gimbal_control_msg__type_support.cpp.o[0m
[1.895s] [ 41%] [32mBuilding CXX object CMakeFiles/robot_msg__rosidl_typesupport_c.dir/rosidl_typesupport_c/robot_msg/msg/log_msg__type_support.cpp.o[0m
[1.896s] [ 43%] [32mBuilding CXX object CMakeFiles/robot_msg__rosidl_typesupport_c.dir/rosidl_typesupport_c/robot_msg/msg/gimbal_control_msg__type_support.cpp.o[0m
[1.921s] [ 46%] [32mBuilding CXX object CMakeFiles/robot_msg__rosidl_typesupport_fastrtps_c.dir/rosidl_typesupport_fastrtps_c/robot_msg/msg/detail/gimbal_control_msg__type_support_c.cpp.o[0m
[1.921s] [ 48%] [32mBuilding CXX object CMakeFiles/robot_msg__rosidl_typesupport_fastrtps_c.dir/rosidl_typesupport_fastrtps_c/robot_msg/msg/detail/log_msg__type_support_c.cpp.o[0m
[1.926s] [ 51%] [32m[1mLinking CXX shared library librobot_msg__rosidl_typesupport_c.so[0m
[1.939s] [ 53%] [32mBuilding C object CMakeFiles/robot_msg__rosidl_typesupport_introspection_c.dir/rosidl_typesupport_introspection_c/robot_msg/msg/detail/log_msg__type_support.c.o[0m
[1.939s] [ 56%] [32mBuilding C object CMakeFiles/robot_msg__rosidl_typesupport_introspection_c.dir/rosidl_typesupport_introspection_c/robot_msg/msg/detail/gimbal_control_msg__type_support.c.o[0m
[1.970s] [ 56%] Built target robot_msg__rosidl_typesupport_c
[1.971s] [ 58%] [32m[1mLinking C shared library librobot_msg__rosidl_typesupport_introspection_c.so[0m
[1.974s] [ 61%] [32mBuilding CXX object CMakeFiles/robot_msg__rosidl_typesupport_fastrtps_cpp.dir/rosidl_typesupport_fastrtps_cpp/robot_msg/msg/detail/dds_fastrtps/log_msg__type_support.cpp.o[0m
[1.976s] [ 64%] [32mBuilding CXX object CMakeFiles/robot_msg__rosidl_typesupport_fastrtps_cpp.dir/rosidl_typesupport_fastrtps_cpp/robot_msg/msg/detail/dds_fastrtps/gimbal_control_msg__type_support.cpp.o[0m
[1.995s] [ 64%] Built target robot_msg__rosidl_typesupport_introspection_c
[2.176s] [ 66%] [32m[1mLinking CXX shared library librobot_msg__rosidl_typesupport_cpp.so[0m
[2.217s] [ 66%] Built target robot_msg__rosidl_typesupport_cpp
[2.259s] [ 69%] [32m[1mLinking CXX shared library librobot_msg__rosidl_typesupport_introspection_cpp.so[0m
[2.263s] [ 71%] [32m[1mLinking CXX shared library librobot_msg__rosidl_typesupport_fastrtps_cpp.so[0m
[2.283s] [ 74%] [32m[1mLinking CXX shared library librobot_msg__rosidl_typesupport_fastrtps_c.so[0m
[2.319s] [ 74%] Built target robot_msg__rosidl_typesupport_fastrtps_cpp
[2.319s] [ 74%] Built target robot_msg__rosidl_typesupport_introspection_cpp
[2.343s] [ 74%] Built target robot_msg__rosidl_typesupport_fastrtps_c
[2.358s] [ 74%] Built target robot_msg
[2.375s] [ 76%] [34m[1mGenerating Python code for ROS interfaces[0m
[2.614s] [ 76%] Built target robot_msg__py
[2.629s] [ 79%] [32mBuilding C object CMakeFiles/robot_msg__rosidl_generator_py.dir/rosidl_generator_py/robot_msg/msg/_gimbal_control_msg_s.c.o[0m
[2.631s] [ 82%] [32mBuilding C object CMakeFiles/robot_msg__rosidl_generator_py.dir/rosidl_generator_py/robot_msg/msg/_log_msg_s.c.o[0m
[2.717s] [ 84%] [32m[1mLinking C shared library rosidl_generator_py/robot_msg/librobot_msg__rosidl_generator_py.so[0m
[2.750s] [ 84%] Built target robot_msg__rosidl_generator_py
[2.767s] [ 87%] [32mBuilding C object CMakeFiles/robot_msg__rosidl_typesupport_fastrtps_c__pyext.dir/rosidl_generator_py/robot_msg/_robot_msg_s.ep.rosidl_typesupport_fastrtps_c.c.o[0m
[2.769s] [ 92%] [32mBuilding C object CMakeFiles/robot_msg__rosidl_typesupport_introspection_c__pyext.dir/rosidl_generator_py/robot_msg/_robot_msg_s.ep.rosidl_typesupport_introspection_c.c.o[0m
[2.769s] [ 92%] [32mBuilding C object CMakeFiles/robot_msg__rosidl_typesupport_c__pyext.dir/rosidl_generator_py/robot_msg/_robot_msg_s.ep.rosidl_typesupport_c.c.o[0m
[2.842s] [ 94%] [32m[1mLinking C shared library rosidl_generator_py/robot_msg/robot_msg_s__rosidl_typesupport_fastrtps_c.cpython-310-x86_64-linux-gnu.so[0m
[2.850s] [ 97%] [32m[1mLinking C shared library rosidl_generator_py/robot_msg/robot_msg_s__rosidl_typesupport_c.cpython-310-x86_64-linux-gnu.so[0m
[2.857s] [100%] [32m[1mLinking C shared library rosidl_generator_py/robot_msg/robot_msg_s__rosidl_typesupport_introspection_c.cpython-310-x86_64-linux-gnu.so[0m
[2.878s] [100%] Built target robot_msg__rosidl_typesupport_fastrtps_c__pyext
[2.884s] [100%] Built target robot_msg__rosidl_typesupport_c__pyext
[2.886s] [100%] Built target robot_msg__rosidl_typesupport_introspection_c__pyext
[2.895s] Invoked command in '/home/zph/task/build/robot_msg' returned '0': CMAKE_PREFIX_PATH=/opt/ros/humble /usr/bin/cmake --build /home/zph/task/build/robot_msg -- -j20 -l20
[2.903s] Invoking command in '/home/zph/task/build/robot_msg': CMAKE_PREFIX_PATH=/opt/ros/humble /usr/bin/cmake --install /home/zph/task/build/robot_msg
[2.909s] -- Install configuration: ""
[2.909s] -- Installing: /home/zph/task/install/robot_msg/share/ament_index/resource_index/rosidl_interfaces/robot_msg
[2.909s] -- Installing: /home/zph/task/install/robot_msg/include/robot_msg/robot_msg
[2.909s] -- Installing: /home/zph/task/install/robot_msg/include/robot_msg/robot_msg/msg
[2.909s] -- Installing: /home/zph/task/install/robot_msg/include/robot_msg/robot_msg/msg/rosidl_generator_c__visibility_control.h
[2.909s] -- Installing: /home/zph/task/install/robot_msg/include/robot_msg/robot_msg/msg/log_msg.h
[2.909s] -- Installing: /home/zph/task/install/robot_msg/include/robot_msg/robot_msg/msg/gimbal_control_msg.h
[2.909s] -- Installing: /home/zph/task/install/robot_msg/include/robot_msg/robot_msg/msg/detail
[2.909s] -- Installing: /home/zph/task/install/robot_msg/include/robot_msg/robot_msg/msg/detail/log_msg__type_support.h
[2.909s] -- Installing: /home/zph/task/install/robot_msg/include/robot_msg/robot_msg/msg/detail/log_msg__functions.c
[2.909s] -- Installing: /home/zph/task/install/robot_msg/include/robot_msg/robot_msg/msg/detail/gimbal_control_msg__functions.h
[2.909s] -- Installing: /home/zph/task/install/robot_msg/include/robot_msg/robot_msg/msg/detail/gimbal_control_msg__functions.c
[2.909s] -- Installing: /home/zph/task/install/robot_msg/include/robot_msg/robot_msg/msg/detail/gimbal_control_msg__struct.h
[2.910s] -- Installing: /home/zph/task/install/robot_msg/include/robot_msg/robot_msg/msg/detail/log_msg__struct.h
[2.910s] -- Installing: /home/zph/task/install/robot_msg/include/robot_msg/robot_msg/msg/detail/log_msg__functions.h
[2.910s] -- Installing: /home/zph/task/install/robot_msg/include/robot_msg/robot_msg/msg/detail/gimbal_control_msg__type_support.h
[2.910s] -- Installing: /home/zph/task/install/robot_msg/share/robot_msg/environment/library_path.sh
[2.910s] -- Installing: /home/zph/task/install/robot_msg/share/robot_msg/environment/library_path.dsv
[2.910s] -- Installing: /home/zph/task/install/robot_msg/lib/librobot_msg__rosidl_generator_c.so
[2.910s] -- Set runtime path of "/home/zph/task/install/robot_msg/lib/librobot_msg__rosidl_generator_c.so" to ""
[2.910s] -- Up-to-date: /home/zph/task/install/robot_msg/include/robot_msg/robot_msg
[2.910s] -- Up-to-date: /home/zph/task/install/robot_msg/include/robot_msg/robot_msg/msg
[2.910s] -- Up-to-date: /home/zph/task/install/robot_msg/include/robot_msg/robot_msg/msg/detail
[2.910s] -- Installing: /home/zph/task/install/robot_msg/include/robot_msg/robot_msg/msg/detail/log_msg__rosidl_typesupport_fastrtps_c.h
[2.910s] -- Installing: /home/zph/task/install/robot_msg/include/robot_msg/robot_msg/msg/detail/gimbal_control_msg__rosidl_typesupport_fastrtps_c.h
[2.910s] -- Installing: /home/zph/task/install/robot_msg/include/robot_msg/robot_msg/msg/rosidl_typesupport_fastrtps_c__visibility_control.h
[2.910s] -- Installing: /home/zph/task/install/robot_msg/lib/librobot_msg__rosidl_typesupport_fastrtps_c.so
[2.910s] -- Set runtime path of "/home/zph/task/install/robot_msg/lib/librobot_msg__rosidl_typesupport_fastrtps_c.so" to ""
[2.910s] -- Up-to-date: /home/zph/task/install/robot_msg/include/robot_msg/robot_msg
[2.910s] -- Up-to-date: /home/zph/task/install/robot_msg/include/robot_msg/robot_msg/msg
[2.911s] -- Installing: /home/zph/task/install/robot_msg/include/robot_msg/robot_msg/msg/rosidl_generator_cpp__visibility_control.hpp
[2.911s] -- Installing: /home/zph/task/install/robot_msg/include/robot_msg/robot_msg/msg/gimbal_control_msg.hpp
[2.911s] -- Up-to-date: /home/zph/task/install/robot_msg/include/robot_msg/robot_msg/msg/detail
[2.911s] -- Installing: /home/zph/task/install/robot_msg/include/robot_msg/robot_msg/msg/detail/log_msg__traits.hpp
[2.911s] -- Installing: /home/zph/task/install/robot_msg/include/robot_msg/robot_msg/msg/detail/log_msg__type_support.hpp
[2.911s] -- Installing: /home/zph/task/install/robot_msg/include/robot_msg/robot_msg/msg/detail/log_msg__builder.hpp
[2.911s] -- Installing: /home/zph/task/install/robot_msg/include/robot_msg/robot_msg/msg/detail/gimbal_control_msg__builder.hpp
[2.911s] -- Installing: /home/zph/task/install/robot_msg/include/robot_msg/robot_msg/msg/detail/log_msg__struct.hpp
[2.911s] -- Installing: /home/zph/task/install/robot_msg/include/robot_msg/robot_msg/msg/detail/gimbal_control_msg__traits.hpp
[2.911s] -- Installing: /home/zph/task/install/robot_msg/include/robot_msg/robot_msg/msg/detail/gimbal_control_msg__type_support.hpp
[2.911s] -- Installing: /home/zph/task/install/robot_msg/include/robot_msg/robot_msg/msg/detail/gimbal_control_msg__struct.hpp
[2.911s] -- Installing: /home/zph/task/install/robot_msg/include/robot_msg/robot_msg/msg/log_msg.hpp
[2.911s] -- Up-to-date: /home/zph/task/install/robot_msg/include/robot_msg/robot_msg
[2.911s] -- Up-to-date: /home/zph/task/install/robot_msg/include/robot_msg/robot_msg/msg
[2.911s] -- Installing: /home/zph/task/install/robot_msg/include/robot_msg/robot_msg/msg/rosidl_typesupport_fastrtps_cpp__visibility_control.h
[2.911s] -- Up-to-date: /home/zph/task/install/robot_msg/include/robot_msg/robot_msg/msg/detail
[2.911s] -- Installing: /home/zph/task/install/robot_msg/include/robot_msg/robot_msg/msg/detail/gimbal_control_msg__rosidl_typesupport_fastrtps_cpp.hpp
[2.911s] -- Installing: /home/zph/task/install/robot_msg/include/robot_msg/robot_msg/msg/detail/dds_fastrtps
[2.911s] -- Installing: /home/zph/task/install/robot_msg/include/robot_msg/robot_msg/msg/detail/log_msg__rosidl_typesupport_fastrtps_cpp.hpp
[2.911s] -- Installing: /home/zph/task/install/robot_msg/lib/librobot_msg__rosidl_typesupport_fastrtps_cpp.so
[2.911s] -- Set runtime path of "/home/zph/task/install/robot_msg/lib/librobot_msg__rosidl_typesupport_fastrtps_cpp.so" to ""
[2.911s] -- Up-to-date: /home/zph/task/install/robot_msg/include/robot_msg/robot_msg
[2.911s] -- Up-to-date: /home/zph/task/install/robot_msg/include/robot_msg/robot_msg/msg
[2.911s] -- Installing: /home/zph/task/install/robot_msg/include/robot_msg/robot_msg/msg/rosidl_typesupport_introspection_c__visibility_control.h
[2.911s] -- Up-to-date: /home/zph/task/install/robot_msg/include/robot_msg/robot_msg/msg/detail
[2.912s] -- Installing: /home/zph/task/install/robot_msg/include/robot_msg/robot_msg/msg/detail/gimbal_control_msg__rosidl_typesupport_introspection_c.h
[2.912s] -- Installing: /home/zph/task/install/robot_msg/include/robot_msg/robot_msg/msg/detail/log_msg__rosidl_typesupport_introspection_c.h
[2.912s] -- Installing: /home/zph/task/install/robot_msg/include/robot_msg/robot_msg/msg/detail/log_msg__type_support.c
[2.912s] -- Installing: /home/zph/task/install/robot_msg/include/robot_msg/robot_msg/msg/detail/gimbal_control_msg__type_support.c
[2.912s] -- Installing: /home/zph/task/install/robot_msg/lib/librobot_msg__rosidl_typesupport_introspection_c.so
[2.912s] -- Set runtime path of "/home/zph/task/install/robot_msg/lib/librobot_msg__rosidl_typesupport_introspection_c.so" to ""
[2.912s] -- Installing: /home/zph/task/install/robot_msg/lib/librobot_msg__rosidl_typesupport_c.so
[2.912s] -- Set runtime path of "/home/zph/task/install/robot_msg/lib/librobot_msg__rosidl_typesupport_c.so" to ""
[2.912s] -- Up-to-date: /home/zph/task/install/robot_msg/include/robot_msg/robot_msg
[2.912s] -- Up-to-date: /home/zph/task/install/robot_msg/include/robot_msg/robot_msg/msg
[2.912s] -- Up-to-date: /home/zph/task/install/robot_msg/include/robot_msg/robot_msg/msg/detail
[2.912s] -- Installing: /home/zph/task/install/robot_msg/include/robot_msg/robot_msg/msg/detail/log_msg__type_support.cpp
[2.912s] -- Installing: /home/zph/task/install/robot_msg/include/robot_msg/robot_msg/msg/detail/log_msg__rosidl_typesupport_introspection_cpp.hpp
[2.912s] -- Installing: /home/zph/task/install/robot_msg/include/robot_msg/robot_msg/msg/detail/gimbal_control_msg__rosidl_typesupport_introspection_cpp.hpp
[2.912s] -- Installing: /home/zph/task/install/robot_msg/include/robot_msg/robot_msg/msg/detail/gimbal_control_msg__type_support.cpp
[2.912s] -- Installing: /home/zph/task/install/robot_msg/lib/librobot_msg__rosidl_typesupport_introspection_cpp.so
[2.912s] -- Set runtime path of "/home/zph/task/install/robot_msg/lib/librobot_msg__rosidl_typesupport_introspection_cpp.so" to ""
[2.912s] -- Installing: /home/zph/task/install/robot_msg/lib/librobot_msg__rosidl_typesupport_cpp.so
[2.913s] -- Set runtime path of "/home/zph/task/install/robot_msg/lib/librobot_msg__rosidl_typesupport_cpp.so" to ""
[2.913s] -- Installing: /home/zph/task/install/robot_msg/share/robot_msg/environment/pythonpath.sh
[2.913s] -- Installing: /home/zph/task/install/robot_msg/share/robot_msg/environment/pythonpath.dsv
[2.913s] -- Installing: /home/zph/task/install/robot_msg/local/lib/python3.10/dist-packages/robot_msg-0.0.1-py3.10.egg-info
[2.913s] -- Installing: /home/zph/task/install/robot_msg/local/lib/python3.10/dist-packages/robot_msg-0.0.1-py3.10.egg-info/dependency_links.txt
[2.913s] -- Installing: /home/zph/task/install/robot_msg/local/lib/python3.10/dist-packages/robot_msg-0.0.1-py3.10.egg-info/top_level.txt
[2.913s] -- Installing: /home/zph/task/install/robot_msg/local/lib/python3.10/dist-packages/robot_msg-0.0.1-py3.10.egg-info/PKG-INFO
[2.913s] -- Installing: /home/zph/task/install/robot_msg/local/lib/python3.10/dist-packages/robot_msg-0.0.1-py3.10.egg-info/SOURCES.txt
[2.913s] -- Installing: /home/zph/task/install/robot_msg/local/lib/python3.10/dist-packages/robot_msg
[2.913s] -- Installing: /home/zph/task/install/robot_msg/local/lib/python3.10/dist-packages/robot_msg/msg
[2.913s] -- Installing: /home/zph/task/install/robot_msg/local/lib/python3.10/dist-packages/robot_msg/msg/_log_msg.py
[2.913s] -- Installing: /home/zph/task/install/robot_msg/local/lib/python3.10/dist-packages/robot_msg/msg/__init__.py
[2.913s] -- Installing: /home/zph/task/install/robot_msg/local/lib/python3.10/dist-packages/robot_msg/msg/_gimbal_control_msg.py
[2.913s] -- Installing: /home/zph/task/install/robot_msg/local/lib/python3.10/dist-packages/robot_msg/msg/_log_msg_s.c
[2.913s] -- Installing: /home/zph/task/install/robot_msg/local/lib/python3.10/dist-packages/robot_msg/msg/_gimbal_control_msg_s.c
[2.913s] -- Installing: /home/zph/task/install/robot_msg/local/lib/python3.10/dist-packages/robot_msg/_robot_msg_s.ep.rosidl_typesupport_fastrtps_c.c
[2.913s] -- Installing: /home/zph/task/install/robot_msg/local/lib/python3.10/dist-packages/robot_msg/robot_msg_s__rosidl_typesupport_c.cpython-310-x86_64-linux-gnu.so
[2.913s] -- Installing: /home/zph/task/install/robot_msg/local/lib/python3.10/dist-packages/robot_msg/__init__.py
[2.913s] -- Installing: /home/zph/task/install/robot_msg/local/lib/python3.10/dist-packages/robot_msg/robot_msg_s__rosidl_typesupport_introspection_c.cpython-310-x86_64-linux-gnu.so
[2.914s] -- Installing: /home/zph/task/install/robot_msg/local/lib/python3.10/dist-packages/robot_msg/_robot_msg_s.ep.rosidl_typesupport_c.c
[2.914s] -- Installing: /home/zph/task/install/robot_msg/local/lib/python3.10/dist-packages/robot_msg/librobot_msg__rosidl_generator_py.so
[2.914s] -- Installing: /home/zph/task/install/robot_msg/local/lib/python3.10/dist-packages/robot_msg/_robot_msg_s.ep.rosidl_typesupport_introspection_c.c
[2.914s] -- Installing: /home/zph/task/install/robot_msg/local/lib/python3.10/dist-packages/robot_msg/robot_msg_s__rosidl_typesupport_fastrtps_c.cpython-310-x86_64-linux-gnu.so
[2.938s] Listing '/home/zph/task/install/robot_msg/local/lib/python3.10/dist-packages/robot_msg'...
[2.938s] Compiling '/home/zph/task/install/robot_msg/local/lib/python3.10/dist-packages/robot_msg/__init__.py'...
[2.938s] Listing '/home/zph/task/install/robot_msg/local/lib/python3.10/dist-packages/robot_msg/msg'...
[2.938s] Compiling '/home/zph/task/install/robot_msg/local/lib/python3.10/dist-packages/robot_msg/msg/__init__.py'...
[2.938s] Compiling '/home/zph/task/install/robot_msg/local/lib/python3.10/dist-packages/robot_msg/msg/_gimbal_control_msg.py'...
[2.938s] Compiling '/home/zph/task/install/robot_msg/local/lib/python3.10/dist-packages/robot_msg/msg/_log_msg.py'...
[2.941s] -- Installing: /home/zph/task/install/robot_msg/local/lib/python3.10/dist-packages/robot_msg/robot_msg_s__rosidl_typesupport_fastrtps_c.cpython-310-x86_64-linux-gnu.so
[2.941s] -- Set runtime path of "/home/zph/task/install/robot_msg/local/lib/python3.10/dist-packages/robot_msg/robot_msg_s__rosidl_typesupport_fastrtps_c.cpython-310-x86_64-linux-gnu.so" to ""
[2.941s] -- Installing: /home/zph/task/install/robot_msg/local/lib/python3.10/dist-packages/robot_msg/robot_msg_s__rosidl_typesupport_introspection_c.cpython-310-x86_64-linux-gnu.so
[2.941s] -- Set runtime path of "/home/zph/task/install/robot_msg/local/lib/python3.10/dist-packages/robot_msg/robot_msg_s__rosidl_typesupport_introspection_c.cpython-310-x86_64-linux-gnu.so" to ""
[2.941s] -- Installing: /home/zph/task/install/robot_msg/local/lib/python3.10/dist-packages/robot_msg/robot_msg_s__rosidl_typesupport_c.cpython-310-x86_64-linux-gnu.so
[2.941s] -- Set runtime path of "/home/zph/task/install/robot_msg/local/lib/python3.10/dist-packages/robot_msg/robot_msg_s__rosidl_typesupport_c.cpython-310-x86_64-linux-gnu.so" to ""
[2.941s] -- Installing: /home/zph/task/install/robot_msg/lib/librobot_msg__rosidl_generator_py.so
[2.941s] -- Set runtime path of "/home/zph/task/install/robot_msg/lib/librobot_msg__rosidl_generator_py.so" to ""
[2.941s] -- Installing: /home/zph/task/install/robot_msg/share/robot_msg/msg/LogMsg.idl
[2.941s] -- Installing: /home/zph/task/install/robot_msg/share/robot_msg/msg/GimbalControlMsg.idl
[2.941s] -- Installing: /home/zph/task/install/robot_msg/share/robot_msg/msg/LogMsg.msg
[2.941s] -- Installing: /home/zph/task/install/robot_msg/share/robot_msg/msg/GimbalControlMsg.msg
[2.942s] -- Installing: /home/zph/task/install/robot_msg/share/ament_index/resource_index/package_run_dependencies/robot_msg
[2.942s] -- Installing: /home/zph/task/install/robot_msg/share/ament_index/resource_index/parent_prefix_path/robot_msg
[2.942s] -- Installing: /home/zph/task/install/robot_msg/share/robot_msg/environment/ament_prefix_path.sh
[2.942s] -- Installing: /home/zph/task/install/robot_msg/share/robot_msg/environment/ament_prefix_path.dsv
[2.942s] -- Installing: /home/zph/task/install/robot_msg/share/robot_msg/environment/path.sh
[2.942s] -- Installing: /home/zph/task/install/robot_msg/share/robot_msg/environment/path.dsv
[2.942s] -- Installing: /home/zph/task/install/robot_msg/share/robot_msg/local_setup.bash
[2.942s] -- Installing: /home/zph/task/install/robot_msg/share/robot_msg/local_setup.sh
[2.942s] -- Installing: /home/zph/task/install/robot_msg/share/robot_msg/local_setup.zsh
[2.942s] -- Installing: /home/zph/task/install/robot_msg/share/robot_msg/local_setup.dsv
[2.942s] -- Installing: /home/zph/task/install/robot_msg/share/robot_msg/package.dsv
[2.942s] -- Installing: /home/zph/task/install/robot_msg/share/ament_index/resource_index/packages/robot_msg
[2.942s] -- Installing: /home/zph/task/install/robot_msg/share/robot_msg/cmake/export_robot_msg__rosidl_generator_cExport.cmake
[2.942s] -- Installing: /home/zph/task/install/robot_msg/share/robot_msg/cmake/export_robot_msg__rosidl_generator_cExport-noconfig.cmake
[2.942s] -- Installing: /home/zph/task/install/robot_msg/share/robot_msg/cmake/export_robot_msg__rosidl_typesupport_fastrtps_cExport.cmake
[2.942s] -- Installing: /home/zph/task/install/robot_msg/share/robot_msg/cmake/export_robot_msg__rosidl_typesupport_fastrtps_cExport-noconfig.cmake
[2.942s] -- Installing: /home/zph/task/install/robot_msg/share/robot_msg/cmake/export_robot_msg__rosidl_generator_cppExport.cmake
[2.942s] -- Installing: /home/zph/task/install/robot_msg/share/robot_msg/cmake/export_robot_msg__rosidl_typesupport_fastrtps_cppExport.cmake
[2.942s] -- Installing: /home/zph/task/install/robot_msg/share/robot_msg/cmake/export_robot_msg__rosidl_typesupport_fastrtps_cppExport-noconfig.cmake
[2.942s] -- Installing: /home/zph/task/install/robot_msg/share/robot_msg/cmake/robot_msg__rosidl_typesupport_introspection_cExport.cmake
[2.942s] -- Installing: /home/zph/task/install/robot_msg/share/robot_msg/cmake/robot_msg__rosidl_typesupport_introspection_cExport-noconfig.cmake
[2.943s] -- Installing: /home/zph/task/install/robot_msg/share/robot_msg/cmake/robot_msg__rosidl_typesupport_cExport.cmake
[2.943s] -- Installing: /home/zph/task/install/robot_msg/share/robot_msg/cmake/robot_msg__rosidl_typesupport_cExport-noconfig.cmake
[2.943s] -- Installing: /home/zph/task/install/robot_msg/share/robot_msg/cmake/robot_msg__rosidl_typesupport_introspection_cppExport.cmake
[2.943s] -- Installing: /home/zph/task/install/robot_msg/share/robot_msg/cmake/robot_msg__rosidl_typesupport_introspection_cppExport-noconfig.cmake
[2.943s] -- Installing: /home/zph/task/install/robot_msg/share/robot_msg/cmake/robot_msg__rosidl_typesupport_cppExport.cmake
[2.943s] -- Installing: /home/zph/task/install/robot_msg/share/robot_msg/cmake/robot_msg__rosidl_typesupport_cppExport-noconfig.cmake
[2.943s] -- Installing: /home/zph/task/install/robot_msg/share/robot_msg/cmake/export_robot_msg__rosidl_generator_pyExport.cmake
[2.943s] -- Installing: /home/zph/task/install/robot_msg/share/robot_msg/cmake/export_robot_msg__rosidl_generator_pyExport-noconfig.cmake
[2.943s] -- Installing: /home/zph/task/install/robot_msg/share/robot_msg/cmake/rosidl_cmake-extras.cmake
[2.943s] -- Installing: /home/zph/task/install/robot_msg/share/robot_msg/cmake/ament_cmake_export_dependencies-extras.cmake
[2.943s] -- Installing: /home/zph/task/install/robot_msg/share/robot_msg/cmake/ament_cmake_export_include_directories-extras.cmake
[2.943s] -- Installing: /home/zph/task/install/robot_msg/share/robot_msg/cmake/ament_cmake_export_libraries-extras.cmake
[2.943s] -- Installing: /home/zph/task/install/robot_msg/share/robot_msg/cmake/ament_cmake_export_targets-extras.cmake
[2.943s] -- Installing: /home/zph/task/install/robot_msg/share/robot_msg/cmake/rosidl_cmake_export_typesupport_targets-extras.cmake
[2.943s] -- Installing: /home/zph/task/install/robot_msg/share/robot_msg/cmake/rosidl_cmake_export_typesupport_libraries-extras.cmake
[2.943s] -- Installing: /home/zph/task/install/robot_msg/share/robot_msg/cmake/robot_msgConfig.cmake
[2.943s] -- Installing: /home/zph/task/install/robot_msg/share/robot_msg/cmake/robot_msgConfig-version.cmake
[2.943s] -- Installing: /home/zph/task/install/robot_msg/share/robot_msg/package.xml
[2.945s] Invoked command in '/home/zph/task/build/robot_msg' returned '0': CMAKE_PREFIX_PATH=/opt/ros/humble /usr/bin/cmake --install /home/zph/task/build/robot_msg
