[0.011s] Invoking command in '/home/zph/task/build/small_gicp_relocalization': CMAKE_PREFIX_PATH=${CMAKE_PREFIX_PATH}:/opt/ros/humble /usr/bin/cmake --build /home/zph/task/build/small_gicp_relocalization -- -j20 -l20
[0.055s] [35m[1mConsolidate compiler generated dependencies of target relocalization_node[0m
[0.087s] [ 50%] [32mBuilding CXX object CMakeFiles/relocalization_node.dir/src/relocalization_node.cpp.o[0m
[13.941s] [100%] [32m[1mLinking CXX executable relocalization_node[0m
[14.863s] [100%] Built target relocalization_node
[14.872s] Invoked command in '/home/zph/task/build/small_gicp_relocalization' returned '0': CMAKE_PREFIX_PATH=${CMAKE_PREFIX_PATH}:/opt/ros/humble /usr/bin/cmake --build /home/zph/task/build/small_gicp_relocalization -- -j20 -l20
[14.873s] Invoking command in '/home/zph/task/build/small_gicp_relocalization': CMAKE_PREFIX_PATH=${CMAKE_PREFIX_PATH}:/opt/ros/humble /usr/bin/cmake --install /home/zph/task/build/small_gicp_relocalization
[14.881s] -- Install configuration: ""
[14.881s] -- Installing: /home/zph/task/install/small_gicp_relocalization/lib/small_gicp_relocalization/relocalization_node
[14.888s] -- Set runtime path of "/home/zph/task/install/small_gicp_relocalization/lib/small_gicp_relocalization/relocalization_node" to ""
[14.888s] -- Up-to-date: /home/zph/task/install/small_gicp_relocalization/share/small_gicp_relocalization/launch
[14.888s] -- Up-to-date: /home/zph/task/install/small_gicp_relocalization/share/small_gicp_relocalization/launch/relocalization.launch.pyZone.Identifier
[14.888s] -- Up-to-date: /home/zph/task/install/small_gicp_relocalization/share/small_gicp_relocalization/launch/relocalization.launch.py
[14.888s] -- Up-to-date: /home/zph/task/install/small_gicp_relocalization/share/small_gicp_relocalization/config
[14.888s] -- Up-to-date: /home/zph/task/install/small_gicp_relocalization/share/small_gicp_relocalization/config/relocalization.yaml
[14.888s] -- Up-to-date: /home/zph/task/install/small_gicp_relocalization/share/small_gicp_relocalization/config/relocalization.yamlZone.Identifier
[14.888s] -- Up-to-date: /home/zph/task/install/small_gicp_relocalization/share/ament_index/resource_index/package_run_dependencies/small_gicp_relocalization
[14.888s] -- Up-to-date: /home/zph/task/install/small_gicp_relocalization/share/ament_index/resource_index/parent_prefix_path/small_gicp_relocalization
[14.889s] -- Up-to-date: /home/zph/task/install/small_gicp_relocalization/share/small_gicp_relocalization/environment/ament_prefix_path.sh
[14.889s] -- Up-to-date: /home/zph/task/install/small_gicp_relocalization/share/small_gicp_relocalization/environment/ament_prefix_path.dsv
[14.889s] -- Up-to-date: /home/zph/task/install/small_gicp_relocalization/share/small_gicp_relocalization/environment/path.sh
[14.889s] -- Up-to-date: /home/zph/task/install/small_gicp_relocalization/share/small_gicp_relocalization/environment/path.dsv
[14.889s] -- Up-to-date: /home/zph/task/install/small_gicp_relocalization/share/small_gicp_relocalization/local_setup.bash
[14.889s] -- Up-to-date: /home/zph/task/install/small_gicp_relocalization/share/small_gicp_relocalization/local_setup.sh
[14.889s] -- Up-to-date: /home/zph/task/install/small_gicp_relocalization/share/small_gicp_relocalization/local_setup.zsh
[14.889s] -- Up-to-date: /home/zph/task/install/small_gicp_relocalization/share/small_gicp_relocalization/local_setup.dsv
[14.889s] -- Installing: /home/zph/task/install/small_gicp_relocalization/share/small_gicp_relocalization/package.dsv
[14.889s] -- Up-to-date: /home/zph/task/install/small_gicp_relocalization/share/ament_index/resource_index/packages/small_gicp_relocalization
[14.889s] -- Up-to-date: /home/zph/task/install/small_gicp_relocalization/share/small_gicp_relocalization/cmake/small_gicp_relocalizationConfig.cmake
[14.889s] -- Up-to-date: /home/zph/task/install/small_gicp_relocalization/share/small_gicp_relocalization/cmake/small_gicp_relocalizationConfig-version.cmake
[14.889s] -- Up-to-date: /home/zph/task/install/small_gicp_relocalization/share/small_gicp_relocalization/package.xml
[14.890s] Invoked command in '/home/zph/task/build/small_gicp_relocalization' returned '0': CMAKE_PREFIX_PATH=${CMAKE_PREFIX_PATH}:/opt/ros/humble /usr/bin/cmake --install /home/zph/task/build/small_gicp_relocalization
