[0.011s] Invoking command in '/home/zph/task/build/robot_msg': CMAKE_PREFIX_PATH=/opt/ros/humble /usr/bin/cmake --build /home/zph/task/build/robot_msg -- -j20 -l20
[0.050s] [35m[1mConsolidate compiler generated dependencies of target robot_msg__rosidl_generator_c[0m
[0.058s] [  2%] Built target robot_msg__cpp
[0.064s] [  2%] Built target ament_cmake_python_copy_robot_msg
[0.065s] [ 12%] Built target robot_msg__rosidl_generator_c
[0.065s] [35m[1mConsolidate compiler generated dependencies of target robot_msg__rosidl_typesupport_cpp[0m
[0.065s] [35m[1mConsolidate compiler generated dependencies of target robot_msg__rosidl_typesupport_introspection_cpp[0m
[0.069s] [35m[1mConsolidate compiler generated dependencies of target robot_msg__rosidl_typesupport_fastrtps_cpp[0m
[0.074s] [35m[1mConsolidate compiler generated dependencies of target robot_msg__rosidl_typesupport_c[0m
[0.074s] [35m[1mConsolidate compiler generated dependencies of target robot_msg__rosidl_typesupport_fastrtps_c[0m
[0.075s] [35m[1mConsolidate compiler generated dependencies of target robot_msg__rosidl_typesupport_introspection_c[0m
[0.077s] [ 23%] Built target robot_msg__rosidl_typesupport_cpp
[0.078s] [ 33%] Built target robot_msg__rosidl_typesupport_introspection_cpp
[0.081s] [ 43%] Built target robot_msg__rosidl_typesupport_c
[0.083s] [ 53%] Built target robot_msg__rosidl_typesupport_fastrtps_cpp
[0.084s] [ 64%] Built target robot_msg__rosidl_typesupport_fastrtps_c
[0.085s] [ 74%] Built target robot_msg__rosidl_typesupport_introspection_c
[0.099s] [ 74%] Built target robot_msg
[0.118s] [ 76%] Built target robot_msg__py
[0.129s] [35m[1mConsolidate compiler generated dependencies of target robot_msg__rosidl_generator_py[0m
[0.142s] [ 84%] Built target robot_msg__rosidl_generator_py
[0.150s] [35m[1mConsolidate compiler generated dependencies of target robot_msg__rosidl_typesupport_c__pyext[0m
[0.153s] [35m[1mConsolidate compiler generated dependencies of target robot_msg__rosidl_typesupport_fastrtps_c__pyext[0m
[0.153s] [35m[1mConsolidate compiler generated dependencies of target robot_msg__rosidl_typesupport_introspection_c__pyext[0m
[0.161s] [ 89%] Built target robot_msg__rosidl_typesupport_c__pyext
[0.164s] [ 94%] Built target robot_msg__rosidl_typesupport_introspection_c__pyext
[0.167s] [100%] Built target robot_msg__rosidl_typesupport_fastrtps_c__pyext
[0.255s] running egg_info
[0.256s] writing robot_msg.egg-info/PKG-INFO
[0.256s] writing dependency_links to robot_msg.egg-info/dependency_links.txt
[0.256s] writing top-level names to robot_msg.egg-info/top_level.txt
[0.257s] reading manifest file 'robot_msg.egg-info/SOURCES.txt'
[0.258s] writing manifest file 'robot_msg.egg-info/SOURCES.txt'
[0.275s] [100%] Built target ament_cmake_python_build_robot_msg_egg
[0.284s] Invoked command in '/home/zph/task/build/robot_msg' returned '0': CMAKE_PREFIX_PATH=/opt/ros/humble /usr/bin/cmake --build /home/zph/task/build/robot_msg -- -j20 -l20
[0.284s] Invoking command in '/home/zph/task/build/robot_msg': CMAKE_PREFIX_PATH=/opt/ros/humble /usr/bin/cmake --install /home/zph/task/build/robot_msg
[0.292s] -- Install configuration: ""
[0.292s] -- Up-to-date: /home/zph/task/install/robot_msg/share/ament_index/resource_index/rosidl_interfaces/robot_msg
[0.292s] -- Up-to-date: /home/zph/task/install/robot_msg/include/robot_msg/robot_msg
[0.292s] -- Up-to-date: /home/zph/task/install/robot_msg/include/robot_msg/robot_msg/msg
[0.292s] -- Up-to-date: /home/zph/task/install/robot_msg/include/robot_msg/robot_msg/msg/rosidl_generator_c__visibility_control.h
[0.292s] -- Up-to-date: /home/zph/task/install/robot_msg/include/robot_msg/robot_msg/msg/log_msg.h
[0.293s] -- Up-to-date: /home/zph/task/install/robot_msg/include/robot_msg/robot_msg/msg/gimbal_control_msg.h
[0.293s] -- Up-to-date: /home/zph/task/install/robot_msg/include/robot_msg/robot_msg/msg/detail
[0.293s] -- Up-to-date: /home/zph/task/install/robot_msg/include/robot_msg/robot_msg/msg/detail/log_msg__type_support.h
[0.293s] -- Up-to-date: /home/zph/task/install/robot_msg/include/robot_msg/robot_msg/msg/detail/log_msg__functions.c
[0.293s] -- Up-to-date: /home/zph/task/install/robot_msg/include/robot_msg/robot_msg/msg/detail/gimbal_control_msg__functions.h
[0.293s] -- Up-to-date: /home/zph/task/install/robot_msg/include/robot_msg/robot_msg/msg/detail/gimbal_control_msg__functions.c
[0.293s] -- Up-to-date: /home/zph/task/install/robot_msg/include/robot_msg/robot_msg/msg/detail/gimbal_control_msg__struct.h
[0.293s] -- Up-to-date: /home/zph/task/install/robot_msg/include/robot_msg/robot_msg/msg/detail/log_msg__struct.h
[0.293s] -- Up-to-date: /home/zph/task/install/robot_msg/include/robot_msg/robot_msg/msg/detail/log_msg__functions.h
[0.293s] -- Up-to-date: /home/zph/task/install/robot_msg/include/robot_msg/robot_msg/msg/detail/gimbal_control_msg__type_support.h
[0.293s] -- Up-to-date: /home/zph/task/install/robot_msg/share/robot_msg/environment/library_path.sh
[0.293s] -- Up-to-date: /home/zph/task/install/robot_msg/share/robot_msg/environment/library_path.dsv
[0.293s] -- Up-to-date: /home/zph/task/install/robot_msg/lib/librobot_msg__rosidl_generator_c.so
[0.293s] -- Up-to-date: /home/zph/task/install/robot_msg/include/robot_msg/robot_msg
[0.293s] -- Up-to-date: /home/zph/task/install/robot_msg/include/robot_msg/robot_msg/msg
[0.293s] -- Up-to-date: /home/zph/task/install/robot_msg/include/robot_msg/robot_msg/msg/detail
[0.293s] -- Up-to-date: /home/zph/task/install/robot_msg/include/robot_msg/robot_msg/msg/detail/log_msg__rosidl_typesupport_fastrtps_c.h
[0.293s] -- Up-to-date: /home/zph/task/install/robot_msg/include/robot_msg/robot_msg/msg/detail/gimbal_control_msg__rosidl_typesupport_fastrtps_c.h
[0.293s] -- Up-to-date: /home/zph/task/install/robot_msg/include/robot_msg/robot_msg/msg/rosidl_typesupport_fastrtps_c__visibility_control.h
[0.293s] -- Up-to-date: /home/zph/task/install/robot_msg/lib/librobot_msg__rosidl_typesupport_fastrtps_c.so
[0.293s] -- Up-to-date: /home/zph/task/install/robot_msg/include/robot_msg/robot_msg
[0.293s] -- Up-to-date: /home/zph/task/install/robot_msg/include/robot_msg/robot_msg/msg
[0.293s] -- Up-to-date: /home/zph/task/install/robot_msg/include/robot_msg/robot_msg/msg/rosidl_generator_cpp__visibility_control.hpp
[0.294s] -- Up-to-date: /home/zph/task/install/robot_msg/include/robot_msg/robot_msg/msg/gimbal_control_msg.hpp
[0.294s] -- Up-to-date: /home/zph/task/install/robot_msg/include/robot_msg/robot_msg/msg/detail
[0.294s] -- Up-to-date: /home/zph/task/install/robot_msg/include/robot_msg/robot_msg/msg/detail/log_msg__traits.hpp
[0.294s] -- Up-to-date: /home/zph/task/install/robot_msg/include/robot_msg/robot_msg/msg/detail/log_msg__type_support.hpp
[0.294s] -- Up-to-date: /home/zph/task/install/robot_msg/include/robot_msg/robot_msg/msg/detail/log_msg__builder.hpp
[0.294s] -- Up-to-date: /home/zph/task/install/robot_msg/include/robot_msg/robot_msg/msg/detail/gimbal_control_msg__builder.hpp
[0.294s] -- Up-to-date: /home/zph/task/install/robot_msg/include/robot_msg/robot_msg/msg/detail/log_msg__struct.hpp
[0.294s] -- Up-to-date: /home/zph/task/install/robot_msg/include/robot_msg/robot_msg/msg/detail/gimbal_control_msg__traits.hpp
[0.294s] -- Up-to-date: /home/zph/task/install/robot_msg/include/robot_msg/robot_msg/msg/detail/gimbal_control_msg__type_support.hpp
[0.294s] -- Up-to-date: /home/zph/task/install/robot_msg/include/robot_msg/robot_msg/msg/detail/gimbal_control_msg__struct.hpp
[0.294s] -- Up-to-date: /home/zph/task/install/robot_msg/include/robot_msg/robot_msg/msg/log_msg.hpp
[0.294s] -- Up-to-date: /home/zph/task/install/robot_msg/include/robot_msg/robot_msg
[0.294s] -- Up-to-date: /home/zph/task/install/robot_msg/include/robot_msg/robot_msg/msg
[0.294s] -- Up-to-date: /home/zph/task/install/robot_msg/include/robot_msg/robot_msg/msg/rosidl_typesupport_fastrtps_cpp__visibility_control.h
[0.294s] -- Up-to-date: /home/zph/task/install/robot_msg/include/robot_msg/robot_msg/msg/detail
[0.294s] -- Up-to-date: /home/zph/task/install/robot_msg/include/robot_msg/robot_msg/msg/detail/gimbal_control_msg__rosidl_typesupport_fastrtps_cpp.hpp
[0.294s] -- Up-to-date: /home/zph/task/install/robot_msg/include/robot_msg/robot_msg/msg/detail/dds_fastrtps
[0.294s] -- Up-to-date: /home/zph/task/install/robot_msg/include/robot_msg/robot_msg/msg/detail/log_msg__rosidl_typesupport_fastrtps_cpp.hpp
[0.294s] -- Up-to-date: /home/zph/task/install/robot_msg/lib/librobot_msg__rosidl_typesupport_fastrtps_cpp.so
[0.294s] -- Up-to-date: /home/zph/task/install/robot_msg/include/robot_msg/robot_msg
[0.294s] -- Up-to-date: /home/zph/task/install/robot_msg/include/robot_msg/robot_msg/msg
[0.294s] -- Up-to-date: /home/zph/task/install/robot_msg/include/robot_msg/robot_msg/msg/rosidl_typesupport_introspection_c__visibility_control.h
[0.294s] -- Up-to-date: /home/zph/task/install/robot_msg/include/robot_msg/robot_msg/msg/detail
[0.294s] -- Up-to-date: /home/zph/task/install/robot_msg/include/robot_msg/robot_msg/msg/detail/gimbal_control_msg__rosidl_typesupport_introspection_c.h
[0.294s] -- Up-to-date: /home/zph/task/install/robot_msg/include/robot_msg/robot_msg/msg/detail/log_msg__rosidl_typesupport_introspection_c.h
[0.294s] -- Up-to-date: /home/zph/task/install/robot_msg/include/robot_msg/robot_msg/msg/detail/log_msg__type_support.c
[0.294s] -- Up-to-date: /home/zph/task/install/robot_msg/include/robot_msg/robot_msg/msg/detail/gimbal_control_msg__type_support.c
[0.295s] -- Up-to-date: /home/zph/task/install/robot_msg/lib/librobot_msg__rosidl_typesupport_introspection_c.so
[0.295s] -- Up-to-date: /home/zph/task/install/robot_msg/lib/librobot_msg__rosidl_typesupport_c.so
[0.295s] -- Up-to-date: /home/zph/task/install/robot_msg/include/robot_msg/robot_msg
[0.295s] -- Up-to-date: /home/zph/task/install/robot_msg/include/robot_msg/robot_msg/msg
[0.295s] -- Up-to-date: /home/zph/task/install/robot_msg/include/robot_msg/robot_msg/msg/detail
[0.295s] -- Up-to-date: /home/zph/task/install/robot_msg/include/robot_msg/robot_msg/msg/detail/log_msg__type_support.cpp
[0.295s] -- Up-to-date: /home/zph/task/install/robot_msg/include/robot_msg/robot_msg/msg/detail/log_msg__rosidl_typesupport_introspection_cpp.hpp
[0.295s] -- Up-to-date: /home/zph/task/install/robot_msg/include/robot_msg/robot_msg/msg/detail/gimbal_control_msg__rosidl_typesupport_introspection_cpp.hpp
[0.295s] -- Up-to-date: /home/zph/task/install/robot_msg/include/robot_msg/robot_msg/msg/detail/gimbal_control_msg__type_support.cpp
[0.295s] -- Up-to-date: /home/zph/task/install/robot_msg/lib/librobot_msg__rosidl_typesupport_introspection_cpp.so
[0.296s] -- Up-to-date: /home/zph/task/install/robot_msg/lib/librobot_msg__rosidl_typesupport_cpp.so
[0.296s] -- Up-to-date: /home/zph/task/install/robot_msg/share/robot_msg/environment/pythonpath.sh
[0.296s] -- Up-to-date: /home/zph/task/install/robot_msg/share/robot_msg/environment/pythonpath.dsv
[0.296s] -- Up-to-date: /home/zph/task/install/robot_msg/local/lib/python3.10/dist-packages/robot_msg-0.0.1-py3.10.egg-info
[0.296s] -- Installing: /home/zph/task/install/robot_msg/local/lib/python3.10/dist-packages/robot_msg-0.0.1-py3.10.egg-info/dependency_links.txt
[0.296s] -- Installing: /home/zph/task/install/robot_msg/local/lib/python3.10/dist-packages/robot_msg-0.0.1-py3.10.egg-info/top_level.txt
[0.296s] -- Installing: /home/zph/task/install/robot_msg/local/lib/python3.10/dist-packages/robot_msg-0.0.1-py3.10.egg-info/PKG-INFO
[0.296s] -- Installing: /home/zph/task/install/robot_msg/local/lib/python3.10/dist-packages/robot_msg-0.0.1-py3.10.egg-info/SOURCES.txt
[0.297s] -- Up-to-date: /home/zph/task/install/robot_msg/local/lib/python3.10/dist-packages/robot_msg
[0.297s] -- Up-to-date: /home/zph/task/install/robot_msg/local/lib/python3.10/dist-packages/robot_msg/msg
[0.297s] -- Up-to-date: /home/zph/task/install/robot_msg/local/lib/python3.10/dist-packages/robot_msg/msg/_log_msg.py
[0.297s] -- Up-to-date: /home/zph/task/install/robot_msg/local/lib/python3.10/dist-packages/robot_msg/msg/__init__.py
[0.297s] -- Up-to-date: /home/zph/task/install/robot_msg/local/lib/python3.10/dist-packages/robot_msg/msg/_gimbal_control_msg.py
[0.297s] -- Up-to-date: /home/zph/task/install/robot_msg/local/lib/python3.10/dist-packages/robot_msg/msg/_log_msg_s.c
[0.297s] -- Up-to-date: /home/zph/task/install/robot_msg/local/lib/python3.10/dist-packages/robot_msg/msg/_gimbal_control_msg_s.c
[0.297s] -- Up-to-date: /home/zph/task/install/robot_msg/local/lib/python3.10/dist-packages/robot_msg/_robot_msg_s.ep.rosidl_typesupport_fastrtps_c.c
[0.297s] -- Up-to-date: /home/zph/task/install/robot_msg/local/lib/python3.10/dist-packages/robot_msg/robot_msg_s__rosidl_typesupport_c.cpython-310-x86_64-linux-gnu.so
[0.297s] -- Up-to-date: /home/zph/task/install/robot_msg/local/lib/python3.10/dist-packages/robot_msg/__init__.py
[0.297s] -- Up-to-date: /home/zph/task/install/robot_msg/local/lib/python3.10/dist-packages/robot_msg/robot_msg_s__rosidl_typesupport_introspection_c.cpython-310-x86_64-linux-gnu.so
[0.297s] -- Up-to-date: /home/zph/task/install/robot_msg/local/lib/python3.10/dist-packages/robot_msg/_robot_msg_s.ep.rosidl_typesupport_c.c
[0.297s] -- Up-to-date: /home/zph/task/install/robot_msg/local/lib/python3.10/dist-packages/robot_msg/librobot_msg__rosidl_generator_py.so
[0.297s] -- Up-to-date: /home/zph/task/install/robot_msg/local/lib/python3.10/dist-packages/robot_msg/_robot_msg_s.ep.rosidl_typesupport_introspection_c.c
[0.297s] -- Up-to-date: /home/zph/task/install/robot_msg/local/lib/python3.10/dist-packages/robot_msg/robot_msg_s__rosidl_typesupport_fastrtps_c.cpython-310-x86_64-linux-gnu.so
[0.332s] Listing '/home/zph/task/install/robot_msg/local/lib/python3.10/dist-packages/robot_msg'...
[0.332s] Listing '/home/zph/task/install/robot_msg/local/lib/python3.10/dist-packages/robot_msg/msg'...
[0.336s] -- Up-to-date: /home/zph/task/install/robot_msg/local/lib/python3.10/dist-packages/robot_msg/robot_msg_s__rosidl_typesupport_fastrtps_c.cpython-310-x86_64-linux-gnu.so
[0.336s] -- Up-to-date: /home/zph/task/install/robot_msg/local/lib/python3.10/dist-packages/robot_msg/robot_msg_s__rosidl_typesupport_introspection_c.cpython-310-x86_64-linux-gnu.so
[0.336s] -- Up-to-date: /home/zph/task/install/robot_msg/local/lib/python3.10/dist-packages/robot_msg/robot_msg_s__rosidl_typesupport_c.cpython-310-x86_64-linux-gnu.so
[0.337s] -- Up-to-date: /home/zph/task/install/robot_msg/lib/librobot_msg__rosidl_generator_py.so
[0.337s] -- Up-to-date: /home/zph/task/install/robot_msg/share/robot_msg/msg/LogMsg.idl
[0.337s] -- Up-to-date: /home/zph/task/install/robot_msg/share/robot_msg/msg/GimbalControlMsg.idl
[0.337s] -- Up-to-date: /home/zph/task/install/robot_msg/share/robot_msg/msg/LogMsg.msg
[0.337s] -- Up-to-date: /home/zph/task/install/robot_msg/share/robot_msg/msg/GimbalControlMsg.msg
[0.337s] -- Up-to-date: /home/zph/task/install/robot_msg/share/ament_index/resource_index/package_run_dependencies/robot_msg
[0.337s] -- Up-to-date: /home/zph/task/install/robot_msg/share/ament_index/resource_index/parent_prefix_path/robot_msg
[0.337s] -- Up-to-date: /home/zph/task/install/robot_msg/share/robot_msg/environment/ament_prefix_path.sh
[0.337s] -- Up-to-date: /home/zph/task/install/robot_msg/share/robot_msg/environment/ament_prefix_path.dsv
[0.337s] -- Up-to-date: /home/zph/task/install/robot_msg/share/robot_msg/environment/path.sh
[0.337s] -- Up-to-date: /home/zph/task/install/robot_msg/share/robot_msg/environment/path.dsv
[0.337s] -- Up-to-date: /home/zph/task/install/robot_msg/share/robot_msg/local_setup.bash
[0.337s] -- Up-to-date: /home/zph/task/install/robot_msg/share/robot_msg/local_setup.sh
[0.337s] -- Up-to-date: /home/zph/task/install/robot_msg/share/robot_msg/local_setup.zsh
[0.337s] -- Up-to-date: /home/zph/task/install/robot_msg/share/robot_msg/local_setup.dsv
[0.337s] -- Installing: /home/zph/task/install/robot_msg/share/robot_msg/package.dsv
[0.338s] -- Up-to-date: /home/zph/task/install/robot_msg/share/ament_index/resource_index/packages/robot_msg
[0.338s] -- Up-to-date: /home/zph/task/install/robot_msg/share/robot_msg/cmake/export_robot_msg__rosidl_generator_cExport.cmake
[0.338s] -- Up-to-date: /home/zph/task/install/robot_msg/share/robot_msg/cmake/export_robot_msg__rosidl_generator_cExport-noconfig.cmake
[0.338s] -- Up-to-date: /home/zph/task/install/robot_msg/share/robot_msg/cmake/export_robot_msg__rosidl_typesupport_fastrtps_cExport.cmake
[0.338s] -- Up-to-date: /home/zph/task/install/robot_msg/share/robot_msg/cmake/export_robot_msg__rosidl_typesupport_fastrtps_cExport-noconfig.cmake
[0.338s] -- Up-to-date: /home/zph/task/install/robot_msg/share/robot_msg/cmake/export_robot_msg__rosidl_generator_cppExport.cmake
[0.338s] -- Up-to-date: /home/zph/task/install/robot_msg/share/robot_msg/cmake/export_robot_msg__rosidl_typesupport_fastrtps_cppExport.cmake
[0.338s] -- Up-to-date: /home/zph/task/install/robot_msg/share/robot_msg/cmake/export_robot_msg__rosidl_typesupport_fastrtps_cppExport-noconfig.cmake
[0.338s] -- Up-to-date: /home/zph/task/install/robot_msg/share/robot_msg/cmake/robot_msg__rosidl_typesupport_introspection_cExport.cmake
[0.338s] -- Up-to-date: /home/zph/task/install/robot_msg/share/robot_msg/cmake/robot_msg__rosidl_typesupport_introspection_cExport-noconfig.cmake
[0.339s] -- Up-to-date: /home/zph/task/install/robot_msg/share/robot_msg/cmake/robot_msg__rosidl_typesupport_cExport.cmake
[0.339s] -- Up-to-date: /home/zph/task/install/robot_msg/share/robot_msg/cmake/robot_msg__rosidl_typesupport_cExport-noconfig.cmake
[0.339s] -- Up-to-date: /home/zph/task/install/robot_msg/share/robot_msg/cmake/robot_msg__rosidl_typesupport_introspection_cppExport.cmake
[0.339s] -- Up-to-date: /home/zph/task/install/robot_msg/share/robot_msg/cmake/robot_msg__rosidl_typesupport_introspection_cppExport-noconfig.cmake
[0.339s] -- Up-to-date: /home/zph/task/install/robot_msg/share/robot_msg/cmake/robot_msg__rosidl_typesupport_cppExport.cmake
[0.339s] -- Up-to-date: /home/zph/task/install/robot_msg/share/robot_msg/cmake/robot_msg__rosidl_typesupport_cppExport-noconfig.cmake
[0.339s] -- Up-to-date: /home/zph/task/install/robot_msg/share/robot_msg/cmake/export_robot_msg__rosidl_generator_pyExport.cmake
[0.339s] -- Up-to-date: /home/zph/task/install/robot_msg/share/robot_msg/cmake/export_robot_msg__rosidl_generator_pyExport-noconfig.cmake
[0.339s] -- Up-to-date: /home/zph/task/install/robot_msg/share/robot_msg/cmake/rosidl_cmake-extras.cmake
[0.339s] -- Up-to-date: /home/zph/task/install/robot_msg/share/robot_msg/cmake/ament_cmake_export_dependencies-extras.cmake
[0.339s] -- Up-to-date: /home/zph/task/install/robot_msg/share/robot_msg/cmake/ament_cmake_export_include_directories-extras.cmake
[0.340s] -- Up-to-date: /home/zph/task/install/robot_msg/share/robot_msg/cmake/ament_cmake_export_libraries-extras.cmake
[0.340s] -- Up-to-date: /home/zph/task/install/robot_msg/share/robot_msg/cmake/ament_cmake_export_targets-extras.cmake
[0.340s] -- Up-to-date: /home/zph/task/install/robot_msg/share/robot_msg/cmake/rosidl_cmake_export_typesupport_targets-extras.cmake
[0.340s] -- Up-to-date: /home/zph/task/install/robot_msg/share/robot_msg/cmake/rosidl_cmake_export_typesupport_libraries-extras.cmake
[0.340s] -- Up-to-date: /home/zph/task/install/robot_msg/share/robot_msg/cmake/robot_msgConfig.cmake
[0.340s] -- Up-to-date: /home/zph/task/install/robot_msg/share/robot_msg/cmake/robot_msgConfig-version.cmake
[0.340s] -- Up-to-date: /home/zph/task/install/robot_msg/share/robot_msg/package.xml
[0.341s] Invoked command in '/home/zph/task/build/robot_msg' returned '0': CMAKE_PREFIX_PATH=/opt/ros/humble /usr/bin/cmake --install /home/zph/task/build/robot_msg
