[  2%] Built target robot_msg__cpp
[ 12%] Built target robot_msg__rosidl_generator_c
[ 12%] Built target ament_cmake_python_copy_robot_msg
[ 23%] Built target robot_msg__rosidl_typesupport_cpp
[ 33%] Built target robot_msg__rosidl_typesupport_introspection_cpp
[ 43%] Built target robot_msg__rosidl_typesupport_fastrtps_cpp
[ 53%] Built target robot_msg__rosidl_typesupport_c
[ 64%] Built target robot_msg__rosidl_typesupport_introspection_c
[ 74%] Built target robot_msg__rosidl_typesupport_fastrtps_c
[ 74%] Built target robot_msg
[ 76%] Built target robot_msg__py
[ 84%] Built target robot_msg__rosidl_generator_py
[ 89%] Built target robot_msg__rosidl_typesupport_c__pyext
[ 94%] Built target robot_msg__rosidl_typesupport_introspection_c__pyext
[100%] Built target robot_msg__rosidl_typesupport_fastrtps_c__pyext
running egg_info
writing robot_msg.egg-info/PKG-INFO
writing dependency_links to robot_msg.egg-info/dependency_links.txt
writing top-level names to robot_msg.egg-info/top_level.txt
reading manifest file 'robot_msg.egg-info/SOURCES.txt'
writing manifest file 'robot_msg.egg-info/SOURCES.txt'
[100%] Built target ament_cmake_python_build_robot_msg_egg
-- Install configuration: ""
-- Up-to-date: /home/zph/task/install/robot_msg/share/ament_index/resource_index/rosidl_interfaces/robot_msg
-- Up-to-date: /home/zph/task/install/robot_msg/include/robot_msg/robot_msg
-- Up-to-date: /home/zph/task/install/robot_msg/include/robot_msg/robot_msg/msg
-- Up-to-date: /home/zph/task/install/robot_msg/include/robot_msg/robot_msg/msg/rosidl_generator_c__visibility_control.h
-- Up-to-date: /home/zph/task/install/robot_msg/include/robot_msg/robot_msg/msg/log_msg.h
-- Up-to-date: /home/zph/task/install/robot_msg/include/robot_msg/robot_msg/msg/gimbal_control_msg.h
-- Up-to-date: /home/zph/task/install/robot_msg/include/robot_msg/robot_msg/msg/detail
-- Up-to-date: /home/zph/task/install/robot_msg/include/robot_msg/robot_msg/msg/detail/log_msg__type_support.h
-- Up-to-date: /home/zph/task/install/robot_msg/include/robot_msg/robot_msg/msg/detail/log_msg__functions.c
-- Up-to-date: /home/zph/task/install/robot_msg/include/robot_msg/robot_msg/msg/detail/gimbal_control_msg__functions.h
-- Up-to-date: /home/zph/task/install/robot_msg/include/robot_msg/robot_msg/msg/detail/gimbal_control_msg__functions.c
-- Up-to-date: /home/zph/task/install/robot_msg/include/robot_msg/robot_msg/msg/detail/gimbal_control_msg__struct.h
-- Up-to-date: /home/zph/task/install/robot_msg/include/robot_msg/robot_msg/msg/detail/log_msg__struct.h
-- Up-to-date: /home/zph/task/install/robot_msg/include/robot_msg/robot_msg/msg/detail/log_msg__functions.h
-- Up-to-date: /home/zph/task/install/robot_msg/include/robot_msg/robot_msg/msg/detail/gimbal_control_msg__type_support.h
-- Up-to-date: /home/zph/task/install/robot_msg/share/robot_msg/environment/library_path.sh
-- Up-to-date: /home/zph/task/install/robot_msg/share/robot_msg/environment/library_path.dsv
-- Up-to-date: /home/zph/task/install/robot_msg/lib/librobot_msg__rosidl_generator_c.so
-- Up-to-date: /home/zph/task/install/robot_msg/include/robot_msg/robot_msg
-- Up-to-date: /home/zph/task/install/robot_msg/include/robot_msg/robot_msg/msg
-- Up-to-date: /home/zph/task/install/robot_msg/include/robot_msg/robot_msg/msg/detail
-- Up-to-date: /home/zph/task/install/robot_msg/include/robot_msg/robot_msg/msg/detail/log_msg__rosidl_typesupport_fastrtps_c.h
-- Up-to-date: /home/zph/task/install/robot_msg/include/robot_msg/robot_msg/msg/detail/gimbal_control_msg__rosidl_typesupport_fastrtps_c.h
-- Up-to-date: /home/zph/task/install/robot_msg/include/robot_msg/robot_msg/msg/rosidl_typesupport_fastrtps_c__visibility_control.h
-- Up-to-date: /home/zph/task/install/robot_msg/lib/librobot_msg__rosidl_typesupport_fastrtps_c.so
-- Up-to-date: /home/zph/task/install/robot_msg/include/robot_msg/robot_msg
-- Up-to-date: /home/zph/task/install/robot_msg/include/robot_msg/robot_msg/msg
-- Up-to-date: /home/zph/task/install/robot_msg/include/robot_msg/robot_msg/msg/rosidl_generator_cpp__visibility_control.hpp
-- Up-to-date: /home/zph/task/install/robot_msg/include/robot_msg/robot_msg/msg/gimbal_control_msg.hpp
-- Up-to-date: /home/zph/task/install/robot_msg/include/robot_msg/robot_msg/msg/detail
-- Up-to-date: /home/zph/task/install/robot_msg/include/robot_msg/robot_msg/msg/detail/log_msg__traits.hpp
-- Up-to-date: /home/zph/task/install/robot_msg/include/robot_msg/robot_msg/msg/detail/log_msg__type_support.hpp
-- Up-to-date: /home/zph/task/install/robot_msg/include/robot_msg/robot_msg/msg/detail/log_msg__builder.hpp
-- Up-to-date: /home/zph/task/install/robot_msg/include/robot_msg/robot_msg/msg/detail/gimbal_control_msg__builder.hpp
-- Up-to-date: /home/zph/task/install/robot_msg/include/robot_msg/robot_msg/msg/detail/log_msg__struct.hpp
-- Up-to-date: /home/zph/task/install/robot_msg/include/robot_msg/robot_msg/msg/detail/gimbal_control_msg__traits.hpp
-- Up-to-date: /home/zph/task/install/robot_msg/include/robot_msg/robot_msg/msg/detail/gimbal_control_msg__type_support.hpp
-- Up-to-date: /home/zph/task/install/robot_msg/include/robot_msg/robot_msg/msg/detail/gimbal_control_msg__struct.hpp
-- Up-to-date: /home/zph/task/install/robot_msg/include/robot_msg/robot_msg/msg/log_msg.hpp
-- Up-to-date: /home/zph/task/install/robot_msg/include/robot_msg/robot_msg
-- Up-to-date: /home/zph/task/install/robot_msg/include/robot_msg/robot_msg/msg
-- Up-to-date: /home/zph/task/install/robot_msg/include/robot_msg/robot_msg/msg/rosidl_typesupport_fastrtps_cpp__visibility_control.h
-- Up-to-date: /home/zph/task/install/robot_msg/include/robot_msg/robot_msg/msg/detail
-- Up-to-date: /home/zph/task/install/robot_msg/include/robot_msg/robot_msg/msg/detail/gimbal_control_msg__rosidl_typesupport_fastrtps_cpp.hpp
-- Up-to-date: /home/zph/task/install/robot_msg/include/robot_msg/robot_msg/msg/detail/dds_fastrtps
-- Up-to-date: /home/zph/task/install/robot_msg/include/robot_msg/robot_msg/msg/detail/log_msg__rosidl_typesupport_fastrtps_cpp.hpp
-- Up-to-date: /home/zph/task/install/robot_msg/lib/librobot_msg__rosidl_typesupport_fastrtps_cpp.so
-- Up-to-date: /home/zph/task/install/robot_msg/include/robot_msg/robot_msg
-- Up-to-date: /home/zph/task/install/robot_msg/include/robot_msg/robot_msg/msg
-- Up-to-date: /home/zph/task/install/robot_msg/include/robot_msg/robot_msg/msg/rosidl_typesupport_introspection_c__visibility_control.h
-- Up-to-date: /home/zph/task/install/robot_msg/include/robot_msg/robot_msg/msg/detail
-- Up-to-date: /home/zph/task/install/robot_msg/include/robot_msg/robot_msg/msg/detail/gimbal_control_msg__rosidl_typesupport_introspection_c.h
-- Up-to-date: /home/zph/task/install/robot_msg/include/robot_msg/robot_msg/msg/detail/log_msg__rosidl_typesupport_introspection_c.h
-- Up-to-date: /home/zph/task/install/robot_msg/include/robot_msg/robot_msg/msg/detail/log_msg__type_support.c
-- Up-to-date: /home/zph/task/install/robot_msg/include/robot_msg/robot_msg/msg/detail/gimbal_control_msg__type_support.c
-- Up-to-date: /home/zph/task/install/robot_msg/lib/librobot_msg__rosidl_typesupport_introspection_c.so
-- Up-to-date: /home/zph/task/install/robot_msg/lib/librobot_msg__rosidl_typesupport_c.so
-- Up-to-date: /home/zph/task/install/robot_msg/include/robot_msg/robot_msg
-- Up-to-date: /home/zph/task/install/robot_msg/include/robot_msg/robot_msg/msg
-- Up-to-date: /home/zph/task/install/robot_msg/include/robot_msg/robot_msg/msg/detail
-- Up-to-date: /home/zph/task/install/robot_msg/include/robot_msg/robot_msg/msg/detail/log_msg__type_support.cpp
-- Up-to-date: /home/zph/task/install/robot_msg/include/robot_msg/robot_msg/msg/detail/log_msg__rosidl_typesupport_introspection_cpp.hpp
-- Up-to-date: /home/zph/task/install/robot_msg/include/robot_msg/robot_msg/msg/detail/gimbal_control_msg__rosidl_typesupport_introspection_cpp.hpp
-- Up-to-date: /home/zph/task/install/robot_msg/include/robot_msg/robot_msg/msg/detail/gimbal_control_msg__type_support.cpp
-- Up-to-date: /home/zph/task/install/robot_msg/lib/librobot_msg__rosidl_typesupport_introspection_cpp.so
-- Up-to-date: /home/zph/task/install/robot_msg/lib/librobot_msg__rosidl_typesupport_cpp.so
-- Up-to-date: /home/zph/task/install/robot_msg/share/robot_msg/environment/pythonpath.sh
-- Up-to-date: /home/zph/task/install/robot_msg/share/robot_msg/environment/pythonpath.dsv
-- Up-to-date: /home/zph/task/install/robot_msg/local/lib/python3.10/dist-packages/robot_msg-0.0.1-py3.10.egg-info
-- Installing: /home/zph/task/install/robot_msg/local/lib/python3.10/dist-packages/robot_msg-0.0.1-py3.10.egg-info/dependency_links.txt
-- Installing: /home/zph/task/install/robot_msg/local/lib/python3.10/dist-packages/robot_msg-0.0.1-py3.10.egg-info/top_level.txt
-- Installing: /home/zph/task/install/robot_msg/local/lib/python3.10/dist-packages/robot_msg-0.0.1-py3.10.egg-info/PKG-INFO
-- Installing: /home/zph/task/install/robot_msg/local/lib/python3.10/dist-packages/robot_msg-0.0.1-py3.10.egg-info/SOURCES.txt
-- Up-to-date: /home/zph/task/install/robot_msg/local/lib/python3.10/dist-packages/robot_msg
-- Up-to-date: /home/zph/task/install/robot_msg/local/lib/python3.10/dist-packages/robot_msg/msg
-- Up-to-date: /home/zph/task/install/robot_msg/local/lib/python3.10/dist-packages/robot_msg/msg/_log_msg.py
-- Up-to-date: /home/zph/task/install/robot_msg/local/lib/python3.10/dist-packages/robot_msg/msg/__init__.py
-- Up-to-date: /home/zph/task/install/robot_msg/local/lib/python3.10/dist-packages/robot_msg/msg/_gimbal_control_msg.py
-- Up-to-date: /home/zph/task/install/robot_msg/local/lib/python3.10/dist-packages/robot_msg/msg/_log_msg_s.c
-- Up-to-date: /home/zph/task/install/robot_msg/local/lib/python3.10/dist-packages/robot_msg/msg/_gimbal_control_msg_s.c
-- Up-to-date: /home/zph/task/install/robot_msg/local/lib/python3.10/dist-packages/robot_msg/_robot_msg_s.ep.rosidl_typesupport_fastrtps_c.c
-- Up-to-date: /home/zph/task/install/robot_msg/local/lib/python3.10/dist-packages/robot_msg/robot_msg_s__rosidl_typesupport_c.cpython-310-x86_64-linux-gnu.so
-- Up-to-date: /home/zph/task/install/robot_msg/local/lib/python3.10/dist-packages/robot_msg/__init__.py
-- Up-to-date: /home/zph/task/install/robot_msg/local/lib/python3.10/dist-packages/robot_msg/robot_msg_s__rosidl_typesupport_introspection_c.cpython-310-x86_64-linux-gnu.so
-- Up-to-date: /home/zph/task/install/robot_msg/local/lib/python3.10/dist-packages/robot_msg/_robot_msg_s.ep.rosidl_typesupport_c.c
-- Up-to-date: /home/zph/task/install/robot_msg/local/lib/python3.10/dist-packages/robot_msg/librobot_msg__rosidl_generator_py.so
-- Up-to-date: /home/zph/task/install/robot_msg/local/lib/python3.10/dist-packages/robot_msg/_robot_msg_s.ep.rosidl_typesupport_introspection_c.c
-- Up-to-date: /home/zph/task/install/robot_msg/local/lib/python3.10/dist-packages/robot_msg/robot_msg_s__rosidl_typesupport_fastrtps_c.cpython-310-x86_64-linux-gnu.so
Listing '/home/zph/task/install/robot_msg/local/lib/python3.10/dist-packages/robot_msg'...
Listing '/home/zph/task/install/robot_msg/local/lib/python3.10/dist-packages/robot_msg/msg'...
-- Up-to-date: /home/zph/task/install/robot_msg/local/lib/python3.10/dist-packages/robot_msg/robot_msg_s__rosidl_typesupport_fastrtps_c.cpython-310-x86_64-linux-gnu.so
-- Up-to-date: /home/zph/task/install/robot_msg/local/lib/python3.10/dist-packages/robot_msg/robot_msg_s__rosidl_typesupport_introspection_c.cpython-310-x86_64-linux-gnu.so
-- Up-to-date: /home/zph/task/install/robot_msg/local/lib/python3.10/dist-packages/robot_msg/robot_msg_s__rosidl_typesupport_c.cpython-310-x86_64-linux-gnu.so
-- Up-to-date: /home/zph/task/install/robot_msg/lib/librobot_msg__rosidl_generator_py.so
-- Up-to-date: /home/zph/task/install/robot_msg/share/robot_msg/msg/LogMsg.idl
-- Up-to-date: /home/zph/task/install/robot_msg/share/robot_msg/msg/GimbalControlMsg.idl
-- Up-to-date: /home/zph/task/install/robot_msg/share/robot_msg/msg/LogMsg.msg
-- Up-to-date: /home/zph/task/install/robot_msg/share/robot_msg/msg/GimbalControlMsg.msg
-- Up-to-date: /home/zph/task/install/robot_msg/share/ament_index/resource_index/package_run_dependencies/robot_msg
-- Up-to-date: /home/zph/task/install/robot_msg/share/ament_index/resource_index/parent_prefix_path/robot_msg
-- Up-to-date: /home/zph/task/install/robot_msg/share/robot_msg/environment/ament_prefix_path.sh
-- Up-to-date: /home/zph/task/install/robot_msg/share/robot_msg/environment/ament_prefix_path.dsv
-- Up-to-date: /home/zph/task/install/robot_msg/share/robot_msg/environment/path.sh
-- Up-to-date: /home/zph/task/install/robot_msg/share/robot_msg/environment/path.dsv
-- Up-to-date: /home/zph/task/install/robot_msg/share/robot_msg/local_setup.bash
-- Up-to-date: /home/zph/task/install/robot_msg/share/robot_msg/local_setup.sh
-- Up-to-date: /home/zph/task/install/robot_msg/share/robot_msg/local_setup.zsh
-- Up-to-date: /home/zph/task/install/robot_msg/share/robot_msg/local_setup.dsv
-- Installing: /home/zph/task/install/robot_msg/share/robot_msg/package.dsv
-- Up-to-date: /home/zph/task/install/robot_msg/share/ament_index/resource_index/packages/robot_msg
-- Up-to-date: /home/zph/task/install/robot_msg/share/robot_msg/cmake/export_robot_msg__rosidl_generator_cExport.cmake
-- Up-to-date: /home/zph/task/install/robot_msg/share/robot_msg/cmake/export_robot_msg__rosidl_generator_cExport-noconfig.cmake
-- Up-to-date: /home/zph/task/install/robot_msg/share/robot_msg/cmake/export_robot_msg__rosidl_typesupport_fastrtps_cExport.cmake
-- Up-to-date: /home/zph/task/install/robot_msg/share/robot_msg/cmake/export_robot_msg__rosidl_typesupport_fastrtps_cExport-noconfig.cmake
-- Up-to-date: /home/zph/task/install/robot_msg/share/robot_msg/cmake/export_robot_msg__rosidl_generator_cppExport.cmake
-- Up-to-date: /home/zph/task/install/robot_msg/share/robot_msg/cmake/export_robot_msg__rosidl_typesupport_fastrtps_cppExport.cmake
-- Up-to-date: /home/zph/task/install/robot_msg/share/robot_msg/cmake/export_robot_msg__rosidl_typesupport_fastrtps_cppExport-noconfig.cmake
-- Up-to-date: /home/zph/task/install/robot_msg/share/robot_msg/cmake/robot_msg__rosidl_typesupport_introspection_cExport.cmake
-- Up-to-date: /home/zph/task/install/robot_msg/share/robot_msg/cmake/robot_msg__rosidl_typesupport_introspection_cExport-noconfig.cmake
-- Up-to-date: /home/zph/task/install/robot_msg/share/robot_msg/cmake/robot_msg__rosidl_typesupport_cExport.cmake
-- Up-to-date: /home/zph/task/install/robot_msg/share/robot_msg/cmake/robot_msg__rosidl_typesupport_cExport-noconfig.cmake
-- Up-to-date: /home/zph/task/install/robot_msg/share/robot_msg/cmake/robot_msg__rosidl_typesupport_introspection_cppExport.cmake
-- Up-to-date: /home/zph/task/install/robot_msg/share/robot_msg/cmake/robot_msg__rosidl_typesupport_introspection_cppExport-noconfig.cmake
-- Up-to-date: /home/zph/task/install/robot_msg/share/robot_msg/cmake/robot_msg__rosidl_typesupport_cppExport.cmake
-- Up-to-date: /home/zph/task/install/robot_msg/share/robot_msg/cmake/robot_msg__rosidl_typesupport_cppExport-noconfig.cmake
-- Up-to-date: /home/zph/task/install/robot_msg/share/robot_msg/cmake/export_robot_msg__rosidl_generator_pyExport.cmake
-- Up-to-date: /home/zph/task/install/robot_msg/share/robot_msg/cmake/export_robot_msg__rosidl_generator_pyExport-noconfig.cmake
-- Up-to-date: /home/zph/task/install/robot_msg/share/robot_msg/cmake/rosidl_cmake-extras.cmake
-- Up-to-date: /home/zph/task/install/robot_msg/share/robot_msg/cmake/ament_cmake_export_dependencies-extras.cmake
-- Up-to-date: /home/zph/task/install/robot_msg/share/robot_msg/cmake/ament_cmake_export_include_directories-extras.cmake
-- Up-to-date: /home/zph/task/install/robot_msg/share/robot_msg/cmake/ament_cmake_export_libraries-extras.cmake
-- Up-to-date: /home/zph/task/install/robot_msg/share/robot_msg/cmake/ament_cmake_export_targets-extras.cmake
-- Up-to-date: /home/zph/task/install/robot_msg/share/robot_msg/cmake/rosidl_cmake_export_typesupport_targets-extras.cmake
-- Up-to-date: /home/zph/task/install/robot_msg/share/robot_msg/cmake/rosidl_cmake_export_typesupport_libraries-extras.cmake
-- Up-to-date: /home/zph/task/install/robot_msg/share/robot_msg/cmake/robot_msgConfig.cmake
-- Up-to-date: /home/zph/task/install/robot_msg/share/robot_msg/cmake/robot_msgConfig-version.cmake
-- Up-to-date: /home/zph/task/install/robot_msg/share/robot_msg/package.xml
