[0.008s] Invoking command in '/home/zph/task/build/fast_lio': AMENT_PREFIX_PATH=/home/zph/task/install/livox_ros_driver2:${AMENT_PREFIX_PATH} CMAKE_PREFIX_PATH=/home/zph/task/install/livox_ros_driver2:/opt/ros/humble LD_LIBRARY_PATH=/home/zph/task/install/livox_ros_driver2/lib:/usr/local/cuda/lib64:/usr/local/cuda/lib64:/usr/lib/x86_64-linux-gnu/gazebo-11/plugins:/opt/ros/humble/opt/rviz_ogre_vendor/lib:/opt/ros/humble/lib/x86_64-linux-gnu:/opt/ros/humble/lib:/opt/MVS/lib/64:/opt/MVS/lib/32:/opt/MVS/lib/64:/opt/MVS/lib/32 PYTHONPATH=/home/zph/task/install/livox_ros_driver2/local/lib/python3.10/dist-packages:${PYTHONPATH} /usr/bin/cmake --build /home/zph/task/build/fast_lio -- -j20 -l20
[0.051s] [  8%] Built target fast_lio__rosidl_generator_c
[0.051s] [ 10%] Built target fast_lio__cpp
[0.059s] [ 16%] Built target map_save
[0.067s] [ 16%] Built target ament_cmake_python_copy_fast_lio
[0.071s] [ 24%] Built target fast_lio__rosidl_typesupport_cpp
[0.072s] [ 32%] Built target fast_lio__rosidl_typesupport_c
[0.073s] [ 40%] Built target fast_lio__rosidl_typesupport_introspection_cpp
[0.076s] [ 48%] Built target fast_lio__rosidl_typesupport_fastrtps_c
[0.076s] [ 56%] Built target fast_lio__rosidl_typesupport_fastrtps_cpp
[0.077s] [ 64%] Built target fast_lio__rosidl_typesupport_introspection_c
[0.101s] [ 64%] Built target fast_lio
[0.118s] [ 75%] Built target fastlio_mapping
[0.121s] [ 78%] Built target fast_lio__py
[0.142s] [ 83%] Built target fast_lio__rosidl_generator_py
[0.160s] [ 89%] Built target fast_lio__rosidl_typesupport_introspection_c__pyext
[0.162s] [ 94%] Built target fast_lio__rosidl_typesupport_fastrtps_c__pyext
[0.166s] [100%] Built target fast_lio__rosidl_typesupport_c__pyext
[0.323s] running egg_info
[0.323s] writing fast_lio.egg-info/PKG-INFO
[0.324s] writing dependency_links to fast_lio.egg-info/dependency_links.txt
[0.324s] writing top-level names to fast_lio.egg-info/top_level.txt
[0.325s] reading manifest file 'fast_lio.egg-info/SOURCES.txt'
[0.326s] writing manifest file 'fast_lio.egg-info/SOURCES.txt'
[0.348s] [100%] Built target ament_cmake_python_build_fast_lio_egg
[0.358s] Invoked command in '/home/zph/task/build/fast_lio' returned '0': AMENT_PREFIX_PATH=/home/zph/task/install/livox_ros_driver2:${AMENT_PREFIX_PATH} CMAKE_PREFIX_PATH=/home/zph/task/install/livox_ros_driver2:/opt/ros/humble LD_LIBRARY_PATH=/home/zph/task/install/livox_ros_driver2/lib:/usr/local/cuda/lib64:/usr/local/cuda/lib64:/usr/lib/x86_64-linux-gnu/gazebo-11/plugins:/opt/ros/humble/opt/rviz_ogre_vendor/lib:/opt/ros/humble/lib/x86_64-linux-gnu:/opt/ros/humble/lib:/opt/MVS/lib/64:/opt/MVS/lib/32:/opt/MVS/lib/64:/opt/MVS/lib/32 PYTHONPATH=/home/zph/task/install/livox_ros_driver2/local/lib/python3.10/dist-packages:${PYTHONPATH} /usr/bin/cmake --build /home/zph/task/build/fast_lio -- -j20 -l20
[0.359s] Invoking command in '/home/zph/task/build/fast_lio': AMENT_PREFIX_PATH=/home/zph/task/install/livox_ros_driver2:${AMENT_PREFIX_PATH} CMAKE_PREFIX_PATH=/home/zph/task/install/livox_ros_driver2:/opt/ros/humble LD_LIBRARY_PATH=/home/zph/task/install/livox_ros_driver2/lib:/usr/local/cuda/lib64:/usr/local/cuda/lib64:/usr/lib/x86_64-linux-gnu/gazebo-11/plugins:/opt/ros/humble/opt/rviz_ogre_vendor/lib:/opt/ros/humble/lib/x86_64-linux-gnu:/opt/ros/humble/lib:/opt/MVS/lib/64:/opt/MVS/lib/32:/opt/MVS/lib/64:/opt/MVS/lib/32 PYTHONPATH=/home/zph/task/install/livox_ros_driver2/local/lib/python3.10/dist-packages:${PYTHONPATH} /usr/bin/cmake --install /home/zph/task/build/fast_lio
[0.367s] -- Install configuration: "Release"
[0.367s] -- Up-to-date: /home/zph/task/install/fast_lio/share/ament_index/resource_index/rosidl_interfaces/fast_lio
[0.367s] -- Up-to-date: /home/zph/task/install/fast_lio/include/fast_lio/fast_lio
[0.367s] -- Up-to-date: /home/zph/task/install/fast_lio/include/fast_lio/fast_lio/msg
[0.367s] -- Up-to-date: /home/zph/task/install/fast_lio/include/fast_lio/fast_lio/msg/rosidl_generator_c__visibility_control.h
[0.367s] -- Up-to-date: /home/zph/task/install/fast_lio/include/fast_lio/fast_lio/msg/pose6_d.h
[0.367s] -- Up-to-date: /home/zph/task/install/fast_lio/include/fast_lio/fast_lio/msg/detail
[0.367s] -- Up-to-date: /home/zph/task/install/fast_lio/include/fast_lio/fast_lio/msg/detail/pose6_d__struct.h
[0.368s] -- Up-to-date: /home/zph/task/install/fast_lio/include/fast_lio/fast_lio/msg/detail/pose6_d__type_support.h
[0.368s] -- Up-to-date: /home/zph/task/install/fast_lio/include/fast_lio/fast_lio/msg/detail/pose6_d__functions.c
[0.368s] -- Up-to-date: /home/zph/task/install/fast_lio/include/fast_lio/fast_lio/msg/detail/pose6_d__functions.h
[0.368s] -- Up-to-date: /home/zph/task/install/fast_lio/share/fast_lio/environment/library_path.sh
[0.368s] -- Up-to-date: /home/zph/task/install/fast_lio/share/fast_lio/environment/library_path.dsv
[0.368s] -- Up-to-date: /home/zph/task/install/fast_lio/lib/libfast_lio__rosidl_generator_c.so
[0.368s] -- Up-to-date: /home/zph/task/install/fast_lio/include/fast_lio/fast_lio
[0.368s] -- Up-to-date: /home/zph/task/install/fast_lio/include/fast_lio/fast_lio/msg
[0.368s] -- Up-to-date: /home/zph/task/install/fast_lio/include/fast_lio/fast_lio/msg/detail
[0.368s] -- Up-to-date: /home/zph/task/install/fast_lio/include/fast_lio/fast_lio/msg/detail/pose6_d__rosidl_typesupport_fastrtps_c.h
[0.368s] -- Up-to-date: /home/zph/task/install/fast_lio/include/fast_lio/fast_lio/msg/rosidl_typesupport_fastrtps_c__visibility_control.h
[0.368s] -- Up-to-date: /home/zph/task/install/fast_lio/lib/libfast_lio__rosidl_typesupport_fastrtps_c.so
[0.368s] -- Up-to-date: /home/zph/task/install/fast_lio/include/fast_lio/fast_lio
[0.368s] -- Up-to-date: /home/zph/task/install/fast_lio/include/fast_lio/fast_lio/msg
[0.368s] -- Up-to-date: /home/zph/task/install/fast_lio/include/fast_lio/fast_lio/msg/pose6_d.hpp
[0.368s] -- Up-to-date: /home/zph/task/install/fast_lio/include/fast_lio/fast_lio/msg/rosidl_generator_cpp__visibility_control.hpp
[0.368s] -- Up-to-date: /home/zph/task/install/fast_lio/include/fast_lio/fast_lio/msg/detail
[0.368s] -- Up-to-date: /home/zph/task/install/fast_lio/include/fast_lio/fast_lio/msg/detail/pose6_d__builder.hpp
[0.368s] -- Up-to-date: /home/zph/task/install/fast_lio/include/fast_lio/fast_lio/msg/detail/pose6_d__traits.hpp
[0.368s] -- Up-to-date: /home/zph/task/install/fast_lio/include/fast_lio/fast_lio/msg/detail/pose6_d__struct.hpp
[0.368s] -- Up-to-date: /home/zph/task/install/fast_lio/include/fast_lio/fast_lio/msg/detail/pose6_d__type_support.hpp
[0.368s] -- Up-to-date: /home/zph/task/install/fast_lio/include/fast_lio/fast_lio
[0.368s] -- Up-to-date: /home/zph/task/install/fast_lio/include/fast_lio/fast_lio/msg
[0.368s] -- Up-to-date: /home/zph/task/install/fast_lio/include/fast_lio/fast_lio/msg/rosidl_typesupport_fastrtps_cpp__visibility_control.h
[0.368s] -- Up-to-date: /home/zph/task/install/fast_lio/include/fast_lio/fast_lio/msg/detail
[0.369s] -- Up-to-date: /home/zph/task/install/fast_lio/include/fast_lio/fast_lio/msg/detail/dds_fastrtps
[0.369s] -- Up-to-date: /home/zph/task/install/fast_lio/include/fast_lio/fast_lio/msg/detail/pose6_d__rosidl_typesupport_fastrtps_cpp.hpp
[0.369s] -- Up-to-date: /home/zph/task/install/fast_lio/lib/libfast_lio__rosidl_typesupport_fastrtps_cpp.so
[0.369s] -- Up-to-date: /home/zph/task/install/fast_lio/include/fast_lio/fast_lio
[0.369s] -- Up-to-date: /home/zph/task/install/fast_lio/include/fast_lio/fast_lio/msg
[0.369s] -- Up-to-date: /home/zph/task/install/fast_lio/include/fast_lio/fast_lio/msg/rosidl_typesupport_introspection_c__visibility_control.h
[0.369s] -- Up-to-date: /home/zph/task/install/fast_lio/include/fast_lio/fast_lio/msg/detail
[0.369s] -- Up-to-date: /home/zph/task/install/fast_lio/include/fast_lio/fast_lio/msg/detail/pose6_d__rosidl_typesupport_introspection_c.h
[0.369s] -- Up-to-date: /home/zph/task/install/fast_lio/include/fast_lio/fast_lio/msg/detail/pose6_d__type_support.c
[0.369s] -- Up-to-date: /home/zph/task/install/fast_lio/lib/libfast_lio__rosidl_typesupport_introspection_c.so
[0.369s] -- Up-to-date: /home/zph/task/install/fast_lio/lib/libfast_lio__rosidl_typesupport_c.so
[0.369s] -- Up-to-date: /home/zph/task/install/fast_lio/include/fast_lio/fast_lio
[0.369s] -- Up-to-date: /home/zph/task/install/fast_lio/include/fast_lio/fast_lio/msg
[0.369s] -- Up-to-date: /home/zph/task/install/fast_lio/include/fast_lio/fast_lio/msg/detail
[0.369s] -- Up-to-date: /home/zph/task/install/fast_lio/include/fast_lio/fast_lio/msg/detail/pose6_d__rosidl_typesupport_introspection_cpp.hpp
[0.369s] -- Up-to-date: /home/zph/task/install/fast_lio/include/fast_lio/fast_lio/msg/detail/pose6_d__type_support.cpp
[0.369s] -- Up-to-date: /home/zph/task/install/fast_lio/lib/libfast_lio__rosidl_typesupport_introspection_cpp.so
[0.369s] -- Up-to-date: /home/zph/task/install/fast_lio/lib/libfast_lio__rosidl_typesupport_cpp.so
[0.369s] -- Up-to-date: /home/zph/task/install/fast_lio/share/fast_lio/environment/pythonpath.sh
[0.369s] -- Up-to-date: /home/zph/task/install/fast_lio/share/fast_lio/environment/pythonpath.dsv
[0.369s] -- Up-to-date: /home/zph/task/install/fast_lio/local/lib/python3.10/dist-packages/fast_lio-0.0.0-py3.10.egg-info
[0.369s] -- Installing: /home/zph/task/install/fast_lio/local/lib/python3.10/dist-packages/fast_lio-0.0.0-py3.10.egg-info/dependency_links.txt
[0.369s] -- Installing: /home/zph/task/install/fast_lio/local/lib/python3.10/dist-packages/fast_lio-0.0.0-py3.10.egg-info/top_level.txt
[0.369s] -- Installing: /home/zph/task/install/fast_lio/local/lib/python3.10/dist-packages/fast_lio-0.0.0-py3.10.egg-info/PKG-INFO
[0.369s] -- Installing: /home/zph/task/install/fast_lio/local/lib/python3.10/dist-packages/fast_lio-0.0.0-py3.10.egg-info/SOURCES.txt
[0.369s] -- Up-to-date: /home/zph/task/install/fast_lio/local/lib/python3.10/dist-packages/fast_lio
[0.370s] -- Up-to-date: /home/zph/task/install/fast_lio/local/lib/python3.10/dist-packages/fast_lio/msg
[0.370s] -- Up-to-date: /home/zph/task/install/fast_lio/local/lib/python3.10/dist-packages/fast_lio/msg/__init__.py
[0.370s] -- Up-to-date: /home/zph/task/install/fast_lio/local/lib/python3.10/dist-packages/fast_lio/msg/_pose6_d_s.c
[0.370s] -- Up-to-date: /home/zph/task/install/fast_lio/local/lib/python3.10/dist-packages/fast_lio/msg/_pose6_d.py
[0.370s] -- Up-to-date: /home/zph/task/install/fast_lio/local/lib/python3.10/dist-packages/fast_lio/fast_lio_s__rosidl_typesupport_fastrtps_c.cpython-310-x86_64-linux-gnu.so
[0.370s] -- Up-to-date: /home/zph/task/install/fast_lio/local/lib/python3.10/dist-packages/fast_lio/__init__.py
[0.370s] -- Up-to-date: /home/zph/task/install/fast_lio/local/lib/python3.10/dist-packages/fast_lio/libfast_lio__rosidl_generator_py.so
[0.370s] -- Up-to-date: /home/zph/task/install/fast_lio/local/lib/python3.10/dist-packages/fast_lio/fast_lio_s__rosidl_typesupport_c.cpython-310-x86_64-linux-gnu.so
[0.370s] -- Up-to-date: /home/zph/task/install/fast_lio/local/lib/python3.10/dist-packages/fast_lio/_fast_lio_s.ep.rosidl_typesupport_introspection_c.c
[0.370s] -- Up-to-date: /home/zph/task/install/fast_lio/local/lib/python3.10/dist-packages/fast_lio/_fast_lio_s.ep.rosidl_typesupport_fastrtps_c.c
[0.370s] -- Up-to-date: /home/zph/task/install/fast_lio/local/lib/python3.10/dist-packages/fast_lio/_fast_lio_s.ep.rosidl_typesupport_c.c
[0.370s] -- Up-to-date: /home/zph/task/install/fast_lio/local/lib/python3.10/dist-packages/fast_lio/fast_lio_s__rosidl_typesupport_introspection_c.cpython-310-x86_64-linux-gnu.so
[0.391s] Listing '/home/zph/task/install/fast_lio/local/lib/python3.10/dist-packages/fast_lio'...
[0.391s] Listing '/home/zph/task/install/fast_lio/local/lib/python3.10/dist-packages/fast_lio/msg'...
[0.394s] -- Up-to-date: /home/zph/task/install/fast_lio/local/lib/python3.10/dist-packages/fast_lio/fast_lio_s__rosidl_typesupport_fastrtps_c.cpython-310-x86_64-linux-gnu.so
[0.394s] -- Up-to-date: /home/zph/task/install/fast_lio/local/lib/python3.10/dist-packages/fast_lio/fast_lio_s__rosidl_typesupport_introspection_c.cpython-310-x86_64-linux-gnu.so
[0.394s] -- Up-to-date: /home/zph/task/install/fast_lio/local/lib/python3.10/dist-packages/fast_lio/fast_lio_s__rosidl_typesupport_c.cpython-310-x86_64-linux-gnu.so
[0.394s] -- Up-to-date: /home/zph/task/install/fast_lio/lib/libfast_lio__rosidl_generator_py.so
[0.394s] -- Up-to-date: /home/zph/task/install/fast_lio/share/fast_lio/msg/Pose6D.idl
[0.394s] -- Up-to-date: /home/zph/task/install/fast_lio/share/fast_lio/msg/Pose6D.msg
[0.394s] -- Up-to-date: /home/zph/task/install/fast_lio/lib/fast_lio/fastlio_mapping
[0.394s] -- Up-to-date: /home/zph/task/install/fast_lio/share/fast_lio/config
[0.394s] -- Up-to-date: /home/zph/task/install/fast_lio/share/fast_lio/config/ouster64.yaml
[0.395s] -- Up-to-date: /home/zph/task/install/fast_lio/share/fast_lio/config/horizon.yamlZone.IdentifierZone.Identifier
[0.395s] -- Up-to-date: /home/zph/task/install/fast_lio/share/fast_lio/config/horizon.yaml
[0.395s] -- Up-to-date: /home/zph/task/install/fast_lio/share/fast_lio/config/ouster64.yamlZone.IdentifierZone.Identifier
[0.395s] -- Up-to-date: /home/zph/task/install/fast_lio/share/fast_lio/config/mid360.yaml
[0.395s] -- Up-to-date: /home/zph/task/install/fast_lio/share/fast_lio/config/velodyne.yaml
[0.395s] -- Up-to-date: /home/zph/task/install/fast_lio/share/fast_lio/config/avia.yamlZone.Identifier
[0.395s] -- Up-to-date: /home/zph/task/install/fast_lio/share/fast_lio/config/avia.yamlZone.IdentifierZone.Identifier
[0.395s] -- Up-to-date: /home/zph/task/install/fast_lio/share/fast_lio/config/velodyne.yamlZone.IdentifierZone.Identifier
[0.395s] -- Up-to-date: /home/zph/task/install/fast_lio/share/fast_lio/config/mid360.yamlZone.Identifier
[0.395s] -- Up-to-date: /home/zph/task/install/fast_lio/share/fast_lio/config/ouster64.yamlZone.Identifier
[0.395s] -- Up-to-date: /home/zph/task/install/fast_lio/share/fast_lio/config/mid360.yamlZone.IdentifierZone.Identifier
[0.395s] -- Up-to-date: /home/zph/task/install/fast_lio/share/fast_lio/config/velodyne.yamlZone.Identifier
[0.395s] -- Up-to-date: /home/zph/task/install/fast_lio/share/fast_lio/config/horizon.yamlZone.Identifier
[0.395s] -- Up-to-date: /home/zph/task/install/fast_lio/share/fast_lio/config/avia.yaml
[0.395s] -- Up-to-date: /home/zph/task/install/fast_lio/share/fast_lio/launch
[0.395s] -- Up-to-date: /home/zph/task/install/fast_lio/share/fast_lio/launch/gdb_debug_example.launchZone.Identifier
[0.396s] -- Up-to-date: /home/zph/task/install/fast_lio/share/fast_lio/launch/mapping.launch.py
[0.396s] -- Up-to-date: /home/zph/task/install/fast_lio/share/fast_lio/launch/gdb_debug_example.launchZone.IdentifierZone.Identifier
[0.396s] -- Up-to-date: /home/zph/task/install/fast_lio/share/fast_lio/launch/gdb_debug_example.launch
[0.396s] -- Up-to-date: /home/zph/task/install/fast_lio/share/fast_lio/launch/mapping.launch.pyZone.IdentifierZone.Identifier
[0.396s] -- Up-to-date: /home/zph/task/install/fast_lio/share/fast_lio/launch/mapping.launch.pyZone.Identifier
[0.396s] -- Up-to-date: /home/zph/task/install/fast_lio/share/fast_lio/rviz
[0.396s] -- Up-to-date: /home/zph/task/install/fast_lio/share/fast_lio/rviz/fastlio.rviz
[0.396s] -- Up-to-date: /home/zph/task/install/fast_lio/share/fast_lio/rviz/fastlio.rvizZone.Identifier
[0.396s] -- Up-to-date: /home/zph/task/install/fast_lio/share/fast_lio/rviz/fastlio.rvizZone.IdentifierZone.Identifier
[0.396s] -- Up-to-date: /home/zph/task/install/fast_lio/lib/fast_lio/map_save
[0.396s] -- Up-to-date: /home/zph/task/install/fast_lio/share/ament_index/resource_index/package_run_dependencies/fast_lio
[0.396s] -- Up-to-date: /home/zph/task/install/fast_lio/share/ament_index/resource_index/parent_prefix_path/fast_lio
[0.396s] -- Up-to-date: /home/zph/task/install/fast_lio/share/fast_lio/environment/ament_prefix_path.sh
[0.396s] -- Up-to-date: /home/zph/task/install/fast_lio/share/fast_lio/environment/ament_prefix_path.dsv
[0.396s] -- Up-to-date: /home/zph/task/install/fast_lio/share/fast_lio/environment/path.sh
[0.396s] -- Up-to-date: /home/zph/task/install/fast_lio/share/fast_lio/environment/path.dsv
[0.396s] -- Up-to-date: /home/zph/task/install/fast_lio/share/fast_lio/local_setup.bash
[0.396s] -- Up-to-date: /home/zph/task/install/fast_lio/share/fast_lio/local_setup.sh
[0.396s] -- Up-to-date: /home/zph/task/install/fast_lio/share/fast_lio/local_setup.zsh
[0.396s] -- Up-to-date: /home/zph/task/install/fast_lio/share/fast_lio/local_setup.dsv
[0.396s] -- Installing: /home/zph/task/install/fast_lio/share/fast_lio/package.dsv
[0.396s] -- Up-to-date: /home/zph/task/install/fast_lio/share/ament_index/resource_index/packages/fast_lio
[0.396s] -- Up-to-date: /home/zph/task/install/fast_lio/share/fast_lio/cmake/export_fast_lio__rosidl_generator_cExport.cmake
[0.396s] -- Up-to-date: /home/zph/task/install/fast_lio/share/fast_lio/cmake/export_fast_lio__rosidl_generator_cExport-release.cmake
[0.396s] -- Up-to-date: /home/zph/task/install/fast_lio/share/fast_lio/cmake/export_fast_lio__rosidl_typesupport_fastrtps_cExport.cmake
[0.396s] -- Up-to-date: /home/zph/task/install/fast_lio/share/fast_lio/cmake/export_fast_lio__rosidl_typesupport_fastrtps_cExport-release.cmake
[0.396s] -- Up-to-date: /home/zph/task/install/fast_lio/share/fast_lio/cmake/export_fast_lio__rosidl_generator_cppExport.cmake
[0.396s] -- Up-to-date: /home/zph/task/install/fast_lio/share/fast_lio/cmake/export_fast_lio__rosidl_typesupport_fastrtps_cppExport.cmake
[0.396s] -- Up-to-date: /home/zph/task/install/fast_lio/share/fast_lio/cmake/export_fast_lio__rosidl_typesupport_fastrtps_cppExport-release.cmake
[0.396s] -- Up-to-date: /home/zph/task/install/fast_lio/share/fast_lio/cmake/fast_lio__rosidl_typesupport_introspection_cExport.cmake
[0.396s] -- Up-to-date: /home/zph/task/install/fast_lio/share/fast_lio/cmake/fast_lio__rosidl_typesupport_introspection_cExport-release.cmake
[0.397s] -- Up-to-date: /home/zph/task/install/fast_lio/share/fast_lio/cmake/fast_lio__rosidl_typesupport_cExport.cmake
[0.397s] -- Up-to-date: /home/zph/task/install/fast_lio/share/fast_lio/cmake/fast_lio__rosidl_typesupport_cExport-release.cmake
[0.397s] -- Up-to-date: /home/zph/task/install/fast_lio/share/fast_lio/cmake/fast_lio__rosidl_typesupport_introspection_cppExport.cmake
[0.397s] -- Up-to-date: /home/zph/task/install/fast_lio/share/fast_lio/cmake/fast_lio__rosidl_typesupport_introspection_cppExport-release.cmake
[0.397s] -- Up-to-date: /home/zph/task/install/fast_lio/share/fast_lio/cmake/fast_lio__rosidl_typesupport_cppExport.cmake
[0.397s] -- Up-to-date: /home/zph/task/install/fast_lio/share/fast_lio/cmake/fast_lio__rosidl_typesupport_cppExport-release.cmake
[0.397s] -- Up-to-date: /home/zph/task/install/fast_lio/share/fast_lio/cmake/export_fast_lio__rosidl_generator_pyExport.cmake
[0.397s] -- Up-to-date: /home/zph/task/install/fast_lio/share/fast_lio/cmake/export_fast_lio__rosidl_generator_pyExport-release.cmake
[0.397s] -- Up-to-date: /home/zph/task/install/fast_lio/share/fast_lio/cmake/rosidl_cmake-extras.cmake
[0.397s] -- Up-to-date: /home/zph/task/install/fast_lio/share/fast_lio/cmake/ament_cmake_export_include_directories-extras.cmake
[0.397s] -- Up-to-date: /home/zph/task/install/fast_lio/share/fast_lio/cmake/ament_cmake_export_libraries-extras.cmake
[0.397s] -- Up-to-date: /home/zph/task/install/fast_lio/share/fast_lio/cmake/ament_cmake_export_targets-extras.cmake
[0.397s] -- Up-to-date: /home/zph/task/install/fast_lio/share/fast_lio/cmake/rosidl_cmake_export_typesupport_targets-extras.cmake
[0.397s] -- Up-to-date: /home/zph/task/install/fast_lio/share/fast_lio/cmake/ament_cmake_export_dependencies-extras.cmake
[0.397s] -- Up-to-date: /home/zph/task/install/fast_lio/share/fast_lio/cmake/rosidl_cmake_export_typesupport_libraries-extras.cmake
[0.397s] -- Up-to-date: /home/zph/task/install/fast_lio/share/fast_lio/cmake/fast_lioConfig.cmake
[0.397s] -- Up-to-date: /home/zph/task/install/fast_lio/share/fast_lio/cmake/fast_lioConfig-version.cmake
[0.397s] -- Up-to-date: /home/zph/task/install/fast_lio/share/fast_lio/package.xml
[0.399s] Invoked command in '/home/zph/task/build/fast_lio' returned '0': AMENT_PREFIX_PATH=/home/zph/task/install/livox_ros_driver2:${AMENT_PREFIX_PATH} CMAKE_PREFIX_PATH=/home/zph/task/install/livox_ros_driver2:/opt/ros/humble LD_LIBRARY_PATH=/home/zph/task/install/livox_ros_driver2/lib:/usr/local/cuda/lib64:/usr/local/cuda/lib64:/usr/lib/x86_64-linux-gnu/gazebo-11/plugins:/opt/ros/humble/opt/rviz_ogre_vendor/lib:/opt/ros/humble/lib/x86_64-linux-gnu:/opt/ros/humble/lib:/opt/MVS/lib/64:/opt/MVS/lib/32:/opt/MVS/lib/64:/opt/MVS/lib/32 PYTHONPATH=/home/zph/task/install/livox_ros_driver2/local/lib/python3.10/dist-packages:${PYTHONPATH} /usr/bin/cmake --install /home/zph/task/build/fast_lio
