[0.015s] Invoking command in '/home/zph/task/build/small_gicp_relocalization': CMAKE_PREFIX_PATH=/opt/ros/humble /usr/bin/cmake /home/zph/task/vision/dist/src/small_gicp_relocalization -DCMAKE_INSTALL_PREFIX=/home/zph/task/install/small_gicp_relocalization
[0.109s] -- The C compiler identification is GNU 12.3.0
[0.179s] -- The CXX compiler identification is GNU 11.4.0
[0.185s] -- Detecting C compiler ABI info
[0.245s] -- Detecting C compiler ABI info - done
[0.250s] -- Check for working C compiler: /usr/bin/cc - skipped
[0.250s] -- Detecting C compile features
[0.250s] -- Detecting C compile features - done
[0.252s] -- Detecting CXX compiler ABI info
[0.326s] -- Detecting CXX compiler ABI info - done
[0.331s] -- Check for working CXX compiler: /usr/bin/c++ - skipped
[0.331s] -- Detecting CXX compile features
[0.332s] -- Detecting CXX compile features - done
[0.333s] -- Found ament_cmake: 1.3.12 (/opt/ros/humble/share/ament_cmake/cmake)
[0.459s] -- Found Python3: /usr/bin/python3 (found version "3.10.12") found components: Interpreter 
[0.531s] -- Found rclcpp: 16.0.15 (/opt/ros/humble/share/rclcpp/cmake)
[0.578s] -- Found rosidl_generator_c: 3.1.7 (/opt/ros/humble/share/rosidl_generator_c/cmake)
[0.584s] -- Found rosidl_adapter: 3.1.7 (/opt/ros/humble/share/rosidl_adapter/cmake)
[0.593s] -- Found rosidl_generator_cpp: 3.1.7 (/opt/ros/humble/share/rosidl_generator_cpp/cmake)
[0.607s] -- Using all available rosidl_typesupport_c: rosidl_typesupport_fastrtps_c;rosidl_typesupport_introspection_c
[0.627s] -- Using all available rosidl_typesupport_cpp: rosidl_typesupport_fastrtps_cpp;rosidl_typesupport_introspection_cpp
[0.666s] -- Found rmw_implementation_cmake: 6.1.2 (/opt/ros/humble/share/rmw_implementation_cmake/cmake)
[0.669s] -- Found rmw_fastrtps_cpp: 6.2.9 (/opt/ros/humble/share/rmw_fastrtps_cpp/cmake)
[0.752s] -- Found OpenSSL: /usr/lib/x86_64-linux-gnu/libcrypto.so (found version "3.0.2")  
[0.772s] -- Found FastRTPS: /opt/ros/humble/include  
[0.805s] -- Using RMW implementation 'rmw_fastrtps_cpp' as default
[0.812s] -- Looking for pthread.h
[0.868s] -- Looking for pthread.h - found
[0.869s] -- Performing Test CMAKE_HAVE_LIBC_PTHREAD
[0.931s] -- Performing Test CMAKE_HAVE_LIBC_PTHREAD - Success
[0.932s] -- Found Threads: TRUE  
[0.982s] -- Found sensor_msgs: 4.9.0 (/opt/ros/humble/share/sensor_msgs/cmake)
[1.006s] -- Found tf2_ros: 0.25.16 (/opt/ros/humble/share/tf2_ros/cmake)
[1.101s] -- Checking for module 'eigen3'
[1.113s] --   Found eigen3, version 3.4.0
[1.139s] -- Found Eigen: /usr/include/eigen3 (Required is at least version "3.1") 
[1.139s] -- Eigen found (include: /usr/include/eigen3, version: 3.4.0)
[1.153s] -- Found Boost: /usr/lib/x86_64-linux-gnu/cmake/Boost-1.74.0/BoostConfig.cmake (found suitable version "1.74.0", minimum required is "1.65.0") found components: system filesystem date_time iostreams serialization 
[1.165s] -- Checking for module 'flann'
[1.175s] --   Found flann, version 1.9.1
[1.206s] -- Found FLANN: /usr/lib/x86_64-linux-gnu/libflann_cpp.so  
[1.206s] -- FLANN found (include: /usr/include, lib: /usr/lib/x86_64-linux-gnu/libflann_cpp.so)
[1.230s] -- Found GLEW: /usr/lib/x86_64-linux-gnu/libGLEW.so  
[1.234s] -- Found OpenGL: /usr/lib/x86_64-linux-gnu/libOpenGL.so  found components: OpenGL GLX 
[1.342s] -- Found MPI_C: /usr/lib/x86_64-linux-gnu/libmpi.so (found version "3.1") 
[1.342s] -- Found MPI: TRUE (found version "3.1") found components: C 
[1.344s] -- Found JsonCpp: /usr/lib/x86_64-linux-gnu/libjsoncpp.so (found suitable version "1.9.5", minimum required is "0.7.0") 
[1.352s] -- Found ZLIB: /usr/lib/x86_64-linux-gnu/libz.so (found version "1.2.11") 
[1.363s] -- Found PNG: /usr/lib/x86_64-linux-gnu/libpng.so (found version "1.6.37") 
[1.373s] -- Found Eigen3: /usr/include/eigen3 (found version "3.4.0") 
[1.444s] -- Found X11: /usr/include   
[1.444s] -- Looking for XOpenDisplay in /usr/lib/x86_64-linux-gnu/libX11.so;/usr/lib/x86_64-linux-gnu/libXext.so
[1.522s] -- Looking for XOpenDisplay in /usr/lib/x86_64-linux-gnu/libX11.so;/usr/lib/x86_64-linux-gnu/libXext.so - found
[1.522s] -- Looking for gethostbyname
[1.585s] -- Looking for gethostbyname - found
[1.585s] -- Looking for connect
[1.663s] -- Looking for connect - found
[1.663s] -- Looking for remove
[1.741s] -- Looking for remove - found
[1.741s] -- Looking for shmat
[1.815s] -- Looking for shmat - found
[1.815s] -- Looking for IceConnectionNumber in ICE
[1.890s] -- Looking for IceConnectionNumber in ICE - found
[1.974s] -- Found EXPAT: /usr/lib/x86_64-linux-gnu/libexpat.so (found version "2.4.7") 
[1.976s] -- Found double-conversion: /usr/lib/x86_64-linux-gnu/libdouble-conversion.so  
[1.978s] -- Found LZ4: /usr/lib/x86_64-linux-gnu/liblz4.so (found version "1.9.3") 
[1.980s] -- Found LZMA: /usr/lib/x86_64-linux-gnu/liblzma.so (found version "5.2.5") 
[1.989s] -- Found JPEG: /usr/lib/x86_64-linux-gnu/libjpeg.so (found version "80") 
[1.994s] -- Found TIFF: /usr/lib/x86_64-linux-gnu/libtiff.so (found version "4.3.0")  
[1.997s] -- Found Freetype: /usr/lib/x86_64-linux-gnu/libfreetype.so (found version "2.11.1") 
[2.002s] -- Found utf8cpp: /usr/include/utf8cpp  
[2.070s] -- Checking for module 'libusb-1.0'
[2.081s] --   Found libusb-1.0, version 1.0.27
[2.116s] -- Found libusb: /usr/local/lib/libusb-1.0.so  
[2.117s] -- Found OpenNI: /usr/lib/libOpenNI.so;libusb::libusb (found version "1.5.4.0") 
[2.117s] -- OpenNI found (version: 1.5.4.0, include: /usr/include/ni, lib: /usr/lib/libOpenNI.so;libusb::libusb)
[2.168s] -- Found OpenNI2: /usr/lib/x86_64-linux-gnu/libOpenNI2.so;libusb::libusb (found version "2.2.0.33") 
[2.168s] -- OpenNI2 found (version: 2.2.0.33, include: /usr/include/openni2, lib: /usr/lib/x86_64-linux-gnu/libOpenNI2.so;libusb::libusb)
[2.168s] [0m** WARNING ** io features related to pcap will be disabled[0m
[2.289s] -- Eigen found (include: /usr/include/eigen3, version: 3.4.0)
[2.294s] -- OpenNI found (version: 1.5.4.0, include: /usr/include/ni, lib: /usr/lib/libOpenNI.so;libusb::libusb)
[2.300s] -- OpenNI2 found (version: 2.2.0.33, include: /usr/include/openni2, lib: /usr/lib/x86_64-linux-gnu/libOpenNI2.so;libusb::libusb)
[2.406s] -- Found Qhull version 8.0.2
[2.517s] -- OpenNI found (version: 1.5.4.0, include: /usr/include/ni, lib: /usr/lib/libOpenNI.so;libusb::libusb)
[2.620s] -- looking for PCL_COMMON
[2.620s] -- Found PCL_COMMON: /usr/lib/x86_64-linux-gnu/libpcl_common.so  
[2.620s] -- looking for PCL_KDTREE
[2.621s] -- Found PCL_KDTREE: /usr/lib/x86_64-linux-gnu/libpcl_kdtree.so  
[2.621s] -- looking for PCL_OCTREE
[2.621s] -- Found PCL_OCTREE: /usr/lib/x86_64-linux-gnu/libpcl_octree.so  
[2.622s] -- looking for PCL_SEARCH
[2.622s] -- Found PCL_SEARCH: /usr/lib/x86_64-linux-gnu/libpcl_search.so  
[2.622s] -- looking for PCL_SAMPLE_CONSENSUS
[2.623s] -- Found PCL_SAMPLE_CONSENSUS: /usr/lib/x86_64-linux-gnu/libpcl_sample_consensus.so  
[2.623s] -- looking for PCL_FILTERS
[2.623s] -- Found PCL_FILTERS: /usr/lib/x86_64-linux-gnu/libpcl_filters.so  
[2.624s] -- looking for PCL_2D
[2.624s] -- Found PCL_2D: /usr/include/pcl-1.12  
[2.624s] -- looking for PCL_GEOMETRY
[2.624s] -- Found PCL_GEOMETRY: /usr/include/pcl-1.12  
[2.624s] -- looking for PCL_IO
[2.625s] -- Found PCL_IO: /usr/lib/x86_64-linux-gnu/libpcl_io.so  
[2.625s] -- looking for PCL_FEATURES
[2.625s] -- Found PCL_FEATURES: /usr/lib/x86_64-linux-gnu/libpcl_features.so  
[2.626s] -- looking for PCL_ML
[2.626s] -- Found PCL_ML: /usr/lib/x86_64-linux-gnu/libpcl_ml.so  
[2.627s] -- looking for PCL_SEGMENTATION
[2.627s] -- Found PCL_SEGMENTATION: /usr/lib/x86_64-linux-gnu/libpcl_segmentation.so  
[2.627s] -- looking for PCL_VISUALIZATION
[2.628s] -- Found PCL_VISUALIZATION: /usr/lib/x86_64-linux-gnu/libpcl_visualization.so  
[2.628s] -- looking for PCL_SURFACE
[2.629s] -- Found PCL_SURFACE: /usr/lib/x86_64-linux-gnu/libpcl_surface.so  
[2.629s] -- looking for PCL_REGISTRATION
[2.630s] -- Found PCL_REGISTRATION: /usr/lib/x86_64-linux-gnu/libpcl_registration.so  
[2.630s] -- looking for PCL_KEYPOINTS
[2.630s] -- Found PCL_KEYPOINTS: /usr/lib/x86_64-linux-gnu/libpcl_keypoints.so  
[2.631s] -- looking for PCL_TRACKING
[2.631s] -- Found PCL_TRACKING: /usr/lib/x86_64-linux-gnu/libpcl_tracking.so  
[2.631s] -- looking for PCL_RECOGNITION
[2.632s] -- Found PCL_RECOGNITION: /usr/lib/x86_64-linux-gnu/libpcl_recognition.so  
[2.632s] -- looking for PCL_STEREO
[2.633s] -- Found PCL_STEREO: /usr/lib/x86_64-linux-gnu/libpcl_stereo.so  
[2.633s] -- looking for PCL_APPS
[2.633s] -- Found PCL_APPS: /usr/lib/x86_64-linux-gnu/libpcl_apps.so  
[2.634s] -- looking for PCL_IN_HAND_SCANNER
[2.634s] -- Found PCL_IN_HAND_SCANNER: /usr/include/pcl-1.12  
[2.634s] -- looking for PCL_MODELER
[2.634s] -- Found PCL_MODELER: /usr/include/pcl-1.12  
[2.634s] -- looking for PCL_POINT_CLOUD_EDITOR
[2.635s] -- Found PCL_POINT_CLOUD_EDITOR: /usr/include/pcl-1.12  
[2.635s] -- looking for PCL_OUTOFCORE
[2.635s] -- Found PCL_OUTOFCORE: /usr/lib/x86_64-linux-gnu/libpcl_outofcore.so  
[2.635s] -- looking for PCL_PEOPLE
[2.636s] -- Found PCL_PEOPLE: /usr/lib/x86_64-linux-gnu/libpcl_people.so  
[2.637s] -- Found PCL: pcl_common;pcl_kdtree;pcl_octree;pcl_search;pcl_sample_consensus;pcl_filters;pcl_io;pcl_features;pcl_ml;pcl_segmentation;pcl_visualization;pcl_surface;pcl_registration;pcl_keypoints;pcl_tracking;pcl_recognition;pcl_stereo;pcl_apps;pcl_outofcore;pcl_people;Boost::system;Boost::filesystem;Boost::date_time;Boost::iostreams;Boost::serialization;/usr/lib/libOpenNI.so;libusb::libusb;/usr/lib/x86_64-linux-gnu/libOpenNI2.so;libusb::libusb;VTK::ChartsCore;VTK::CommonColor;VTK::CommonComputationalGeometry;VTK::CommonCore;VTK::CommonDataModel;VTK::CommonExecutionModel;VTK::CommonMath;VTK::CommonMisc;VTK::CommonTransforms;VTK::FiltersCore;VTK::FiltersExtraction;VTK::FiltersGeneral;VTK::FiltersGeometry;VTK::FiltersModeling;VTK::FiltersSources;VTK::ImagingCore;VTK::ImagingSources;VTK::InteractionImage;VTK::InteractionStyle;VTK::InteractionWidgets;VTK::IOCore;VTK::IOGeometry;VTK::IOImage;VTK::IOLegacy;VTK::IOPLY;VTK::RenderingAnnotation;VTK::RenderingCore;VTK::RenderingContext2D;VTK::RenderingLOD;VTK::RenderingFreeType;VTK::ViewsCore;VTK::ViewsContext2D;VTK::RenderingOpenGL2;VTK::GUISupportQt;FLANN::FLANN;QHULL::QHULL  
[2.638s] -- Found pcl_conversions: 2.4.5 (/opt/ros/humble/share/pcl_conversions/cmake)
[2.707s] -- Configuring done
[2.745s] -- Generating done
[2.751s] -- Build files have been written to: /home/zph/task/build/small_gicp_relocalization
[2.764s] Invoked command in '/home/zph/task/build/small_gicp_relocalization' returned '0': CMAKE_PREFIX_PATH=/opt/ros/humble /usr/bin/cmake /home/zph/task/vision/dist/src/small_gicp_relocalization -DCMAKE_INSTALL_PREFIX=/home/zph/task/install/small_gicp_relocalization
[2.766s] Invoking command in '/home/zph/task/build/small_gicp_relocalization': CMAKE_PREFIX_PATH=/opt/ros/humble /usr/bin/cmake --build /home/zph/task/build/small_gicp_relocalization -- -j20 -l20
[2.804s] [ 50%] [32mBuilding CXX object CMakeFiles/relocalization_node.dir/src/relocalization_node.cpp.o[0m
[12.258s] [100%] [32m[1mLinking CXX executable relocalization_node[0m
[12.841s] [100%] Built target relocalization_node
[12.851s] Invoked command in '/home/zph/task/build/small_gicp_relocalization' returned '0': CMAKE_PREFIX_PATH=/opt/ros/humble /usr/bin/cmake --build /home/zph/task/build/small_gicp_relocalization -- -j20 -l20
[12.852s] Invoking command in '/home/zph/task/build/small_gicp_relocalization': CMAKE_PREFIX_PATH=/opt/ros/humble /usr/bin/cmake --install /home/zph/task/build/small_gicp_relocalization
[12.857s] -- Install configuration: ""
[12.857s] -- Installing: /home/zph/task/install/small_gicp_relocalization/lib/small_gicp_relocalization/relocalization_node
[12.859s] -- Set runtime path of "/home/zph/task/install/small_gicp_relocalization/lib/small_gicp_relocalization/relocalization_node" to ""
[12.859s] -- Installing: /home/zph/task/install/small_gicp_relocalization/share/small_gicp_relocalization/launch
[12.859s] -- Installing: /home/zph/task/install/small_gicp_relocalization/share/small_gicp_relocalization/launch/relocalization.launch.pyZone.Identifier
[12.859s] -- Installing: /home/zph/task/install/small_gicp_relocalization/share/small_gicp_relocalization/launch/relocalization.launch.py
[12.860s] -- Installing: /home/zph/task/install/small_gicp_relocalization/share/small_gicp_relocalization/config
[12.860s] -- Installing: /home/zph/task/install/small_gicp_relocalization/share/small_gicp_relocalization/config/relocalization.yaml
[12.860s] -- Installing: /home/zph/task/install/small_gicp_relocalization/share/small_gicp_relocalization/config/relocalization.yamlZone.Identifier
[12.860s] -- Installing: /home/zph/task/install/small_gicp_relocalization/share/ament_index/resource_index/package_run_dependencies/small_gicp_relocalization
[12.860s] -- Installing: /home/zph/task/install/small_gicp_relocalization/share/ament_index/resource_index/parent_prefix_path/small_gicp_relocalization
[12.860s] -- Installing: /home/zph/task/install/small_gicp_relocalization/share/small_gicp_relocalization/environment/ament_prefix_path.sh
[12.860s] -- Installing: /home/zph/task/install/small_gicp_relocalization/share/small_gicp_relocalization/environment/ament_prefix_path.dsv
[12.860s] -- Installing: /home/zph/task/install/small_gicp_relocalization/share/small_gicp_relocalization/environment/path.sh
[12.860s] -- Installing: /home/zph/task/install/small_gicp_relocalization/share/small_gicp_relocalization/environment/path.dsv
[12.860s] -- Installing: /home/zph/task/install/small_gicp_relocalization/share/small_gicp_relocalization/local_setup.bash
[12.861s] -- Installing: /home/zph/task/install/small_gicp_relocalization/share/small_gicp_relocalization/local_setup.sh
[12.861s] -- Installing: /home/zph/task/install/small_gicp_relocalization/share/small_gicp_relocalization/local_setup.zsh
[12.861s] -- Installing: /home/zph/task/install/small_gicp_relocalization/share/small_gicp_relocalization/local_setup.dsv
[12.861s] -- Installing: /home/zph/task/install/small_gicp_relocalization/share/small_gicp_relocalization/package.dsv
[12.861s] -- Installing: /home/zph/task/install/small_gicp_relocalization/share/ament_index/resource_index/packages/small_gicp_relocalization
[12.861s] -- Installing: /home/zph/task/install/small_gicp_relocalization/share/small_gicp_relocalization/cmake/small_gicp_relocalizationConfig.cmake
[12.861s] -- Installing: /home/zph/task/install/small_gicp_relocalization/share/small_gicp_relocalization/cmake/small_gicp_relocalizationConfig-version.cmake
[12.861s] -- Installing: /home/zph/task/install/small_gicp_relocalization/share/small_gicp_relocalization/package.xml
[12.862s] Invoked command in '/home/zph/task/build/small_gicp_relocalization' returned '0': CMAKE_PREFIX_PATH=/opt/ros/humble /usr/bin/cmake --install /home/zph/task/build/small_gicp_relocalization
