[0.021s] Invoking command in '/home/zph/task/build/fast_lio': CMAKE_PREFIX_PATH=/home/zph/task/install/livox_ros_driver2:/home/zph/task/install/small_gicp_relocalization:/home/zph/task/install/qos_debugger:/home/zph/task/install/ballistic_solver:/home/zph/task/install/robot_msg:/home/zph/task/install/fast_lio:/opt/ros/humble LD_LIBRARY_PATH=/home/zph/task/install/livox_ros_driver2/lib:/home/zph/task/install/robot_msg/lib:/home/zph/task/install/fast_lio/lib:/usr/local/cuda/lib64:/usr/local/cuda/lib64:/usr/lib/x86_64-linux-gnu/gazebo-11/plugins:/opt/ros/humble/opt/rviz_ogre_vendor/lib:/opt/ros/humble/lib/x86_64-linux-gnu:/opt/ros/humble/lib:/opt/MVS/lib/64:/opt/MVS/lib/32:/opt/MVS/lib/64:/opt/MVS/lib/32 /usr/bin/cmake --build /home/zph/task/build/fast_lio -- -j20 -l20
[0.066s] [  5%] Built target map_save
[0.066s] [  8%] Built target fast_lio__cpp
[0.069s] [ 16%] Built target fast_lio__rosidl_generator_c
[0.080s] [ 16%] Built target ament_cmake_python_copy_fast_lio
[0.084s] [ 27%] Built target fast_lio__rosidl_typesupport_introspection_c
[0.085s] [ 32%] Built target fast_lio__rosidl_typesupport_fastrtps_cpp
[0.085s] [ 40%] Built target fast_lio__rosidl_typesupport_cpp
[0.088s] [ 48%] Built target fast_lio__rosidl_typesupport_introspection_cpp
[0.088s] [ 56%] Built target fast_lio__rosidl_typesupport_c
[0.090s] [ 64%] Built target fast_lio__rosidl_typesupport_fastrtps_c
[0.108s] [ 64%] Built target fast_lio
[0.118s] [ 75%] Built target fastlio_mapping
[0.124s] [ 78%] Built target fast_lio__py
[0.143s] [ 83%] Built target fast_lio__rosidl_generator_py
[0.159s] [ 89%] Built target fast_lio__rosidl_typesupport_c__pyext
[0.162s] [ 94%] Built target fast_lio__rosidl_typesupport_introspection_c__pyext
[0.164s] [100%] Built target fast_lio__rosidl_typesupport_fastrtps_c__pyext
[0.246s] running egg_info
[0.247s] writing fast_lio.egg-info/PKG-INFO
[0.247s] writing dependency_links to fast_lio.egg-info/dependency_links.txt
[0.247s] writing top-level names to fast_lio.egg-info/top_level.txt
[0.248s] reading manifest file 'fast_lio.egg-info/SOURCES.txt'
[0.249s] writing manifest file 'fast_lio.egg-info/SOURCES.txt'
[0.267s] [100%] Built target ament_cmake_python_build_fast_lio_egg
[0.276s] Invoked command in '/home/zph/task/build/fast_lio' returned '0': CMAKE_PREFIX_PATH=/home/zph/task/install/livox_ros_driver2:/home/zph/task/install/small_gicp_relocalization:/home/zph/task/install/qos_debugger:/home/zph/task/install/ballistic_solver:/home/zph/task/install/robot_msg:/home/zph/task/install/fast_lio:/opt/ros/humble LD_LIBRARY_PATH=/home/zph/task/install/livox_ros_driver2/lib:/home/zph/task/install/robot_msg/lib:/home/zph/task/install/fast_lio/lib:/usr/local/cuda/lib64:/usr/local/cuda/lib64:/usr/lib/x86_64-linux-gnu/gazebo-11/plugins:/opt/ros/humble/opt/rviz_ogre_vendor/lib:/opt/ros/humble/lib/x86_64-linux-gnu:/opt/ros/humble/lib:/opt/MVS/lib/64:/opt/MVS/lib/32:/opt/MVS/lib/64:/opt/MVS/lib/32 /usr/bin/cmake --build /home/zph/task/build/fast_lio -- -j20 -l20
[0.278s] Invoking command in '/home/zph/task/build/fast_lio': CMAKE_PREFIX_PATH=/home/zph/task/install/livox_ros_driver2:/home/zph/task/install/small_gicp_relocalization:/home/zph/task/install/qos_debugger:/home/zph/task/install/ballistic_solver:/home/zph/task/install/robot_msg:/home/zph/task/install/fast_lio:/opt/ros/humble LD_LIBRARY_PATH=/home/zph/task/install/livox_ros_driver2/lib:/home/zph/task/install/robot_msg/lib:/home/zph/task/install/fast_lio/lib:/usr/local/cuda/lib64:/usr/local/cuda/lib64:/usr/lib/x86_64-linux-gnu/gazebo-11/plugins:/opt/ros/humble/opt/rviz_ogre_vendor/lib:/opt/ros/humble/lib/x86_64-linux-gnu:/opt/ros/humble/lib:/opt/MVS/lib/64:/opt/MVS/lib/32:/opt/MVS/lib/64:/opt/MVS/lib/32 /usr/bin/cmake --install /home/zph/task/build/fast_lio
[0.283s] -- Install configuration: "Release"
[0.284s] -- Up-to-date: /home/zph/task/install/fast_lio/share/ament_index/resource_index/rosidl_interfaces/fast_lio
[0.284s] -- Up-to-date: /home/zph/task/install/fast_lio/include/fast_lio/fast_lio
[0.284s] -- Up-to-date: /home/zph/task/install/fast_lio/include/fast_lio/fast_lio/msg
[0.284s] -- Up-to-date: /home/zph/task/install/fast_lio/include/fast_lio/fast_lio/msg/rosidl_generator_c__visibility_control.h
[0.284s] -- Up-to-date: /home/zph/task/install/fast_lio/include/fast_lio/fast_lio/msg/pose6_d.h
[0.284s] -- Up-to-date: /home/zph/task/install/fast_lio/include/fast_lio/fast_lio/msg/detail
[0.284s] -- Up-to-date: /home/zph/task/install/fast_lio/include/fast_lio/fast_lio/msg/detail/pose6_d__struct.h
[0.284s] -- Up-to-date: /home/zph/task/install/fast_lio/include/fast_lio/fast_lio/msg/detail/pose6_d__type_support.h
[0.284s] -- Up-to-date: /home/zph/task/install/fast_lio/include/fast_lio/fast_lio/msg/detail/pose6_d__functions.c
[0.284s] -- Up-to-date: /home/zph/task/install/fast_lio/include/fast_lio/fast_lio/msg/detail/pose6_d__functions.h
[0.285s] -- Up-to-date: /home/zph/task/install/fast_lio/share/fast_lio/environment/library_path.sh
[0.285s] -- Up-to-date: /home/zph/task/install/fast_lio/share/fast_lio/environment/library_path.dsv
[0.285s] -- Up-to-date: /home/zph/task/install/fast_lio/lib/libfast_lio__rosidl_generator_c.so
[0.285s] -- Up-to-date: /home/zph/task/install/fast_lio/include/fast_lio/fast_lio
[0.285s] -- Up-to-date: /home/zph/task/install/fast_lio/include/fast_lio/fast_lio/msg
[0.285s] -- Up-to-date: /home/zph/task/install/fast_lio/include/fast_lio/fast_lio/msg/detail
[0.285s] -- Up-to-date: /home/zph/task/install/fast_lio/include/fast_lio/fast_lio/msg/detail/pose6_d__rosidl_typesupport_fastrtps_c.h
[0.285s] -- Up-to-date: /home/zph/task/install/fast_lio/include/fast_lio/fast_lio/msg/rosidl_typesupport_fastrtps_c__visibility_control.h
[0.285s] -- Up-to-date: /home/zph/task/install/fast_lio/lib/libfast_lio__rosidl_typesupport_fastrtps_c.so
[0.285s] -- Up-to-date: /home/zph/task/install/fast_lio/include/fast_lio/fast_lio
[0.285s] -- Up-to-date: /home/zph/task/install/fast_lio/include/fast_lio/fast_lio/msg
[0.285s] -- Up-to-date: /home/zph/task/install/fast_lio/include/fast_lio/fast_lio/msg/pose6_d.hpp
[0.285s] -- Up-to-date: /home/zph/task/install/fast_lio/include/fast_lio/fast_lio/msg/rosidl_generator_cpp__visibility_control.hpp
[0.286s] -- Up-to-date: /home/zph/task/install/fast_lio/include/fast_lio/fast_lio/msg/detail
[0.286s] -- Up-to-date: /home/zph/task/install/fast_lio/include/fast_lio/fast_lio/msg/detail/pose6_d__builder.hpp
[0.286s] -- Up-to-date: /home/zph/task/install/fast_lio/include/fast_lio/fast_lio/msg/detail/pose6_d__traits.hpp
[0.286s] -- Up-to-date: /home/zph/task/install/fast_lio/include/fast_lio/fast_lio/msg/detail/pose6_d__struct.hpp
[0.286s] -- Up-to-date: /home/zph/task/install/fast_lio/include/fast_lio/fast_lio/msg/detail/pose6_d__type_support.hpp
[0.286s] -- Up-to-date: /home/zph/task/install/fast_lio/include/fast_lio/fast_lio
[0.286s] -- Up-to-date: /home/zph/task/install/fast_lio/include/fast_lio/fast_lio/msg
[0.286s] -- Up-to-date: /home/zph/task/install/fast_lio/include/fast_lio/fast_lio/msg/rosidl_typesupport_fastrtps_cpp__visibility_control.h
[0.286s] -- Up-to-date: /home/zph/task/install/fast_lio/include/fast_lio/fast_lio/msg/detail
[0.286s] -- Up-to-date: /home/zph/task/install/fast_lio/include/fast_lio/fast_lio/msg/detail/dds_fastrtps
[0.286s] -- Up-to-date: /home/zph/task/install/fast_lio/include/fast_lio/fast_lio/msg/detail/pose6_d__rosidl_typesupport_fastrtps_cpp.hpp
[0.286s] -- Up-to-date: /home/zph/task/install/fast_lio/lib/libfast_lio__rosidl_typesupport_fastrtps_cpp.so
[0.286s] -- Up-to-date: /home/zph/task/install/fast_lio/include/fast_lio/fast_lio
[0.286s] -- Up-to-date: /home/zph/task/install/fast_lio/include/fast_lio/fast_lio/msg
[0.286s] -- Up-to-date: /home/zph/task/install/fast_lio/include/fast_lio/fast_lio/msg/rosidl_typesupport_introspection_c__visibility_control.h
[0.286s] -- Up-to-date: /home/zph/task/install/fast_lio/include/fast_lio/fast_lio/msg/detail
[0.286s] -- Up-to-date: /home/zph/task/install/fast_lio/include/fast_lio/fast_lio/msg/detail/pose6_d__rosidl_typesupport_introspection_c.h
[0.286s] -- Up-to-date: /home/zph/task/install/fast_lio/include/fast_lio/fast_lio/msg/detail/pose6_d__type_support.c
[0.286s] -- Up-to-date: /home/zph/task/install/fast_lio/lib/libfast_lio__rosidl_typesupport_introspection_c.so
[0.286s] -- Up-to-date: /home/zph/task/install/fast_lio/lib/libfast_lio__rosidl_typesupport_c.so
[0.286s] -- Up-to-date: /home/zph/task/install/fast_lio/include/fast_lio/fast_lio
[0.286s] -- Up-to-date: /home/zph/task/install/fast_lio/include/fast_lio/fast_lio/msg
[0.286s] -- Up-to-date: /home/zph/task/install/fast_lio/include/fast_lio/fast_lio/msg/detail
[0.286s] -- Up-to-date: /home/zph/task/install/fast_lio/include/fast_lio/fast_lio/msg/detail/pose6_d__rosidl_typesupport_introspection_cpp.hpp
[0.286s] -- Up-to-date: /home/zph/task/install/fast_lio/include/fast_lio/fast_lio/msg/detail/pose6_d__type_support.cpp
[0.286s] -- Up-to-date: /home/zph/task/install/fast_lio/lib/libfast_lio__rosidl_typesupport_introspection_cpp.so
[0.287s] -- Up-to-date: /home/zph/task/install/fast_lio/lib/libfast_lio__rosidl_typesupport_cpp.so
[0.287s] -- Up-to-date: /home/zph/task/install/fast_lio/share/fast_lio/environment/pythonpath.sh
[0.287s] -- Up-to-date: /home/zph/task/install/fast_lio/share/fast_lio/environment/pythonpath.dsv
[0.287s] -- Up-to-date: /home/zph/task/install/fast_lio/local/lib/python3.10/dist-packages/fast_lio-0.0.0-py3.10.egg-info
[0.287s] -- Installing: /home/zph/task/install/fast_lio/local/lib/python3.10/dist-packages/fast_lio-0.0.0-py3.10.egg-info/dependency_links.txt
[0.287s] -- Installing: /home/zph/task/install/fast_lio/local/lib/python3.10/dist-packages/fast_lio-0.0.0-py3.10.egg-info/top_level.txt
[0.287s] -- Installing: /home/zph/task/install/fast_lio/local/lib/python3.10/dist-packages/fast_lio-0.0.0-py3.10.egg-info/PKG-INFO
[0.287s] -- Installing: /home/zph/task/install/fast_lio/local/lib/python3.10/dist-packages/fast_lio-0.0.0-py3.10.egg-info/SOURCES.txt
[0.287s] -- Up-to-date: /home/zph/task/install/fast_lio/local/lib/python3.10/dist-packages/fast_lio
[0.287s] -- Up-to-date: /home/zph/task/install/fast_lio/local/lib/python3.10/dist-packages/fast_lio/msg
[0.287s] -- Up-to-date: /home/zph/task/install/fast_lio/local/lib/python3.10/dist-packages/fast_lio/msg/__init__.py
[0.287s] -- Up-to-date: /home/zph/task/install/fast_lio/local/lib/python3.10/dist-packages/fast_lio/msg/_pose6_d_s.c
[0.287s] -- Up-to-date: /home/zph/task/install/fast_lio/local/lib/python3.10/dist-packages/fast_lio/msg/_pose6_d.py
[0.287s] -- Up-to-date: /home/zph/task/install/fast_lio/local/lib/python3.10/dist-packages/fast_lio/fast_lio_s__rosidl_typesupport_fastrtps_c.cpython-310-x86_64-linux-gnu.so
[0.287s] -- Up-to-date: /home/zph/task/install/fast_lio/local/lib/python3.10/dist-packages/fast_lio/__init__.py
[0.287s] -- Up-to-date: /home/zph/task/install/fast_lio/local/lib/python3.10/dist-packages/fast_lio/libfast_lio__rosidl_generator_py.so
[0.287s] -- Up-to-date: /home/zph/task/install/fast_lio/local/lib/python3.10/dist-packages/fast_lio/fast_lio_s__rosidl_typesupport_c.cpython-310-x86_64-linux-gnu.so
[0.287s] -- Up-to-date: /home/zph/task/install/fast_lio/local/lib/python3.10/dist-packages/fast_lio/_fast_lio_s.ep.rosidl_typesupport_introspection_c.c
[0.287s] -- Up-to-date: /home/zph/task/install/fast_lio/local/lib/python3.10/dist-packages/fast_lio/_fast_lio_s.ep.rosidl_typesupport_fastrtps_c.c
[0.287s] -- Up-to-date: /home/zph/task/install/fast_lio/local/lib/python3.10/dist-packages/fast_lio/_fast_lio_s.ep.rosidl_typesupport_c.c
[0.287s] -- Up-to-date: /home/zph/task/install/fast_lio/local/lib/python3.10/dist-packages/fast_lio/fast_lio_s__rosidl_typesupport_introspection_c.cpython-310-x86_64-linux-gnu.so
[0.314s] Listing '/home/zph/task/install/fast_lio/local/lib/python3.10/dist-packages/fast_lio'...
[0.314s] Listing '/home/zph/task/install/fast_lio/local/lib/python3.10/dist-packages/fast_lio/msg'...
[0.317s] -- Up-to-date: /home/zph/task/install/fast_lio/local/lib/python3.10/dist-packages/fast_lio/fast_lio_s__rosidl_typesupport_fastrtps_c.cpython-310-x86_64-linux-gnu.so
[0.317s] -- Up-to-date: /home/zph/task/install/fast_lio/local/lib/python3.10/dist-packages/fast_lio/fast_lio_s__rosidl_typesupport_introspection_c.cpython-310-x86_64-linux-gnu.so
[0.317s] -- Up-to-date: /home/zph/task/install/fast_lio/local/lib/python3.10/dist-packages/fast_lio/fast_lio_s__rosidl_typesupport_c.cpython-310-x86_64-linux-gnu.so
[0.318s] -- Up-to-date: /home/zph/task/install/fast_lio/lib/libfast_lio__rosidl_generator_py.so
[0.318s] -- Up-to-date: /home/zph/task/install/fast_lio/share/fast_lio/msg/Pose6D.idl
[0.318s] -- Up-to-date: /home/zph/task/install/fast_lio/share/fast_lio/msg/Pose6D.msg
[0.318s] -- Up-to-date: /home/zph/task/install/fast_lio/lib/fast_lio/fastlio_mapping
[0.318s] -- Up-to-date: /home/zph/task/install/fast_lio/share/fast_lio/config
[0.318s] -- Up-to-date: /home/zph/task/install/fast_lio/share/fast_lio/config/ouster64.yaml
[0.318s] -- Up-to-date: /home/zph/task/install/fast_lio/share/fast_lio/config/horizon.yamlZone.IdentifierZone.Identifier
[0.318s] -- Up-to-date: /home/zph/task/install/fast_lio/share/fast_lio/config/horizon.yaml
[0.319s] -- Up-to-date: /home/zph/task/install/fast_lio/share/fast_lio/config/ouster64.yamlZone.IdentifierZone.Identifier
[0.319s] -- Up-to-date: /home/zph/task/install/fast_lio/share/fast_lio/config/mid360.yaml
[0.319s] -- Up-to-date: /home/zph/task/install/fast_lio/share/fast_lio/config/velodyne.yaml
[0.319s] -- Up-to-date: /home/zph/task/install/fast_lio/share/fast_lio/config/avia.yamlZone.Identifier
[0.319s] -- Up-to-date: /home/zph/task/install/fast_lio/share/fast_lio/config/avia.yamlZone.IdentifierZone.Identifier
[0.319s] -- Up-to-date: /home/zph/task/install/fast_lio/share/fast_lio/config/velodyne.yamlZone.IdentifierZone.Identifier
[0.319s] -- Up-to-date: /home/zph/task/install/fast_lio/share/fast_lio/config/mid360.yamlZone.Identifier
[0.319s] -- Up-to-date: /home/zph/task/install/fast_lio/share/fast_lio/config/ouster64.yamlZone.Identifier
[0.319s] -- Up-to-date: /home/zph/task/install/fast_lio/share/fast_lio/config/mid360.yamlZone.IdentifierZone.Identifier
[0.319s] -- Up-to-date: /home/zph/task/install/fast_lio/share/fast_lio/config/velodyne.yamlZone.Identifier
[0.319s] -- Up-to-date: /home/zph/task/install/fast_lio/share/fast_lio/config/horizon.yamlZone.Identifier
[0.319s] -- Up-to-date: /home/zph/task/install/fast_lio/share/fast_lio/config/avia.yaml
[0.319s] -- Up-to-date: /home/zph/task/install/fast_lio/share/fast_lio/launch
[0.320s] -- Up-to-date: /home/zph/task/install/fast_lio/share/fast_lio/launch/gdb_debug_example.launchZone.Identifier
[0.320s] -- Up-to-date: /home/zph/task/install/fast_lio/share/fast_lio/launch/mapping.launch.py
[0.320s] -- Up-to-date: /home/zph/task/install/fast_lio/share/fast_lio/launch/gdb_debug_example.launchZone.IdentifierZone.Identifier
[0.320s] -- Up-to-date: /home/zph/task/install/fast_lio/share/fast_lio/launch/gdb_debug_example.launch
[0.320s] -- Up-to-date: /home/zph/task/install/fast_lio/share/fast_lio/launch/mapping.launch.pyZone.IdentifierZone.Identifier
[0.320s] -- Up-to-date: /home/zph/task/install/fast_lio/share/fast_lio/launch/mapping.launch.pyZone.Identifier
[0.320s] -- Up-to-date: /home/zph/task/install/fast_lio/share/fast_lio/rviz
[0.320s] -- Up-to-date: /home/zph/task/install/fast_lio/share/fast_lio/rviz/fastlio.rviz
[0.320s] -- Up-to-date: /home/zph/task/install/fast_lio/share/fast_lio/rviz/fastlio.rvizZone.Identifier
[0.320s] -- Up-to-date: /home/zph/task/install/fast_lio/share/fast_lio/rviz/fastlio.rvizZone.IdentifierZone.Identifier
[0.320s] -- Up-to-date: /home/zph/task/install/fast_lio/lib/fast_lio/map_save
[0.320s] -- Up-to-date: /home/zph/task/install/fast_lio/share/ament_index/resource_index/package_run_dependencies/fast_lio
[0.320s] -- Up-to-date: /home/zph/task/install/fast_lio/share/ament_index/resource_index/parent_prefix_path/fast_lio
[0.320s] -- Up-to-date: /home/zph/task/install/fast_lio/share/fast_lio/environment/ament_prefix_path.sh
[0.320s] -- Up-to-date: /home/zph/task/install/fast_lio/share/fast_lio/environment/ament_prefix_path.dsv
[0.320s] -- Up-to-date: /home/zph/task/install/fast_lio/share/fast_lio/environment/path.sh
[0.320s] -- Up-to-date: /home/zph/task/install/fast_lio/share/fast_lio/environment/path.dsv
[0.320s] -- Up-to-date: /home/zph/task/install/fast_lio/share/fast_lio/local_setup.bash
[0.320s] -- Up-to-date: /home/zph/task/install/fast_lio/share/fast_lio/local_setup.sh
[0.320s] -- Up-to-date: /home/zph/task/install/fast_lio/share/fast_lio/local_setup.zsh
[0.320s] -- Up-to-date: /home/zph/task/install/fast_lio/share/fast_lio/local_setup.dsv
[0.321s] -- Installing: /home/zph/task/install/fast_lio/share/fast_lio/package.dsv
[0.321s] -- Up-to-date: /home/zph/task/install/fast_lio/share/ament_index/resource_index/packages/fast_lio
[0.321s] -- Up-to-date: /home/zph/task/install/fast_lio/share/fast_lio/cmake/export_fast_lio__rosidl_generator_cExport.cmake
[0.321s] -- Up-to-date: /home/zph/task/install/fast_lio/share/fast_lio/cmake/export_fast_lio__rosidl_generator_cExport-release.cmake
[0.321s] -- Up-to-date: /home/zph/task/install/fast_lio/share/fast_lio/cmake/export_fast_lio__rosidl_typesupport_fastrtps_cExport.cmake
[0.321s] -- Up-to-date: /home/zph/task/install/fast_lio/share/fast_lio/cmake/export_fast_lio__rosidl_typesupport_fastrtps_cExport-release.cmake
[0.321s] -- Up-to-date: /home/zph/task/install/fast_lio/share/fast_lio/cmake/export_fast_lio__rosidl_generator_cppExport.cmake
[0.321s] -- Up-to-date: /home/zph/task/install/fast_lio/share/fast_lio/cmake/export_fast_lio__rosidl_typesupport_fastrtps_cppExport.cmake
[0.321s] -- Up-to-date: /home/zph/task/install/fast_lio/share/fast_lio/cmake/export_fast_lio__rosidl_typesupport_fastrtps_cppExport-release.cmake
[0.321s] -- Up-to-date: /home/zph/task/install/fast_lio/share/fast_lio/cmake/fast_lio__rosidl_typesupport_introspection_cExport.cmake
[0.321s] -- Up-to-date: /home/zph/task/install/fast_lio/share/fast_lio/cmake/fast_lio__rosidl_typesupport_introspection_cExport-release.cmake
[0.321s] -- Up-to-date: /home/zph/task/install/fast_lio/share/fast_lio/cmake/fast_lio__rosidl_typesupport_cExport.cmake
[0.321s] -- Up-to-date: /home/zph/task/install/fast_lio/share/fast_lio/cmake/fast_lio__rosidl_typesupport_cExport-release.cmake
[0.322s] -- Up-to-date: /home/zph/task/install/fast_lio/share/fast_lio/cmake/fast_lio__rosidl_typesupport_introspection_cppExport.cmake
[0.322s] -- Up-to-date: /home/zph/task/install/fast_lio/share/fast_lio/cmake/fast_lio__rosidl_typesupport_introspection_cppExport-release.cmake
[0.322s] -- Up-to-date: /home/zph/task/install/fast_lio/share/fast_lio/cmake/fast_lio__rosidl_typesupport_cppExport.cmake
[0.322s] -- Up-to-date: /home/zph/task/install/fast_lio/share/fast_lio/cmake/fast_lio__rosidl_typesupport_cppExport-release.cmake
[0.322s] -- Up-to-date: /home/zph/task/install/fast_lio/share/fast_lio/cmake/export_fast_lio__rosidl_generator_pyExport.cmake
[0.322s] -- Up-to-date: /home/zph/task/install/fast_lio/share/fast_lio/cmake/export_fast_lio__rosidl_generator_pyExport-release.cmake
[0.322s] -- Up-to-date: /home/zph/task/install/fast_lio/share/fast_lio/cmake/rosidl_cmake-extras.cmake
[0.322s] -- Up-to-date: /home/zph/task/install/fast_lio/share/fast_lio/cmake/ament_cmake_export_include_directories-extras.cmake
[0.322s] -- Up-to-date: /home/zph/task/install/fast_lio/share/fast_lio/cmake/ament_cmake_export_libraries-extras.cmake
[0.322s] -- Up-to-date: /home/zph/task/install/fast_lio/share/fast_lio/cmake/ament_cmake_export_targets-extras.cmake
[0.322s] -- Up-to-date: /home/zph/task/install/fast_lio/share/fast_lio/cmake/rosidl_cmake_export_typesupport_targets-extras.cmake
[0.322s] -- Up-to-date: /home/zph/task/install/fast_lio/share/fast_lio/cmake/ament_cmake_export_dependencies-extras.cmake
[0.323s] -- Up-to-date: /home/zph/task/install/fast_lio/share/fast_lio/cmake/rosidl_cmake_export_typesupport_libraries-extras.cmake
[0.323s] -- Up-to-date: /home/zph/task/install/fast_lio/share/fast_lio/cmake/fast_lioConfig.cmake
[0.323s] -- Up-to-date: /home/zph/task/install/fast_lio/share/fast_lio/cmake/fast_lioConfig-version.cmake
[0.323s] -- Up-to-date: /home/zph/task/install/fast_lio/share/fast_lio/package.xml
[0.324s] Invoked command in '/home/zph/task/build/fast_lio' returned '0': CMAKE_PREFIX_PATH=/home/zph/task/install/livox_ros_driver2:/home/zph/task/install/small_gicp_relocalization:/home/zph/task/install/qos_debugger:/home/zph/task/install/ballistic_solver:/home/zph/task/install/robot_msg:/home/zph/task/install/fast_lio:/opt/ros/humble LD_LIBRARY_PATH=/home/zph/task/install/livox_ros_driver2/lib:/home/zph/task/install/robot_msg/lib:/home/zph/task/install/fast_lio/lib:/usr/local/cuda/lib64:/usr/local/cuda/lib64:/usr/lib/x86_64-linux-gnu/gazebo-11/plugins:/opt/ros/humble/opt/rviz_ogre_vendor/lib:/opt/ros/humble/lib/x86_64-linux-gnu:/opt/ros/humble/lib:/opt/MVS/lib/64:/opt/MVS/lib/32:/opt/MVS/lib/64:/opt/MVS/lib/32 /usr/bin/cmake --install /home/zph/task/build/fast_lio
