[35m[1mConsolidate compiler generated dependencies of target qos_debugger_node[0m
[ 50%] [32mBuilding CXX object CMakeFiles/qos_debugger_node.dir/src/qos_debugger_node.cpp.o[0m
[100%] [32m[1mLinking CXX executable qos_debugger_node[0m
[100%] Built target qos_debugger_node
-- Install configuration: ""
-- Installing: /home/zph/task/install/qos_debugger/lib/qos_debugger/qos_debugger_node
-- Set runtime path of "/home/zph/task/install/qos_debugger/lib/qos_debugger/qos_debugger_node" to ""
-- Up-to-date: /home/zph/task/install/qos_debugger/share/qos_debugger/launch
-- Up-to-date: /home/zph/task/install/qos_debugger/share/qos_debugger/launch/qos_debugger.launch.pyZone.Identifier
-- Up-to-date: /home/zph/task/install/qos_debugger/share/qos_debugger/launch/qos_debugger.launch.py
-- Up-to-date: /home/zph/task/install/qos_debugger/share/ament_index/resource_index/package_run_dependencies/qos_debugger
-- Up-to-date: /home/zph/task/install/qos_debugger/share/ament_index/resource_index/parent_prefix_path/qos_debugger
-- Up-to-date: /home/zph/task/install/qos_debugger/share/qos_debugger/environment/ament_prefix_path.sh
-- Up-to-date: /home/zph/task/install/qos_debugger/share/qos_debugger/environment/ament_prefix_path.dsv
-- Up-to-date: /home/zph/task/install/qos_debugger/share/qos_debugger/environment/path.sh
-- Up-to-date: /home/zph/task/install/qos_debugger/share/qos_debugger/environment/path.dsv
-- Up-to-date: /home/zph/task/install/qos_debugger/share/qos_debugger/local_setup.bash
-- Up-to-date: /home/zph/task/install/qos_debugger/share/qos_debugger/local_setup.sh
-- Up-to-date: /home/zph/task/install/qos_debugger/share/qos_debugger/local_setup.zsh
-- Up-to-date: /home/zph/task/install/qos_debugger/share/qos_debugger/local_setup.dsv
-- Installing: /home/zph/task/install/qos_debugger/share/qos_debugger/package.dsv
-- Up-to-date: /home/zph/task/install/qos_debugger/share/ament_index/resource_index/packages/qos_debugger
-- Up-to-date: /home/zph/task/install/qos_debugger/share/qos_debugger/cmake/qos_debuggerConfig.cmake
-- Up-to-date: /home/zph/task/install/qos_debugger/share/qos_debugger/cmake/qos_debuggerConfig-version.cmake
-- Up-to-date: /home/zph/task/install/qos_debugger/share/qos_debugger/package.xml
