[0.038s] Invoking command in '/home/zph/task/build/ballistic_solver': CMAKE_PREFIX_PATH=/home/zph/task/install/robot_msg:/home/zph/task/install/small_gicp_relocalization:/home/zph/task/install/qos_debugger:/home/zph/task/install/ballistic_solver:/home/zph/task/install/fast_lio:/home/zph/task/install/livox_ros_driver2:/opt/ros/humble LD_LIBRARY_PATH=/home/zph/task/install/robot_msg/lib:/home/zph/task/install/fast_lio/lib:/home/zph/task/install/livox_ros_driver2/lib:/usr/local/cuda/lib64:/usr/local/cuda/lib64:/usr/lib/x86_64-linux-gnu/gazebo-11/plugins:/opt/ros/humble/opt/rviz_ogre_vendor/lib:/opt/ros/humble/lib/x86_64-linux-gnu:/opt/ros/humble/lib:/opt/MVS/lib/64:/opt/MVS/lib/32:/opt/MVS/lib/64:/opt/MVS/lib/32 /usr/bin/cmake --build /home/zph/task/build/ballistic_solver -- -j20 -l20
[0.090s] [100%] Built target solver_node
[0.098s] Invoked command in '/home/zph/task/build/ballistic_solver' returned '0': CMAKE_PREFIX_PATH=/home/zph/task/install/robot_msg:/home/zph/task/install/small_gicp_relocalization:/home/zph/task/install/qos_debugger:/home/zph/task/install/ballistic_solver:/home/zph/task/install/fast_lio:/home/zph/task/install/livox_ros_driver2:/opt/ros/humble LD_LIBRARY_PATH=/home/zph/task/install/robot_msg/lib:/home/zph/task/install/fast_lio/lib:/home/zph/task/install/livox_ros_driver2/lib:/usr/local/cuda/lib64:/usr/local/cuda/lib64:/usr/lib/x86_64-linux-gnu/gazebo-11/plugins:/opt/ros/humble/opt/rviz_ogre_vendor/lib:/opt/ros/humble/lib/x86_64-linux-gnu:/opt/ros/humble/lib:/opt/MVS/lib/64:/opt/MVS/lib/32:/opt/MVS/lib/64:/opt/MVS/lib/32 /usr/bin/cmake --build /home/zph/task/build/ballistic_solver -- -j20 -l20
[0.100s] Invoking command in '/home/zph/task/build/ballistic_solver': CMAKE_PREFIX_PATH=/home/zph/task/install/robot_msg:/home/zph/task/install/small_gicp_relocalization:/home/zph/task/install/qos_debugger:/home/zph/task/install/ballistic_solver:/home/zph/task/install/fast_lio:/home/zph/task/install/livox_ros_driver2:/opt/ros/humble LD_LIBRARY_PATH=/home/zph/task/install/robot_msg/lib:/home/zph/task/install/fast_lio/lib:/home/zph/task/install/livox_ros_driver2/lib:/usr/local/cuda/lib64:/usr/local/cuda/lib64:/usr/lib/x86_64-linux-gnu/gazebo-11/plugins:/opt/ros/humble/opt/rviz_ogre_vendor/lib:/opt/ros/humble/lib/x86_64-linux-gnu:/opt/ros/humble/lib:/opt/MVS/lib/64:/opt/MVS/lib/32:/opt/MVS/lib/64:/opt/MVS/lib/32 /usr/bin/cmake --install /home/zph/task/build/ballistic_solver
[0.106s] -- Install configuration: ""
[0.106s] -- Up-to-date: /home/zph/task/install/ballistic_solver/lib/ballistic_solver/solver_node
[0.107s] -- Up-to-date: /home/zph/task/install/ballistic_solver/include
[0.107s] -- Up-to-date: /home/zph/task/install/ballistic_solver/include/ballistic_solver
[0.107s] -- Up-to-date: /home/zph/task/install/ballistic_solver/include/ballistic_solver/ballistic_solver.hpp
[0.107s] -- Up-to-date: /home/zph/task/install/ballistic_solver/include/ballistic_solver/ballistic_solver.hppZone.Identifier
[0.107s] -- Up-to-date: /home/zph/task/install/ballistic_solver/share/ament_index/resource_index/package_run_dependencies/ballistic_solver
[0.107s] -- Up-to-date: /home/zph/task/install/ballistic_solver/share/ament_index/resource_index/parent_prefix_path/ballistic_solver
[0.109s] -- Up-to-date: /home/zph/task/install/ballistic_solver/share/ballistic_solver/environment/ament_prefix_path.sh
[0.110s] -- Up-to-date: /home/zph/task/install/ballistic_solver/share/ballistic_solver/environment/ament_prefix_path.dsv
[0.110s] -- Up-to-date: /home/zph/task/install/ballistic_solver/share/ballistic_solver/environment/path.sh
[0.110s] -- Up-to-date: /home/zph/task/install/ballistic_solver/share/ballistic_solver/environment/path.dsv
[0.110s] -- Up-to-date: /home/zph/task/install/ballistic_solver/share/ballistic_solver/local_setup.bash
[0.110s] -- Up-to-date: /home/zph/task/install/ballistic_solver/share/ballistic_solver/local_setup.sh
[0.110s] -- Up-to-date: /home/zph/task/install/ballistic_solver/share/ballistic_solver/local_setup.zsh
[0.111s] -- Up-to-date: /home/zph/task/install/ballistic_solver/share/ballistic_solver/local_setup.dsv
[0.111s] -- Installing: /home/zph/task/install/ballistic_solver/share/ballistic_solver/package.dsv
[0.111s] -- Up-to-date: /home/zph/task/install/ballistic_solver/share/ament_index/resource_index/packages/ballistic_solver
[0.111s] -- Up-to-date: /home/zph/task/install/ballistic_solver/share/ballistic_solver/cmake/ballistic_solverConfig.cmake
[0.111s] -- Up-to-date: /home/zph/task/install/ballistic_solver/share/ballistic_solver/cmake/ballistic_solverConfig-version.cmake
[0.111s] -- Up-to-date: /home/zph/task/install/ballistic_solver/share/ballistic_solver/package.xml
[0.111s] Invoked command in '/home/zph/task/build/ballistic_solver' returned '0': CMAKE_PREFIX_PATH=/home/zph/task/install/robot_msg:/home/zph/task/install/small_gicp_relocalization:/home/zph/task/install/qos_debugger:/home/zph/task/install/ballistic_solver:/home/zph/task/install/fast_lio:/home/zph/task/install/livox_ros_driver2:/opt/ros/humble LD_LIBRARY_PATH=/home/zph/task/install/robot_msg/lib:/home/zph/task/install/fast_lio/lib:/home/zph/task/install/livox_ros_driver2/lib:/usr/local/cuda/lib64:/usr/local/cuda/lib64:/usr/lib/x86_64-linux-gnu/gazebo-11/plugins:/opt/ros/humble/opt/rviz_ogre_vendor/lib:/opt/ros/humble/lib/x86_64-linux-gnu:/opt/ros/humble/lib:/opt/MVS/lib/64:/opt/MVS/lib/32:/opt/MVS/lib/64:/opt/MVS/lib/32 /usr/bin/cmake --install /home/zph/task/build/ballistic_solver
