-- The C compiler identification is GNU 12.3.0
-- The CXX compiler identification is GNU 11.4.0
-- Detecting C compiler ABI info
-- Detecting C compiler ABI info - done
-- Check for working C compiler: /usr/bin/cc - skipped
-- Detecting C compile features
-- Detecting C compile features - done
-- Detecting CXX compiler ABI info
-- Detecting CXX compiler ABI info - done
-- Check for working CXX compiler: /usr/bin/c++ - skipped
-- Detecting CXX compile features
-- Detecting CXX compile features - done
-- Found ament_cmake: 1.3.12 (/opt/ros/humble/share/ament_cmake/cmake)
-- Found Python3: /usr/bin/python3 (found version "3.10.12") found components: Interpreter 
-- Found rclcpp: 16.0.15 (/opt/ros/humble/share/rclcpp/cmake)
-- Found rosidl_generator_c: 3.1.7 (/opt/ros/humble/share/rosidl_generator_c/cmake)
-- Found rosidl_adapter: 3.1.7 (/opt/ros/humble/share/rosidl_adapter/cmake)
-- Found rosidl_generator_cpp: 3.1.7 (/opt/ros/humble/share/rosidl_generator_cpp/cmake)
-- Using all available rosidl_typesupport_c: rosidl_typesupport_fastrtps_c;rosidl_typesupport_introspection_c
-- Using all available rosidl_typesupport_cpp: rosidl_typesupport_fastrtps_cpp;rosidl_typesupport_introspection_cpp
-- Found rmw_implementation_cmake: 6.1.2 (/opt/ros/humble/share/rmw_implementation_cmake/cmake)
-- Found rmw_fastrtps_cpp: 6.2.9 (/opt/ros/humble/share/rmw_fastrtps_cpp/cmake)
-- Found OpenSSL: /usr/lib/x86_64-linux-gnu/libcrypto.so (found version "3.0.2")  
-- Found FastRTPS: /opt/ros/humble/include  
-- Using RMW implementation 'rmw_fastrtps_cpp' as default
-- Looking for pthread.h
-- Looking for pthread.h - found
-- Performing Test CMAKE_HAVE_LIBC_PTHREAD
-- Performing Test CMAKE_HAVE_LIBC_PTHREAD - Success
-- Found Threads: TRUE  
-- Found geometry_msgs: 4.9.0 (/opt/ros/humble/share/geometry_msgs/cmake)
-- Found tf2_ros: 0.25.16 (/opt/ros/humble/share/tf2_ros/cmake)
-- Found robot_msg: 0.0.1 (/home/zph/task/install/robot_msg/share/robot_msg/cmake)
-- Configuring done
-- Generating done
-- Build files have been written to: /home/zph/task/build/ballistic_solver
[ 50%] [32mBuilding CXX object CMakeFiles/solver_node.dir/src/ballistic_solver_node.cpp.o[0m
[100%] [32m[1mLinking CXX executable solver_node[0m
[100%] Built target solver_node
-- Install configuration: ""
-- Installing: /home/zph/task/install/ballistic_solver/lib/ballistic_solver/solver_node
-- Set runtime path of "/home/zph/task/install/ballistic_solver/lib/ballistic_solver/solver_node" to ""
-- Installing: /home/zph/task/install/ballistic_solver/include
-- Installing: /home/zph/task/install/ballistic_solver/include/ballistic_solver
-- Installing: /home/zph/task/install/ballistic_solver/include/ballistic_solver/ballistic_solver.hpp
-- Installing: /home/zph/task/install/ballistic_solver/include/ballistic_solver/ballistic_solver.hppZone.Identifier
-- Installing: /home/zph/task/install/ballistic_solver/share/ament_index/resource_index/package_run_dependencies/ballistic_solver
-- Installing: /home/zph/task/install/ballistic_solver/share/ament_index/resource_index/parent_prefix_path/ballistic_solver
-- Installing: /home/zph/task/install/ballistic_solver/share/ballistic_solver/environment/ament_prefix_path.sh
-- Installing: /home/zph/task/install/ballistic_solver/share/ballistic_solver/environment/ament_prefix_path.dsv
-- Installing: /home/zph/task/install/ballistic_solver/share/ballistic_solver/environment/path.sh
-- Installing: /home/zph/task/install/ballistic_solver/share/ballistic_solver/environment/path.dsv
-- Installing: /home/zph/task/install/ballistic_solver/share/ballistic_solver/local_setup.bash
-- Installing: /home/zph/task/install/ballistic_solver/share/ballistic_solver/local_setup.sh
-- Installing: /home/zph/task/install/ballistic_solver/share/ballistic_solver/local_setup.zsh
-- Installing: /home/zph/task/install/ballistic_solver/share/ballistic_solver/local_setup.dsv
-- Installing: /home/zph/task/install/ballistic_solver/share/ballistic_solver/package.dsv
-- Installing: /home/zph/task/install/ballistic_solver/share/ament_index/resource_index/packages/ballistic_solver
-- Installing: /home/zph/task/install/ballistic_solver/share/ballistic_solver/cmake/ballistic_solverConfig.cmake
-- Installing: /home/zph/task/install/ballistic_solver/share/ballistic_solver/cmake/ballistic_solverConfig-version.cmake
-- Installing: /home/zph/task/install/ballistic_solver/share/ballistic_solver/package.xml
