[0.009s] Invoking command in '/home/zph/task/build/ballistic_solver': AMENT_PREFIX_PATH=/home/zph/task/install/robot_msg:${AMENT_PREFIX_PATH} CMAKE_PREFIX_PATH=/home/zph/task/install/robot_msg:/opt/ros/humble LD_LIBRARY_PATH=/home/zph/task/install/robot_msg/lib:/usr/local/cuda/lib64:/usr/local/cuda/lib64:/usr/lib/x86_64-linux-gnu/gazebo-11/plugins:/opt/ros/humble/opt/rviz_ogre_vendor/lib:/opt/ros/humble/lib/x86_64-linux-gnu:/opt/ros/humble/lib:/opt/MVS/lib/64:/opt/MVS/lib/32:/opt/MVS/lib/64:/opt/MVS/lib/32 PYTHONPATH=/home/zph/task/install/robot_msg/local/lib/python3.10/dist-packages:${PYTHONPATH} /usr/bin/cmake /home/zph/task/vision/dist/src/ballistic_solver -DCMAKE_INSTALL_PREFIX=/home/zph/task/install/ballistic_solver
[0.057s] -- The C compiler identification is GNU 12.3.0
[0.098s] -- The CXX compiler identification is GNU 11.4.0
[0.103s] -- Detecting C compiler ABI info
[0.155s] -- Detecting C compiler ABI info - done
[0.161s] -- Check for working C compiler: /usr/bin/cc - skipped
[0.161s] -- Detecting C compile features
[0.161s] -- Detecting C compile features - done
[0.164s] -- Detecting CXX compiler ABI info
[0.226s] -- Detecting CXX compiler ABI info - done
[0.231s] -- Check for working CXX compiler: /usr/bin/c++ - skipped
[0.232s] -- Detecting CXX compile features
[0.232s] -- Detecting CXX compile features - done
[0.234s] -- Found ament_cmake: 1.3.12 (/opt/ros/humble/share/ament_cmake/cmake)
[0.340s] -- Found Python3: /usr/bin/python3 (found version "3.10.12") found components: Interpreter 
[0.407s] -- Found rclcpp: 16.0.15 (/opt/ros/humble/share/rclcpp/cmake)
[0.439s] -- Found rosidl_generator_c: 3.1.7 (/opt/ros/humble/share/rosidl_generator_c/cmake)
[0.443s] -- Found rosidl_adapter: 3.1.7 (/opt/ros/humble/share/rosidl_adapter/cmake)
[0.449s] -- Found rosidl_generator_cpp: 3.1.7 (/opt/ros/humble/share/rosidl_generator_cpp/cmake)
[0.460s] -- Using all available rosidl_typesupport_c: rosidl_typesupport_fastrtps_c;rosidl_typesupport_introspection_c
[0.472s] -- Using all available rosidl_typesupport_cpp: rosidl_typesupport_fastrtps_cpp;rosidl_typesupport_introspection_cpp
[0.504s] -- Found rmw_implementation_cmake: 6.1.2 (/opt/ros/humble/share/rmw_implementation_cmake/cmake)
[0.506s] -- Found rmw_fastrtps_cpp: 6.2.9 (/opt/ros/humble/share/rmw_fastrtps_cpp/cmake)
[0.572s] -- Found OpenSSL: /usr/lib/x86_64-linux-gnu/libcrypto.so (found version "3.0.2")  
[0.606s] -- Found FastRTPS: /opt/ros/humble/include  
[0.647s] -- Using RMW implementation 'rmw_fastrtps_cpp' as default
[0.654s] -- Looking for pthread.h
[0.719s] -- Looking for pthread.h - found
[0.720s] -- Performing Test CMAKE_HAVE_LIBC_PTHREAD
[0.789s] -- Performing Test CMAKE_HAVE_LIBC_PTHREAD - Success
[0.791s] -- Found Threads: TRUE  
[0.861s] -- Found geometry_msgs: 4.9.0 (/opt/ros/humble/share/geometry_msgs/cmake)
[0.879s] -- Found tf2_ros: 0.25.16 (/opt/ros/humble/share/tf2_ros/cmake)
[1.010s] -- Found robot_msg: 0.0.1 (/home/zph/task/install/robot_msg/share/robot_msg/cmake)
[1.110s] -- Configuring done
[1.125s] -- Generating done
[1.130s] -- Build files have been written to: /home/zph/task/build/ballistic_solver
[1.141s] Invoked command in '/home/zph/task/build/ballistic_solver' returned '0': AMENT_PREFIX_PATH=/home/zph/task/install/robot_msg:${AMENT_PREFIX_PATH} CMAKE_PREFIX_PATH=/home/zph/task/install/robot_msg:/opt/ros/humble LD_LIBRARY_PATH=/home/zph/task/install/robot_msg/lib:/usr/local/cuda/lib64:/usr/local/cuda/lib64:/usr/lib/x86_64-linux-gnu/gazebo-11/plugins:/opt/ros/humble/opt/rviz_ogre_vendor/lib:/opt/ros/humble/lib/x86_64-linux-gnu:/opt/ros/humble/lib:/opt/MVS/lib/64:/opt/MVS/lib/32:/opt/MVS/lib/64:/opt/MVS/lib/32 PYTHONPATH=/home/zph/task/install/robot_msg/local/lib/python3.10/dist-packages:${PYTHONPATH} /usr/bin/cmake /home/zph/task/vision/dist/src/ballistic_solver -DCMAKE_INSTALL_PREFIX=/home/zph/task/install/ballistic_solver
[1.144s] Invoking command in '/home/zph/task/build/ballistic_solver': AMENT_PREFIX_PATH=/home/zph/task/install/robot_msg:${AMENT_PREFIX_PATH} CMAKE_PREFIX_PATH=/home/zph/task/install/robot_msg:/opt/ros/humble LD_LIBRARY_PATH=/home/zph/task/install/robot_msg/lib:/usr/local/cuda/lib64:/usr/local/cuda/lib64:/usr/lib/x86_64-linux-gnu/gazebo-11/plugins:/opt/ros/humble/opt/rviz_ogre_vendor/lib:/opt/ros/humble/lib/x86_64-linux-gnu:/opt/ros/humble/lib:/opt/MVS/lib/64:/opt/MVS/lib/32:/opt/MVS/lib/64:/opt/MVS/lib/32 PYTHONPATH=/home/zph/task/install/robot_msg/local/lib/python3.10/dist-packages:${PYTHONPATH} /usr/bin/cmake --build /home/zph/task/build/ballistic_solver -- -j20 -l20
[1.205s] [ 50%] [32mBuilding CXX object CMakeFiles/solver_node.dir/src/ballistic_solver_node.cpp.o[0m
[4.402s] [100%] [32m[1mLinking CXX executable solver_node[0m
[4.528s] [100%] Built target solver_node
[4.540s] Invoked command in '/home/zph/task/build/ballistic_solver' returned '0': AMENT_PREFIX_PATH=/home/zph/task/install/robot_msg:${AMENT_PREFIX_PATH} CMAKE_PREFIX_PATH=/home/zph/task/install/robot_msg:/opt/ros/humble LD_LIBRARY_PATH=/home/zph/task/install/robot_msg/lib:/usr/local/cuda/lib64:/usr/local/cuda/lib64:/usr/lib/x86_64-linux-gnu/gazebo-11/plugins:/opt/ros/humble/opt/rviz_ogre_vendor/lib:/opt/ros/humble/lib/x86_64-linux-gnu:/opt/ros/humble/lib:/opt/MVS/lib/64:/opt/MVS/lib/32:/opt/MVS/lib/64:/opt/MVS/lib/32 PYTHONPATH=/home/zph/task/install/robot_msg/local/lib/python3.10/dist-packages:${PYTHONPATH} /usr/bin/cmake --build /home/zph/task/build/ballistic_solver -- -j20 -l20
[4.542s] Invoking command in '/home/zph/task/build/ballistic_solver': AMENT_PREFIX_PATH=/home/zph/task/install/robot_msg:${AMENT_PREFIX_PATH} CMAKE_PREFIX_PATH=/home/zph/task/install/robot_msg:/opt/ros/humble LD_LIBRARY_PATH=/home/zph/task/install/robot_msg/lib:/usr/local/cuda/lib64:/usr/local/cuda/lib64:/usr/lib/x86_64-linux-gnu/gazebo-11/plugins:/opt/ros/humble/opt/rviz_ogre_vendor/lib:/opt/ros/humble/lib/x86_64-linux-gnu:/opt/ros/humble/lib:/opt/MVS/lib/64:/opt/MVS/lib/32:/opt/MVS/lib/64:/opt/MVS/lib/32 PYTHONPATH=/home/zph/task/install/robot_msg/local/lib/python3.10/dist-packages:${PYTHONPATH} /usr/bin/cmake --install /home/zph/task/build/ballistic_solver
[4.547s] -- Install configuration: ""
[4.547s] -- Installing: /home/zph/task/install/ballistic_solver/lib/ballistic_solver/solver_node
[4.547s] -- Set runtime path of "/home/zph/task/install/ballistic_solver/lib/ballistic_solver/solver_node" to ""
[4.547s] -- Installing: /home/zph/task/install/ballistic_solver/include
[4.548s] -- Installing: /home/zph/task/install/ballistic_solver/include/ballistic_solver
[4.548s] -- Installing: /home/zph/task/install/ballistic_solver/include/ballistic_solver/ballistic_solver.hpp
[4.548s] -- Installing: /home/zph/task/install/ballistic_solver/include/ballistic_solver/ballistic_solver.hppZone.Identifier
[4.548s] -- Installing: /home/zph/task/install/ballistic_solver/share/ament_index/resource_index/package_run_dependencies/ballistic_solver
[4.548s] -- Installing: /home/zph/task/install/ballistic_solver/share/ament_index/resource_index/parent_prefix_path/ballistic_solver
[4.548s] -- Installing: /home/zph/task/install/ballistic_solver/share/ballistic_solver/environment/ament_prefix_path.sh
[4.548s] -- Installing: /home/zph/task/install/ballistic_solver/share/ballistic_solver/environment/ament_prefix_path.dsv
[4.548s] -- Installing: /home/zph/task/install/ballistic_solver/share/ballistic_solver/environment/path.sh
[4.548s] -- Installing: /home/zph/task/install/ballistic_solver/share/ballistic_solver/environment/path.dsv
[4.549s] -- Installing: /home/zph/task/install/ballistic_solver/share/ballistic_solver/local_setup.bash
[4.549s] -- Installing: /home/zph/task/install/ballistic_solver/share/ballistic_solver/local_setup.sh
[4.549s] -- Installing: /home/zph/task/install/ballistic_solver/share/ballistic_solver/local_setup.zsh
[4.549s] -- Installing: /home/zph/task/install/ballistic_solver/share/ballistic_solver/local_setup.dsv
[4.549s] -- Installing: /home/zph/task/install/ballistic_solver/share/ballistic_solver/package.dsv
[4.549s] -- Installing: /home/zph/task/install/ballistic_solver/share/ament_index/resource_index/packages/ballistic_solver
[4.549s] -- Installing: /home/zph/task/install/ballistic_solver/share/ballistic_solver/cmake/ballistic_solverConfig.cmake
[4.549s] -- Installing: /home/zph/task/install/ballistic_solver/share/ballistic_solver/cmake/ballistic_solverConfig-version.cmake
[4.549s] -- Installing: /home/zph/task/install/ballistic_solver/share/ballistic_solver/package.xml
[4.551s] Invoked command in '/home/zph/task/build/ballistic_solver' returned '0': AMENT_PREFIX_PATH=/home/zph/task/install/robot_msg:${AMENT_PREFIX_PATH} CMAKE_PREFIX_PATH=/home/zph/task/install/robot_msg:/opt/ros/humble LD_LIBRARY_PATH=/home/zph/task/install/robot_msg/lib:/usr/local/cuda/lib64:/usr/local/cuda/lib64:/usr/lib/x86_64-linux-gnu/gazebo-11/plugins:/opt/ros/humble/opt/rviz_ogre_vendor/lib:/opt/ros/humble/lib/x86_64-linux-gnu:/opt/ros/humble/lib:/opt/MVS/lib/64:/opt/MVS/lib/32:/opt/MVS/lib/64:/opt/MVS/lib/32 PYTHONPATH=/home/zph/task/install/robot_msg/local/lib/python3.10/dist-packages:${PYTHONPATH} /usr/bin/cmake --install /home/zph/task/build/ballistic_solver
