[0.012s] Invoking command in '/home/zph/task/build/robot_msg': CMAKE_PREFIX_PATH=${CMAKE_PREFIX_PATH}:/opt/ros/humble /usr/bin/cmake --build /home/zph/task/build/robot_msg -- -j20 -l20
[0.052s] [  2%] Built target robot_msg__cpp
[0.052s] [ 12%] Built target robot_msg__rosidl_generator_c
[0.058s] [ 12%] Built target ament_cmake_python_copy_robot_msg
[0.078s] [ 23%] Built target robot_msg__rosidl_typesupport_introspection_c
[0.078s] [ 33%] Built target robot_msg__rosidl_typesupport_cpp
[0.078s] [ 43%] Built target robot_msg__rosidl_typesupport_fastrtps_c
[0.079s] [ 53%] Built target robot_msg__rosidl_typesupport_fastrtps_cpp
[0.079s] [ 64%] Built target robot_msg__rosidl_typesupport_c
[0.079s] [ 74%] Built target robot_msg__rosidl_typesupport_introspection_cpp
[0.095s] [ 74%] Built target robot_msg
[0.113s] [ 76%] Built target robot_msg__py
[0.138s] [ 84%] Built target robot_msg__rosidl_generator_py
[0.156s] [ 89%] Built target robot_msg__rosidl_typesupport_fastrtps_c__pyext
[0.157s] [ 94%] Built target robot_msg__rosidl_typesupport_introspection_c__pyext
[0.161s] [100%] Built target robot_msg__rosidl_typesupport_c__pyext
[0.279s] running egg_info
[0.280s] writing robot_msg.egg-info/PKG-INFO
[0.280s] writing dependency_links to robot_msg.egg-info/dependency_links.txt
[0.280s] writing top-level names to robot_msg.egg-info/top_level.txt
[0.282s] reading manifest file 'robot_msg.egg-info/SOURCES.txt'
[0.282s] writing manifest file 'robot_msg.egg-info/SOURCES.txt'
[0.305s] [100%] Built target ament_cmake_python_build_robot_msg_egg
[0.319s] Invoked command in '/home/zph/task/build/robot_msg' returned '0': CMAKE_PREFIX_PATH=${CMAKE_PREFIX_PATH}:/opt/ros/humble /usr/bin/cmake --build /home/zph/task/build/robot_msg -- -j20 -l20
[0.328s] Invoking command in '/home/zph/task/build/robot_msg': CMAKE_PREFIX_PATH=${CMAKE_PREFIX_PATH}:/opt/ros/humble /usr/bin/cmake --install /home/zph/task/build/robot_msg
[0.334s] -- Install configuration: ""
[0.334s] -- Up-to-date: /home/zph/task/install/robot_msg/share/ament_index/resource_index/rosidl_interfaces/robot_msg
[0.335s] -- Up-to-date: /home/zph/task/install/robot_msg/include/robot_msg/robot_msg
[0.335s] -- Up-to-date: /home/zph/task/install/robot_msg/include/robot_msg/robot_msg/msg
[0.335s] -- Up-to-date: /home/zph/task/install/robot_msg/include/robot_msg/robot_msg/msg/rosidl_generator_c__visibility_control.h
[0.335s] -- Up-to-date: /home/zph/task/install/robot_msg/include/robot_msg/robot_msg/msg/log_msg.h
[0.335s] -- Up-to-date: /home/zph/task/install/robot_msg/include/robot_msg/robot_msg/msg/gimbal_control_msg.h
[0.335s] -- Up-to-date: /home/zph/task/install/robot_msg/include/robot_msg/robot_msg/msg/detail
[0.335s] -- Up-to-date: /home/zph/task/install/robot_msg/include/robot_msg/robot_msg/msg/detail/log_msg__type_support.h
[0.335s] -- Up-to-date: /home/zph/task/install/robot_msg/include/robot_msg/robot_msg/msg/detail/log_msg__functions.c
[0.335s] -- Up-to-date: /home/zph/task/install/robot_msg/include/robot_msg/robot_msg/msg/detail/gimbal_control_msg__functions.h
[0.335s] -- Up-to-date: /home/zph/task/install/robot_msg/include/robot_msg/robot_msg/msg/detail/gimbal_control_msg__functions.c
[0.335s] -- Up-to-date: /home/zph/task/install/robot_msg/include/robot_msg/robot_msg/msg/detail/gimbal_control_msg__struct.h
[0.335s] -- Up-to-date: /home/zph/task/install/robot_msg/include/robot_msg/robot_msg/msg/detail/log_msg__struct.h
[0.335s] -- Up-to-date: /home/zph/task/install/robot_msg/include/robot_msg/robot_msg/msg/detail/log_msg__functions.h
[0.335s] -- Up-to-date: /home/zph/task/install/robot_msg/include/robot_msg/robot_msg/msg/detail/gimbal_control_msg__type_support.h
[0.335s] -- Up-to-date: /home/zph/task/install/robot_msg/share/robot_msg/environment/library_path.sh
[0.335s] -- Up-to-date: /home/zph/task/install/robot_msg/share/robot_msg/environment/library_path.dsv
[0.335s] -- Up-to-date: /home/zph/task/install/robot_msg/lib/librobot_msg__rosidl_generator_c.so
[0.336s] -- Up-to-date: /home/zph/task/install/robot_msg/include/robot_msg/robot_msg
[0.336s] -- Up-to-date: /home/zph/task/install/robot_msg/include/robot_msg/robot_msg/msg
[0.336s] -- Up-to-date: /home/zph/task/install/robot_msg/include/robot_msg/robot_msg/msg/detail
[0.336s] -- Up-to-date: /home/zph/task/install/robot_msg/include/robot_msg/robot_msg/msg/detail/log_msg__rosidl_typesupport_fastrtps_c.h
[0.336s] -- Up-to-date: /home/zph/task/install/robot_msg/include/robot_msg/robot_msg/msg/detail/gimbal_control_msg__rosidl_typesupport_fastrtps_c.h
[0.336s] -- Up-to-date: /home/zph/task/install/robot_msg/include/robot_msg/robot_msg/msg/rosidl_typesupport_fastrtps_c__visibility_control.h
[0.336s] -- Up-to-date: /home/zph/task/install/robot_msg/lib/librobot_msg__rosidl_typesupport_fastrtps_c.so
[0.336s] -- Up-to-date: /home/zph/task/install/robot_msg/include/robot_msg/robot_msg
[0.336s] -- Up-to-date: /home/zph/task/install/robot_msg/include/robot_msg/robot_msg/msg
[0.336s] -- Up-to-date: /home/zph/task/install/robot_msg/include/robot_msg/robot_msg/msg/rosidl_generator_cpp__visibility_control.hpp
[0.336s] -- Up-to-date: /home/zph/task/install/robot_msg/include/robot_msg/robot_msg/msg/gimbal_control_msg.hpp
[0.336s] -- Up-to-date: /home/zph/task/install/robot_msg/include/robot_msg/robot_msg/msg/detail
[0.336s] -- Up-to-date: /home/zph/task/install/robot_msg/include/robot_msg/robot_msg/msg/detail/log_msg__traits.hpp
[0.336s] -- Up-to-date: /home/zph/task/install/robot_msg/include/robot_msg/robot_msg/msg/detail/log_msg__type_support.hpp
[0.336s] -- Up-to-date: /home/zph/task/install/robot_msg/include/robot_msg/robot_msg/msg/detail/log_msg__builder.hpp
[0.337s] -- Up-to-date: /home/zph/task/install/robot_msg/include/robot_msg/robot_msg/msg/detail/gimbal_control_msg__builder.hpp
[0.337s] -- Up-to-date: /home/zph/task/install/robot_msg/include/robot_msg/robot_msg/msg/detail/log_msg__struct.hpp
[0.337s] -- Up-to-date: /home/zph/task/install/robot_msg/include/robot_msg/robot_msg/msg/detail/gimbal_control_msg__traits.hpp
[0.337s] -- Up-to-date: /home/zph/task/install/robot_msg/include/robot_msg/robot_msg/msg/detail/gimbal_control_msg__type_support.hpp
[0.337s] -- Up-to-date: /home/zph/task/install/robot_msg/include/robot_msg/robot_msg/msg/detail/gimbal_control_msg__struct.hpp
[0.337s] -- Up-to-date: /home/zph/task/install/robot_msg/include/robot_msg/robot_msg/msg/log_msg.hpp
[0.337s] -- Up-to-date: /home/zph/task/install/robot_msg/include/robot_msg/robot_msg
[0.337s] -- Up-to-date: /home/zph/task/install/robot_msg/include/robot_msg/robot_msg/msg
[0.337s] -- Up-to-date: /home/zph/task/install/robot_msg/include/robot_msg/robot_msg/msg/rosidl_typesupport_fastrtps_cpp__visibility_control.h
[0.337s] -- Up-to-date: /home/zph/task/install/robot_msg/include/robot_msg/robot_msg/msg/detail
[0.337s] -- Up-to-date: /home/zph/task/install/robot_msg/include/robot_msg/robot_msg/msg/detail/gimbal_control_msg__rosidl_typesupport_fastrtps_cpp.hpp
[0.337s] -- Up-to-date: /home/zph/task/install/robot_msg/include/robot_msg/robot_msg/msg/detail/dds_fastrtps
[0.337s] -- Up-to-date: /home/zph/task/install/robot_msg/include/robot_msg/robot_msg/msg/detail/log_msg__rosidl_typesupport_fastrtps_cpp.hpp
[0.337s] -- Up-to-date: /home/zph/task/install/robot_msg/lib/librobot_msg__rosidl_typesupport_fastrtps_cpp.so
[0.337s] -- Up-to-date: /home/zph/task/install/robot_msg/include/robot_msg/robot_msg
[0.337s] -- Up-to-date: /home/zph/task/install/robot_msg/include/robot_msg/robot_msg/msg
[0.337s] -- Up-to-date: /home/zph/task/install/robot_msg/include/robot_msg/robot_msg/msg/rosidl_typesupport_introspection_c__visibility_control.h
[0.337s] -- Up-to-date: /home/zph/task/install/robot_msg/include/robot_msg/robot_msg/msg/detail
[0.338s] -- Up-to-date: /home/zph/task/install/robot_msg/include/robot_msg/robot_msg/msg/detail/gimbal_control_msg__rosidl_typesupport_introspection_c.h
[0.338s] -- Up-to-date: /home/zph/task/install/robot_msg/include/robot_msg/robot_msg/msg/detail/log_msg__rosidl_typesupport_introspection_c.h
[0.338s] -- Up-to-date: /home/zph/task/install/robot_msg/include/robot_msg/robot_msg/msg/detail/log_msg__type_support.c
[0.338s] -- Up-to-date: /home/zph/task/install/robot_msg/include/robot_msg/robot_msg/msg/detail/gimbal_control_msg__type_support.c
[0.338s] -- Up-to-date: /home/zph/task/install/robot_msg/lib/librobot_msg__rosidl_typesupport_introspection_c.so
[0.338s] -- Up-to-date: /home/zph/task/install/robot_msg/lib/librobot_msg__rosidl_typesupport_c.so
[0.338s] -- Up-to-date: /home/zph/task/install/robot_msg/include/robot_msg/robot_msg
[0.338s] -- Up-to-date: /home/zph/task/install/robot_msg/include/robot_msg/robot_msg/msg
[0.338s] -- Up-to-date: /home/zph/task/install/robot_msg/include/robot_msg/robot_msg/msg/detail
[0.338s] -- Up-to-date: /home/zph/task/install/robot_msg/include/robot_msg/robot_msg/msg/detail/log_msg__type_support.cpp
[0.338s] -- Up-to-date: /home/zph/task/install/robot_msg/include/robot_msg/robot_msg/msg/detail/log_msg__rosidl_typesupport_introspection_cpp.hpp
[0.338s] -- Up-to-date: /home/zph/task/install/robot_msg/include/robot_msg/robot_msg/msg/detail/gimbal_control_msg__rosidl_typesupport_introspection_cpp.hpp
[0.338s] -- Up-to-date: /home/zph/task/install/robot_msg/include/robot_msg/robot_msg/msg/detail/gimbal_control_msg__type_support.cpp
[0.338s] -- Up-to-date: /home/zph/task/install/robot_msg/lib/librobot_msg__rosidl_typesupport_introspection_cpp.so
[0.338s] -- Up-to-date: /home/zph/task/install/robot_msg/lib/librobot_msg__rosidl_typesupport_cpp.so
[0.338s] -- Up-to-date: /home/zph/task/install/robot_msg/share/robot_msg/environment/pythonpath.sh
[0.338s] -- Up-to-date: /home/zph/task/install/robot_msg/share/robot_msg/environment/pythonpath.dsv
[0.338s] -- Up-to-date: /home/zph/task/install/robot_msg/local/lib/python3.10/dist-packages/robot_msg-0.0.1-py3.10.egg-info
[0.338s] -- Installing: /home/zph/task/install/robot_msg/local/lib/python3.10/dist-packages/robot_msg-0.0.1-py3.10.egg-info/dependency_links.txt
[0.339s] -- Installing: /home/zph/task/install/robot_msg/local/lib/python3.10/dist-packages/robot_msg-0.0.1-py3.10.egg-info/top_level.txt
[0.339s] -- Installing: /home/zph/task/install/robot_msg/local/lib/python3.10/dist-packages/robot_msg-0.0.1-py3.10.egg-info/PKG-INFO
[0.339s] -- Installing: /home/zph/task/install/robot_msg/local/lib/python3.10/dist-packages/robot_msg-0.0.1-py3.10.egg-info/SOURCES.txt
[0.339s] -- Up-to-date: /home/zph/task/install/robot_msg/local/lib/python3.10/dist-packages/robot_msg
[0.339s] -- Up-to-date: /home/zph/task/install/robot_msg/local/lib/python3.10/dist-packages/robot_msg/msg
[0.339s] -- Up-to-date: /home/zph/task/install/robot_msg/local/lib/python3.10/dist-packages/robot_msg/msg/_log_msg.py
[0.339s] -- Up-to-date: /home/zph/task/install/robot_msg/local/lib/python3.10/dist-packages/robot_msg/msg/__init__.py
[0.339s] -- Up-to-date: /home/zph/task/install/robot_msg/local/lib/python3.10/dist-packages/robot_msg/msg/_gimbal_control_msg.py
[0.339s] -- Up-to-date: /home/zph/task/install/robot_msg/local/lib/python3.10/dist-packages/robot_msg/msg/_log_msg_s.c
[0.339s] -- Up-to-date: /home/zph/task/install/robot_msg/local/lib/python3.10/dist-packages/robot_msg/msg/_gimbal_control_msg_s.c
[0.339s] -- Up-to-date: /home/zph/task/install/robot_msg/local/lib/python3.10/dist-packages/robot_msg/_robot_msg_s.ep.rosidl_typesupport_fastrtps_c.c
[0.339s] -- Up-to-date: /home/zph/task/install/robot_msg/local/lib/python3.10/dist-packages/robot_msg/robot_msg_s__rosidl_typesupport_c.cpython-310-x86_64-linux-gnu.so
[0.339s] -- Up-to-date: /home/zph/task/install/robot_msg/local/lib/python3.10/dist-packages/robot_msg/__init__.py
[0.339s] -- Up-to-date: /home/zph/task/install/robot_msg/local/lib/python3.10/dist-packages/robot_msg/robot_msg_s__rosidl_typesupport_introspection_c.cpython-310-x86_64-linux-gnu.so
[0.339s] -- Up-to-date: /home/zph/task/install/robot_msg/local/lib/python3.10/dist-packages/robot_msg/_robot_msg_s.ep.rosidl_typesupport_c.c
[0.339s] -- Up-to-date: /home/zph/task/install/robot_msg/local/lib/python3.10/dist-packages/robot_msg/librobot_msg__rosidl_generator_py.so
[0.339s] -- Up-to-date: /home/zph/task/install/robot_msg/local/lib/python3.10/dist-packages/robot_msg/_robot_msg_s.ep.rosidl_typesupport_introspection_c.c
[0.339s] -- Up-to-date: /home/zph/task/install/robot_msg/local/lib/python3.10/dist-packages/robot_msg/robot_msg_s__rosidl_typesupport_fastrtps_c.cpython-310-x86_64-linux-gnu.so
[0.364s] Listing '/home/zph/task/install/robot_msg/local/lib/python3.10/dist-packages/robot_msg'...
[0.364s] Listing '/home/zph/task/install/robot_msg/local/lib/python3.10/dist-packages/robot_msg/msg'...
[0.368s] -- Up-to-date: /home/zph/task/install/robot_msg/local/lib/python3.10/dist-packages/robot_msg/robot_msg_s__rosidl_typesupport_fastrtps_c.cpython-310-x86_64-linux-gnu.so
[0.368s] -- Up-to-date: /home/zph/task/install/robot_msg/local/lib/python3.10/dist-packages/robot_msg/robot_msg_s__rosidl_typesupport_introspection_c.cpython-310-x86_64-linux-gnu.so
[0.369s] -- Up-to-date: /home/zph/task/install/robot_msg/local/lib/python3.10/dist-packages/robot_msg/robot_msg_s__rosidl_typesupport_c.cpython-310-x86_64-linux-gnu.so
[0.369s] -- Up-to-date: /home/zph/task/install/robot_msg/lib/librobot_msg__rosidl_generator_py.so
[0.369s] -- Up-to-date: /home/zph/task/install/robot_msg/share/robot_msg/msg/LogMsg.idl
[0.369s] -- Up-to-date: /home/zph/task/install/robot_msg/share/robot_msg/msg/GimbalControlMsg.idl
[0.369s] -- Up-to-date: /home/zph/task/install/robot_msg/share/robot_msg/msg/LogMsg.msg
[0.369s] -- Up-to-date: /home/zph/task/install/robot_msg/share/robot_msg/msg/GimbalControlMsg.msg
[0.370s] -- Up-to-date: /home/zph/task/install/robot_msg/share/ament_index/resource_index/package_run_dependencies/robot_msg
[0.370s] -- Up-to-date: /home/zph/task/install/robot_msg/share/ament_index/resource_index/parent_prefix_path/robot_msg
[0.370s] -- Up-to-date: /home/zph/task/install/robot_msg/share/robot_msg/environment/ament_prefix_path.sh
[0.370s] -- Up-to-date: /home/zph/task/install/robot_msg/share/robot_msg/environment/ament_prefix_path.dsv
[0.370s] -- Up-to-date: /home/zph/task/install/robot_msg/share/robot_msg/environment/path.sh
[0.370s] -- Up-to-date: /home/zph/task/install/robot_msg/share/robot_msg/environment/path.dsv
[0.370s] -- Up-to-date: /home/zph/task/install/robot_msg/share/robot_msg/local_setup.bash
[0.370s] -- Up-to-date: /home/zph/task/install/robot_msg/share/robot_msg/local_setup.sh
[0.371s] -- Up-to-date: /home/zph/task/install/robot_msg/share/robot_msg/local_setup.zsh
[0.371s] -- Up-to-date: /home/zph/task/install/robot_msg/share/robot_msg/local_setup.dsv
[0.371s] -- Installing: /home/zph/task/install/robot_msg/share/robot_msg/package.dsv
[0.371s] -- Up-to-date: /home/zph/task/install/robot_msg/share/ament_index/resource_index/packages/robot_msg
[0.371s] -- Up-to-date: /home/zph/task/install/robot_msg/share/robot_msg/cmake/export_robot_msg__rosidl_generator_cExport.cmake
[0.371s] -- Up-to-date: /home/zph/task/install/robot_msg/share/robot_msg/cmake/export_robot_msg__rosidl_generator_cExport-noconfig.cmake
[0.371s] -- Up-to-date: /home/zph/task/install/robot_msg/share/robot_msg/cmake/export_robot_msg__rosidl_typesupport_fastrtps_cExport.cmake
[0.371s] -- Up-to-date: /home/zph/task/install/robot_msg/share/robot_msg/cmake/export_robot_msg__rosidl_typesupport_fastrtps_cExport-noconfig.cmake
[0.371s] -- Up-to-date: /home/zph/task/install/robot_msg/share/robot_msg/cmake/export_robot_msg__rosidl_generator_cppExport.cmake
[0.371s] -- Up-to-date: /home/zph/task/install/robot_msg/share/robot_msg/cmake/export_robot_msg__rosidl_typesupport_fastrtps_cppExport.cmake
[0.372s] -- Up-to-date: /home/zph/task/install/robot_msg/share/robot_msg/cmake/export_robot_msg__rosidl_typesupport_fastrtps_cppExport-noconfig.cmake
[0.372s] -- Up-to-date: /home/zph/task/install/robot_msg/share/robot_msg/cmake/robot_msg__rosidl_typesupport_introspection_cExport.cmake
[0.372s] -- Up-to-date: /home/zph/task/install/robot_msg/share/robot_msg/cmake/robot_msg__rosidl_typesupport_introspection_cExport-noconfig.cmake
[0.372s] -- Up-to-date: /home/zph/task/install/robot_msg/share/robot_msg/cmake/robot_msg__rosidl_typesupport_cExport.cmake
[0.372s] -- Up-to-date: /home/zph/task/install/robot_msg/share/robot_msg/cmake/robot_msg__rosidl_typesupport_cExport-noconfig.cmake
[0.372s] -- Up-to-date: /home/zph/task/install/robot_msg/share/robot_msg/cmake/robot_msg__rosidl_typesupport_introspection_cppExport.cmake
[0.372s] -- Up-to-date: /home/zph/task/install/robot_msg/share/robot_msg/cmake/robot_msg__rosidl_typesupport_introspection_cppExport-noconfig.cmake
[0.372s] -- Up-to-date: /home/zph/task/install/robot_msg/share/robot_msg/cmake/robot_msg__rosidl_typesupport_cppExport.cmake
[0.372s] -- Up-to-date: /home/zph/task/install/robot_msg/share/robot_msg/cmake/robot_msg__rosidl_typesupport_cppExport-noconfig.cmake
[0.372s] -- Up-to-date: /home/zph/task/install/robot_msg/share/robot_msg/cmake/export_robot_msg__rosidl_generator_pyExport.cmake
[0.372s] -- Up-to-date: /home/zph/task/install/robot_msg/share/robot_msg/cmake/export_robot_msg__rosidl_generator_pyExport-noconfig.cmake
[0.372s] -- Up-to-date: /home/zph/task/install/robot_msg/share/robot_msg/cmake/rosidl_cmake-extras.cmake
[0.372s] -- Up-to-date: /home/zph/task/install/robot_msg/share/robot_msg/cmake/ament_cmake_export_dependencies-extras.cmake
[0.372s] -- Up-to-date: /home/zph/task/install/robot_msg/share/robot_msg/cmake/ament_cmake_export_include_directories-extras.cmake
[0.373s] -- Up-to-date: /home/zph/task/install/robot_msg/share/robot_msg/cmake/ament_cmake_export_libraries-extras.cmake
[0.373s] -- Up-to-date: /home/zph/task/install/robot_msg/share/robot_msg/cmake/ament_cmake_export_targets-extras.cmake
[0.373s] -- Up-to-date: /home/zph/task/install/robot_msg/share/robot_msg/cmake/rosidl_cmake_export_typesupport_targets-extras.cmake
[0.373s] -- Up-to-date: /home/zph/task/install/robot_msg/share/robot_msg/cmake/rosidl_cmake_export_typesupport_libraries-extras.cmake
[0.373s] -- Up-to-date: /home/zph/task/install/robot_msg/share/robot_msg/cmake/robot_msgConfig.cmake
[0.373s] -- Up-to-date: /home/zph/task/install/robot_msg/share/robot_msg/cmake/robot_msgConfig-version.cmake
[0.373s] -- Up-to-date: /home/zph/task/install/robot_msg/share/robot_msg/package.xml
[0.374s] Invoked command in '/home/zph/task/build/robot_msg' returned '0': CMAKE_PREFIX_PATH=${CMAKE_PREFIX_PATH}:/opt/ros/humble /usr/bin/cmake --install /home/zph/task/build/robot_msg
